// Initial random seed:
23

// RunInitializeCallbacks():
initializeSLiMModelType(modelType = 'nonWF');
initializeSLiMOptions(dimensionality = 'xy');
initializeTreeSeq();
NUMGENS = 30
W = 50
SIGMA = 1.5
K = 5
A = 0.363636
SD = 1.5
SI = 1.5
SM = 1.5
L = 4
G = 2000000000
FECUN = 0.25
initializeMutationType(1, 0.5, "g", 0, 2);
initializeGenomicElementType(1, m1, 1);
initializeGenomicElement(g1, 0, 1999999999);
initializeMutationRate(0);
initializeRecombinationRate(1e-09);
initializeInteractionType(1, "xy", reciprocal=T, maxDistance=4.5);
initializeInteractionType(2, "xy", reciprocal=T, maxDistance=4.5);

// Starting run at generation <start>:
1 

gen stage pop_size births age density neighbor harm_neigh num_off time
1 early 4545 4545 0 4.9995 4.51957 4.33361 0 0.067082
1 late  3185 3185 0 3.5035 4.64774 4.53565 0 0.06749
2 early 3975 790 0.801258 4.3725 4.35949 4.01639 0.205283 0.136489
2 late  3035 588 0.80626 3.3385 4.48719 4.22393 0.204942 0.136909
3 early 3794 759 1.44491 4.1734 4.45538 3.97011 0.371903 0.201821
3 late  3006 593 1.44844 3.3066 4.55281 4.12032 0.363273 0.20224
4 early 3758 752 1.95849 4.1338 4.58847 4.00785 0.496541 0.268084
4 late  2985 577 1.98124 3.2835 4.66323 4.13415 0.494807 0.268581
5 early 3714 729 2.39607 4.0854 4.7072 4.04049 0.592084 0.33383
5 late  2985 588 2.40335 3.2835 4.79984 4.19858 0.58459 0.334274
6 early 3662 677 2.77417 4.0282 4.79631 4.02008 0.681322 0.399866
6 late  2958 534 2.79953 3.2538 4.86225 4.13694 0.680865 0.400327
7 early 3667 709 3.0649 4.0337 4.94314 4.0622 0.752113 0.467073
7 late  2958 550 3.10041 3.2538 5.00975 4.17336 0.750507 0.467522
8 early 3715 757 3.26487 4.0865 5.10735 4.15259 0.799462 0.536052
8 late  3007 603 3.27702 3.3077 5.1531 4.23605 0.807782 0.536531
9 early 3746 739 3.43326 4.1206 5.25373 4.19495 0.842232 0.607003
9 late  3047 617 3.40171 3.3517 5.31907 4.32812 0.843781 0.607499
10 early 3749 702 3.57749 4.1239 5.30414 4.22131 0.893838 0.681515
10 late  3045 564 3.60493 3.3495 5.36568 4.30186 0.895567 0.682076
11 early 3809 764 3.68128 4.1899 5.49593 4.28662 0.916514 0.759585
11 late  3093 606 3.70934 3.4023 5.51175 4.32176 0.915616 0.760154
12 early 3847 754 3.78633 4.2317 5.54246 4.292 0.935014 0.837304
12 late  3087 597 3.84127 3.3957 5.60469 4.4406 0.943959 0.837849
13 early 3836 749 3.89599 4.2196 5.58143 4.32399 0.962982 0.915837
13 late  3097 599 3.92929 3.4067 5.61456 4.40007 0.973846 0.916417
14 early 3902 805 3.91235 4.2922 5.71505 4.39637 0.958995 0.996146
14 late  3143 628 3.92873 3.4573 5.76058 4.52705 0.968183 0.99673
15 early 3919 776 3.95279 4.3109 5.76862 4.4514 0.981373 1.07902
15 late  3133 627 4.03447 3.4463 5.83402 4.58006 0.989467 1.07965
16 early 3839 706 4.10862 4.2229 5.7599 4.39344 1.01771 1.15868
16 late  3099 562 4.11649 3.4089 5.79485 4.46466 1.01388 1.15926
17 early 3855 756 4.1131 4.2405 5.83973 4.42924 1.00726 1.23925
17 late  3087 602 4.10301 3.3957 5.83674 4.47419 1.01166 1.23989
18 early 3837 750 4.10555 4.2207 5.72462 4.38177 1.01694 1.31903
18 late  3137 591 4.18872 3.4507 5.76577 4.48477 1.0475 1.31965
19 early 3915 778 4.1576 4.3065 5.80483 4.40858 1.03755 1.40055
19 late  3145 611 4.25469 3.4595 5.8557 4.55832 1.062 1.40123
20 early 3919 774 4.21689 4.3109 5.84119 4.46874 1.05435 1.48403
20 late  3131 604 4.28489 3.4441 5.87567 4.54015 1.06484 1.48463
21 early 3865 734 4.28124 4.2515 5.75659 4.42834 1.05692 1.62778
21 late  3087 562 4.33431 3.3957 5.78691 4.46869 1.07094 1.62841
22 early 3881 794 4.24298 4.2691 5.7523 4.38582 1.04741 1.70767
22 late  3138 632 4.2696 3.4518 5.81151 4.51094 1.05386 1.70829
23 early 3880 742 4.26186 4.268 5.80507 4.37145 1.06366 1.78909
23 late  3147 601 4.27677 3.4617 5.84194 4.45852 1.05879 1.7897
24 early 3922 775 4.23406 4.3142 5.85149 4.43824 1.04258 1.87326
24 late  3123 619 4.27794 3.4353 5.89096 4.47643 1.0554 1.87388
25 early 3898 775 4.22858 4.2878 5.86272 4.39329 1.04259 1.95512
25 late  3114 603 4.28805 3.4254 5.89321 4.46198 1.04399 1.9558
26 early 3853 739 4.27381 4.2383 5.81529 4.36064 1.05009 2.04964
26 late  3067 592 4.35311 3.3737 5.79495 4.35941 1.06358 2.05049
27 early 3824 757 4.29341 4.2064 5.70425 4.31521 1.06119 2.14148
27 late  3045 608 4.27586 3.3495 5.72597 4.38054 1.05681 2.14216
28 early 3761 716 4.27147 4.1371 5.58009 4.25315 1.04999 2.2187
28 late  3028 564 4.35601 3.3308 5.58378 4.28112 1.07332 2.21941
29 early 3810 782 4.25669 4.191 5.57216 4.28946 1.05118 2.29674
29 late  3013 622 4.2622 3.3143 5.63292 4.40968 1.07036 2.29736
30 early 3734 721 4.24612 4.1074 5.55145 4.20924 1.05115 2.37258
30 late  3025 581 4.2562 3.3275 5.59532 4.32875 1.06248 2.37317
31 early 3759 734 4.22985 4.1349 5.62835 4.2655 1.06252 2.45058
31 late  2999 562 4.32711 3.2989 5.67826 4.35619 1.0927 2.45134
32 early 3723 724 4.29116 4.0953 5.58274 4.24722 1.07252 2.52898
32 late  3015 573 4.34793 3.3165 5.59835 4.31235 1.0932 2.52961
33 early 3743 728 4.30777 4.1173 5.58973 4.26281 1.08656 2.60559
33 late  3015 588 4.32504 3.3165 5.61221 4.33138 1.08425 2.60621
34 early 3737 722 4.29623 4.1107 5.56205 4.2506 1.07439 2.6816
34 late  3037 603 4.24037 3.3407 5.60011 4.31316 1.07277 2.68221
35 early 3781 744 4.2092 4.1591 5.63316 4.24329 1.06057 2.75862
35 late  3105 602 4.27697 3.4155 5.68444 4.34944 1.08148 2.75926
36 early 3904 799 4.19698 4.2944 5.84914 4.41685 1.06993 2.84201
36 late  3154 647 4.20228 3.4694 5.89633 4.53232 1.07705 2.84287
37 early 3936 782 4.1687 4.3296 5.86567 4.46841 1.0686 2.9282
37 late  3190 631 4.12665 3.509 5.92437 4.56961 1.05987 2.92885
38 early 3960 770 4.1298 4.356 5.95716 4.51898 1.05682 3.01413
38 late  3143 605 4.16481 3.4573 5.97298 4.56823 1.05759 3.01477
39 early 3914 771 4.14742 4.3054 5.86348 4.46923 1.0511 3.09802
39 late  3131 603 4.15905 3.4441 5.92395 4.60042 1.06068 3.09869
40 early 3911 780 4.13015 4.3021 5.98263 4.49427 1.04909 3.18077
40 late  3199 610 4.17412 3.5189 5.99125 4.52078 1.06064 3.18139
41 early 3904 705 4.23975 4.2944 5.88955 4.49537 1.07736 3.2648
41 late  3190 560 4.2768 3.509 5.90656 4.56458 1.09342 3.26546
42 early 3983 793 4.22621 4.3813 6.03919 4.59604 1.07432 3.35011
42 late  3163 631 4.28075 3.4793 6.05132 4.65462 1.09991 3.35076
43 early 3923 760 4.25771 4.3153 5.83078 4.49681 1.08667 3.43303
43 late  3151 605 4.27134 3.4661 5.88453 4.61636 1.09299 3.43365
44 early 3921 770 4.23616 4.3131 5.89749 4.50204 1.07243 3.51519
44 late  3137 599 4.2598 3.4507 5.94503 4.58503 1.07427 3.51585
45 early 3945 808 4.18251 4.3395 5.94442 4.41849 1.04639 3.69783
45 late  3143 643 4.17245 3.4573 5.9613 4.51986 1.03913 3.69852
46 early 3944 801 4.12196 4.3384 5.93491 4.45765 1.01369 3.80047
46 late  3146 624 4.16783 3.4606 5.94583 4.55544 1.02066 3.8022
47 early 3914 768 4.15381 4.3054 5.8359 4.42349 1.01277 3.90996
47 late  3100 607 4.19935 3.41 5.87158 4.51151 1.02387 3.91065
48 early 3840 740 4.1974 4.224 5.74147 4.33831 1.02135 3.99042
48 late  3112 580 4.23201 3.4232 5.77613 4.47053 1.02571 3.99109
49 early 3910 798 4.16419 4.301 5.83482 4.47707 1.03248 4.07115
49 late  3106 629 4.1906 3.4166 5.88503 4.56505 1.0367 4.07179
50 early 3872 766 4.16374 4.2592 5.83326 4.42764 1.0328 4.1512
50 late  3136 605 4.16901 3.4496 5.89356 4.55712 1.05293 4.15186
51 early 3884 748 4.17353 4.2724 5.88786 4.47304 1.05021 4.23661
51 late  3100 573 4.2429 3.41 5.89404 4.50611 1.07 4.23772
52 early 3897 797 4.17064 4.2867 5.84986 4.44667 1.0485 4.32026
52 late  3151 635 4.15963 3.4661 5.8926 4.52661 1.05078 4.32115
53 early 3920 769 4.14745 4.312 5.90409 4.47063 1.0398 4.40362
53 late  3085 606 4.20648 3.3935 5.91467 4.53186 1.05284 4.40453
54 early 3834 749 4.18936 4.2174 5.73666 4.39152 1.04982 4.48151
54 late  3052 585 4.24345 3.3572 5.77667 4.50066 1.06586 4.48241
55 early 3795 743 4.21686 4.1745 5.64249 4.32431 1.06219 4.55847
55 late  3043 584 4.2136 3.3473 5.66728 4.37529 1.06342 4.5594
56 early 3772 729 4.20599 4.1492 5.58594 4.29776 1.06363 4.63551
56 late  3020 582 4.26391 3.322 5.57659 4.33236 1.08212 4.63656
57 early 3756 736 4.23243 4.1316 5.5005 4.30104 1.07907 4.71103
57 late  3025 581 4.26876 3.3275 5.5507 4.39216 1.09488 4.71195
58 early 3799 774 4.19531 4.1789 5.65053 4.33114 1.07002 4.78952
58 late  3019 609 4.18483 3.3209 5.70692 4.44304 1.05664 4.7905
59 early 3723 704 4.20441 4.0953 5.55883 4.24293 1.05882 4.86617
59 late  3033 574 4.19651 3.3363 5.60506 4.29372 1.05836 4.86713
60 early 3811 778 4.13566 4.1921 5.7336 4.37096 1.04067 4.94563
60 late  3100 623 4.11452 3.41 5.7351 4.41187 1.03258 4.94676
61 early 3862 762 4.10539 4.2482 5.77365 4.42509 1.03185 5.0263
61 late  3075 598 4.16098 3.3825 5.83762 4.545 1.04065 5.0274
62 early 3858 783 4.11353 4.2438 5.82705 4.40215 1.01529 5.11407
62 late  3076 626 4.16547 3.3836 5.85416 4.46644 1.03641 5.11519
63 early 3842 766 4.13561 4.2262 5.7835 4.37396 1.04191 5.19836
63 late  3100 603 4.13194 3.41 5.8389 4.51485 1.03516 5.20056
64 early 3857 757 4.12471 4.2427 5.8434 4.47203 1.03915 5.29705
64 late  3109 605 4.1605 3.4199 5.86015 4.54527 1.05404 5.29982
65 early 3901 792 4.11279 4.2911 5.90872 4.54477 1.04512 5.39061
65 late  3144 648 4.11291 3.4584 5.93208 4.57873 1.04707 5.39161
66 early 3858 714 4.16667 4.2438 5.83901 4.46723 1.05702 5.47542
66 late  3093 561 4.23763 3.4023 5.85001 4.51652 1.0666 5.47644
67 early 3834 741 4.22535 4.2174 5.72296 4.37556 1.05477 5.55764
67 late  3086 579 4.26086 3.3946 5.73393 4.39865 1.07453 5.55871
68 early 3833 747 4.23559 4.2163 5.70088 4.33469 1.06679 5.63998
68 late  3071 589 4.26929 3.3781 5.75691 4.45869 1.08466 5.64099
69 early 3762 691 4.30144 4.1382 5.68007 4.30711 1.09729 5.72776
69 late  3039 545 4.30602 3.3429 5.68904 4.33055 1.1234 5.72898
70 early 3818 779 4.22342 4.1998 5.69179 4.32483 1.09455 5.82784
70 late  3040 608 4.28947 3.344 5.72159 4.40409 1.11184 5.82885
71 early 3813 773 4.21715 4.1943 5.73949 4.33918 1.08104 5.9089
71 late  3098 612 4.29277 3.4078 5.77688 4.47631 1.0949 5.90991
72 early 3867 769 4.24024 4.2537 5.83806 4.50444 1.08146 5.99274
72 late  3127 618 4.26575 3.4397 5.90964 4.60706 1.07035 5.99376
73 early 3904 777 4.21773 4.2944 5.98274 4.53196 1.06071 6.07986
73 late  3106 596 4.30908 3.4166 5.99012 4.59465 1.08661 6.08128
74 early 3875 769 4.25548 4.2625 5.9378 4.47087 1.07974 6.27918
74 late  3164 606 4.26612 3.4804 5.95973 4.55582 1.08375 6.2809
75 early 3910 746 4.26138 4.301 5.92835 4.50841 1.07442 6.37096
75 late  3149 581 4.29597 3.4639 5.93044 4.56339 1.10162 6.37206
76 early 3961 812 4.2103 4.3571 5.94988 4.55094 1.07347 6.46103
76 late  3168 646 4.27462 3.4848 5.945 4.59401 1.09722 6.46214
77 early 3962 794 4.21757 4.3582 5.8486 4.50454 1.06663 6.55241
77 late  3199 632 4.26446 3.5189 5.91497 4.60081 1.08847 6.55349
78 early 3977 778 4.2346 4.3747 5.95148 4.54569 1.08247 6.64839
78 late  3178 625 4.2533 3.4958 5.99337 4.61074 1.0793 6.64946
79 early 3987 809 4.18736 4.3857 5.96033 4.51814 1.06521 6.73654
79 late  3205 638 4.1688 3.5255 5.99698 4.65984 1.04368 6.73754
80 early 3979 774 4.16336 4.3769 5.94131 4.54741 1.03619 6.82858
80 late  3180 632 4.18648 3.498 5.96819 4.6239 1.04308 6.82967
81 early 3952 772 4.17333 4.3472 5.88813 4.50781 1.04403 6.9519
81 late  3184 614 4.21734 3.5024 5.93442 4.58658 1.05716 6.95378
82 early 3952 768 4.20344 4.3472 5.96701 4.49388 1.05314 7.06423
82 late  3170 604 4.26751 3.487 5.98105 4.59502 1.0694 7.06575
83 early 4013 843 4.16098 4.4143 5.98498 4.5697 1.04386 7.17614
83 late  3185 652 4.18713 3.5035 6.03091 4.66111 1.05526 7.17879
84 early 3948 763 4.18465 4.3428 5.93373 4.47444 1.04711 7.2996
84 late  3135 596 4.29155 3.4485 5.97359 4.5778 1.07656 7.3019
85 early 3896 761 4.25796 4.2856 5.81416 4.45232 1.07777 7.43024
85 late  3177 615 4.30375 3.4947 5.86838 4.56013 1.07775 7.43176
86 early 3957 780 4.25828 4.3527 5.93682 4.49178 1.05863 7.55169
86 late  3145 638 4.29285 3.4595 5.97187 4.62948 1.06836 7.5532
87 early 3868 723 4.30352 4.2548 5.80236 4.41945 1.07058 7.65596
87 late  3078 576 4.2898 3.3858 5.84472 4.51586 1.0614 7.65748
88 early 3835 757 4.24563 4.2185 5.78906 4.40503 1.05763 7.75593
88 late  3051 590 4.2786 3.3561 5.80206 4.48255 1.07244 7.75745
89 early 3816 765 4.22039 4.1976 5.67813 4.38677 1.08517 7.8658
89 late  3023 592 4.23817 3.3253 5.71616 4.46947 1.07278 7.86736
90 early 3761 738 4.21032 4.1371 5.66967 4.35779 1.0787 7.97117
90 late  3063 585 4.26967 3.3693 5.67777 4.3851 1.08945 7.97266
91 early 3835 772 4.20887 4.2185 5.67444 4.34155 1.06728 8.08189
91 late  3089 621 4.17902 3.3979 5.7039 4.38731 1.06183 8.08388
92 early 3861 772 4.14349 4.2471 5.76781 4.3521 1.0461 8.18638
92 late  3102 597 4.21051 3.4122 5.81496 4.49195 1.06351 8.18772
93 early 3878 776 4.16787 4.2658 5.80528 4.41471 1.04925 8.28734
93 late  3132 628 4.19189 3.4452 5.82931 4.50369 1.04949 8.28843
94 early 3913 781 4.15564 4.3043 5.81979 4.47858 1.03578 8.38206
94 late  3155 621 4.21712 3.4705 5.86165 4.55934 1.05071 8.38358
95 early 3945 790 4.17237 4.3395 5.91995 4.53201 1.04411 8.48075
95 late  3167 628 4.20619 3.4837 5.97417 4.65713 1.03189 8.48208
96 early 3956 789 4.16785 4.3516 6.00621 4.58781 1.01365 8.58076
96 late  3154 629 4.17026 3.4694 6.03346 4.62515 1.01078 8.58248
97 early 3902 748 4.17914 4.2922 5.95489 4.47743 1.02973 8.6792
97 late  3121 595 4.20442 3.4331 5.96723 4.53505 1.04165 8.68026
98 early 3876 755 4.19066 4.2636 5.87777 4.4354 1.03225 8.76857
98 late  3135 612 4.22648 3.4485 5.90904 4.51446 1.0504 8.76969
99 early 3841 706 4.26582 4.2251 5.79085 4.34619 1.06066 8.85661
99 late  3121 577 4.24575 3.4331 5.81592 4.40463 1.05319 8.85764
100 early 3892 771 4.20658 4.2812 5.85607 4.42392 1.03905 8.9453
100 late  3133 607 4.22151 3.4463 5.90829 4.55704 1.0383 8.94677
101 early 3916 783 4.17748 4.3076 6.04595 4.53933 1.02349 9.03737
101 late  3168 638 4.13573 3.4848 6.05216 4.53828 1.01894 9.03807
102 early 3972 804 4.09617 4.3692 6.08826 4.55267 1.02392 9.13007
102 late  3170 633 4.13344 3.487 6.129 4.64466 1.053 9.13074
103 early 3929 759 4.14177 4.3219 6.05172 4.50054 1.05014 9.2243
103 late  3164 598 4.16403 3.4804 6.05162 4.57567 1.05405 9.22515
104 early 3996 832 4.08884 4.3956 6.13214 4.59596 1.02503 9.35107
104 late  3164 649 4.16719 3.4804 6.14033 4.63456 1.04772 9.3524
105 early 3932 768 4.15793 4.3252 5.98022 4.49425 1.04502 9.47878
105 late  3120 622 4.18622 3.432 6.02966 4.62048 1.05513 9.47964
106 early 3875 755 4.17574 4.2625 5.8968 4.4857 1.04723 9.60877
106 late  3103 585 4.2894 3.4133 5.9122 4.50199 1.05704 9.61062
107 early 3839 736 4.27533 4.2229 5.83273 4.4074 1.06278 9.72406
107 late  3074 590 4.36858 3.3814 5.90127 4.54123 1.09206 9.72481
108 early 3839 765 4.29878 4.2229 5.92383 4.43002 1.06721 9.8154
108 late  3071 603 4.33246 3.3781 5.94888 4.48279 1.08629 9.81612
109 early 3824 753 4.28243 4.2064 5.9017 4.40481 1.08081 10.0095
109 late  3063 599 4.31864 3.3693 5.90588 4.44657 1.09141 10.0103
110 early 3840 777 4.24245 4.224 5.89224 4.40967 1.06172 10.0953
110 late  3119 622 4.25713 3.4309 5.86321 4.43068 1.06252 10.096
111 early 3830 711 4.2812 4.213 5.79275 4.34164 1.06789 10.1822
111 late  3104 574 4.25483 3.4144 5.83759 4.42019 1.07313 10.183
112 early 3845 741 4.24213 4.2295 5.86964 4.37213 1.07022 10.2691
112 late  3091 579 4.24943 3.4001 5.88186 4.45208 1.07538 10.27
113 early 3899 808 4.16158 4.2889 5.95301 4.43255 1.04232 10.3571
113 late  3127 630 4.19987 3.4397 5.93768 4.46093 1.04797 10.3579
114 early 3900 773 4.16923 4.29 5.88017 4.40815 1.04179 10.4442
114 late  3096 619 4.13792 3.4056 5.9192 4.55064 1.04264 10.445
115 early 3857 761 4.12419 4.2427 5.79663 4.3854 1.02748 10.529
115 late  3089 592 4.13402 3.3979 5.80424 4.45587 1.01457 10.5297
116 early 3851 762 4.11815 4.2361 5.74736 4.40369 1.02025 10.6145
116 late  3043 601 4.08117 3.3473 5.8056 4.52898 1.00329 10.6152
117 early 3835 792 4.03181 4.2185 5.79692 4.40055 0.977575 10.7085
117 late  3131 642 4.03417 3.4441 5.85305 4.5023 0.972852 10.7093
118 early 3854 723 4.08978 4.2394 5.90399 4.44544 0.992994 10.7951
118 late  3063 573 4.05713 3.3693 5.94776 4.46671 0.975188 10.7959
119 early 3807 744 4.06882 4.1877 5.86262 4.36089 0.980299 10.8795
119 late  3051 586 4.12979 3.3561 5.88387 4.42269 0.988856 10.8804
120 early 3767 716 4.15477 4.1437 5.72614 4.31155 1.00478 10.9623
120 late  3019 579 4.13183 3.3209 5.76576 4.37187 0.992713 10.9631
121 early 3759 740 4.12157 4.1349 5.69734 4.25136 0.99734 11.0443
121 late  3035 575 4.17199 3.3385 5.72877 4.34004 1.00725 11.0451
122 early 3760 725 4.17473 4.136 5.69821 4.29476 1.01649 11.1323
122 late  3032 572 4.21306 3.3352 5.73946 4.37115 1.02737 11.133
123 early 3749 717 4.21606 4.1239 5.70161 4.27745 1.05068 11.2231
123 late  3061 573 4.2411 3.3671 5.72314 4.3719 1.05978 11.2239
124 early 3835 774 4.18331 4.2185 5.75962 4.3804 1.04329 11.3074
124 late  3087 603 4.1908 3.3957 5.79212 4.49689 1.04794 11.3082
125 early 3822 735 4.19257 4.2042 5.74055 4.38732 1.04134 11.3962
125 late  3105 575 4.27343 3.4155 5.74633 4.4614 1.05926 11.397
126 early 3853 748 4.24968 4.2383 5.69385 4.41545 1.04931 11.4819
126 late  3083 582 4.33052 3.3913 5.69034 4.41564 1.04898 11.4827
127 early 3846 763 4.27301 4.2306 5.61406 4.31803 1.04186 11.565
127 late  3108 604 4.23649 3.4188 5.63675 4.39641 1.02188 11.5659
128 early 3832 724 4.24713 4.2152 5.63251 4.31785 1.03392 11.6552
128 late  3104 572 4.28028 3.4144 5.67031 4.40719 1.0364 11.6559
129 early 3848 744 4.25936 4.2328 5.6716 4.33381 1.02677 11.7419
129 late  3114 604 4.25979 3.4254 5.69974 4.38195 1.02922 11.7427
130 early 3872 758 4.23011 4.2592 5.73539 4.34587 1.0297 11.8269
130 late  3127 609 4.25456 3.4397 5.74986 4.38959 1.03582 11.8277
131 early 3879 752 4.23589 4.2669 5.73589 4.38313 1.04254 11.9125
131 late  3136 597 4.30293 3.4496 5.78638 4.52093 1.05804 11.9134
132 early 3889 753 4.27616 4.2779 5.76757 4.45439 1.04063 11.9985
132 late  3092 598 4.21798 3.4012 5.79857 4.53102 1.01649 11.9993
133 early 3850 758 4.19065 4.235 5.72317 4.36485 1.00935 12.0847
133 late  3097 596 4.2567 3.4067 5.78547 4.50251 1.03746 12.0855
134 early 3838 741 4.24179 4.2218 5.75848 4.34626 1.04586 12.1674
134 late  3068 590 4.25196 3.3748 5.79291 4.40741 1.05769 12.1681
135 early 3816 748 4.22248 4.1976 5.75964 4.32333 1.06237 12.247
135 late  3075 597 4.25984 3.3825 5.76912 4.32889 1.06927 12.2478
136 early 3809 734 4.24626 4.1899 5.79322 4.27988 1.06905 12.3277
136 late  3055 570 4.32275 3.3605 5.77414 4.26637 1.08773 12.3284
137 early 3810 755 4.26798 4.191 5.79001 4.30222 1.06903 12.4069
137 late  3072 601 4.30697 3.3792 5.83449 4.39699 1.08822 12.4077
138 early 3821 749 4.26668 4.2031 5.75929 4.29291 1.07406 12.4853
138 late  3045 587 4.28276 3.3495 5.76628 4.36307 1.07947 12.4861
139 early 3784 739 4.25106 4.1624 5.70343 4.31158 1.08747 12.5623
139 late  3093 612 4.23505 3.4023 5.71709 4.37092 1.08438 12.563
140 early 3889 796 4.16354 4.2779 5.79344 4.42844 1.04474 12.6424
140 late  3131 632 4.13318 3.4441 5.83069 4.47557 1.04439 12.6431
141 early 3853 722 4.1713 4.2383 5.77869 4.3734 1.06592 12.7223
141 late  3052 547 4.20478 3.3572 5.82613 4.49033 1.06979 12.7231
142 early 3824 772 4.15403 4.2064 5.75443 4.36259 1.04838 12.8014
142 late  3064 615 4.20007 3.3704 5.77976 4.41414 1.0643 12.8022
143 early 3808 744 4.18409 4.1888 5.74907 4.32025 1.07143 12.8796
143 late  3094 587 4.29153 3.4034 5.74666 4.38636 1.10375 12.8806
144 early 3845 751 4.258 4.2295 5.69241 4.37045 1.0775 12.9612
144 late  3086 595 4.26993 3.3946 5.74112 4.44296 1.06254 12.962
145 early 3790 704 4.29103 4.169 5.63433 4.29354 1.06623 13.0386
145 late  3052 546 4.4017 3.3572 5.66159 4.3771 1.09928 13.0394
146 early 3763 711 4.38108 4.1393 5.59397 4.24779 1.09301 13.1181
146 late  3049 559 4.41456 3.3539 5.61718 4.34648 1.09511 13.1188
147 early 3786 737 4.36054 4.1646 5.58908 4.24681 1.07633 13.1973
147 late  3086 595 4.33668 3.3946 5.64795 4.37866 1.05638 13.1983
148 early 3853 767 4.27433 4.2383 5.71594 4.36842 1.04101 13.2831
148 late  3094 600 4.35811 3.4034 5.76738 4.48552 1.06238 13.2838
149 early 3848 754 4.30821 4.2328 5.75412 4.39807 1.0473 13.3627
149 late  3100 614 4.30839 3.41 5.80577 4.50033 1.04516 13.3635
150 early 3866 766 4.2566 4.2526 5.77163 4.40998 1.04811 13.4436
150 late  3116 608 4.32221 3.4276 5.81167 4.50934 1.0613 13.4444
151 early 3849 733 4.30865 4.2339 5.77944 4.42159 1.05404 13.6455
151 late  3096 578 4.39922 3.4056 5.82021 4.50141 1.07752 13.6462
152 early 3882 786 4.30603 4.2702 5.81522 4.44527 1.06466 13.7248
152 late  3139 629 4.36413 3.4529 5.86304 4.5354 1.07582 13.7255
153 early 3845 706 4.37919 4.2295 5.80381 4.39078 1.0723 13.8056
153 late  3138 552 4.39452 3.4518 5.83018 4.49213 1.07999 13.8063
154 early 3911 773 4.3283 4.3021 5.84266 4.45825 1.07722 13.8874
154 late  3121 611 4.33707 3.4331 5.87819 4.55057 1.06729 13.8882
155 early 3834 713 4.34455 4.2174 5.72742 4.39881 1.06573 13.9671
155 late  3021 554 4.42138 3.3231 5.77784 4.52521 1.07713 13.9684
156 early 3719 698 4.40387 4.0909 5.61853 4.31023 1.0683 14.0514
156 late  3011 557 4.37695 3.3121 5.6378 4.36137 1.06609 14.0522
157 early 3750 739 4.31733 4.125 5.63059 4.31602 1.06987 14.1401
157 late  3038 574 4.33739 3.3418 5.66857 4.3926 1.06945 14.141
158 early 3813 775 4.25256 4.1943 5.68164 4.38031 1.05271 14.2289
158 late  3049 613 4.29551 3.3539 5.73182 4.48368 1.0797 14.2297
159 early 3787 738 4.26353 4.1657 5.68686 4.35986 1.0639 14.3138
159 late  3067 590 4.31464 3.3737 5.76384 4.5064 1.07499 14.3146
160 early 3846 779 4.23817 4.2306 5.92436 4.42032 1.04732 14.3967
160 late  3111 633 4.23562 3.4221 5.94087 4.49007 1.04147 14.3975
161 early 3884 773 4.19361 4.2724 5.98582 4.44826 1.0448 14.4788
161 late  3147 626 4.19098 3.4617 5.99241 4.51926 1.0394 14.4795
162 early 3948 801 4.13779 4.3428 5.98802 4.51082 1.02609 14.562
162 late  3156 623 4.21229 3.4716 6.02103 4.5789 1.03105 14.5628
163 early 3932 776 4.18362 4.3252 5.97288 4.47505 1.02747 14.6455
163 late  3145 630 4.15231 3.4595 6.00791 4.55157 0.994595 14.6462
164 early 3897 752 4.15807 4.2867 5.91965 4.41768 1.00488 14.7284
164 late  3140 601 4.18312 3.454 5.95938 4.52545 1.03312 14.7292
165 early 3881 741 4.19351 4.2691 5.88055 4.43137 1.03685 14.811
165 late  3100 567 4.29097 3.41 5.89925 4.47803 1.06968 14.8117
166 early 3863 763 4.24592 4.2493 5.80793 4.36716 1.05126 14.8911
166 late  3100 608 4.28871 3.41 5.84295 4.43428 1.06129 14.8918
167 early 3844 744 4.26509 4.2284 5.86265 4.34581 1.05567 14.9736
167 late  3055 581 4.33813 3.3605 5.89946 4.43329 1.0802 14.9743
168 early 3821 766 4.26799 4.2031 5.86319 4.38233 1.05889 15.0573
168 late  3060 616 4.29739 3.366 5.90871 4.51136 1.06111 15.0581
169 early 3825 765 4.23791 4.2075 5.93526 4.3629 1.0502 15.138
169 late  3113 604 4.30324 3.4243 5.96804 4.43329 1.05943 15.1387
170 early 3900 787 4.23308 4.29 6.01151 4.40124 1.04897 15.2214
170 late  3116 628 4.23556 3.4276 6.04571 4.56642 1.04589 15.2222
171 early 3909 793 4.17345 4.2999 6.06132 4.52654 1.0417 15.3049
171 late  3141 628 4.20185 3.4551 6.07889 4.57478 1.05858 15.3056
172 early 3857 716 4.23619 4.2427 5.97163 4.45099 1.06145 15.3876
172 late  3098 565 4.24371 3.4078 5.96908 4.50022 1.07166 15.3884
173 early 3815 717 4.25819 4.1965 5.88988 4.3599 1.07523 15.4678
173 late  3052 564 4.30636 3.3572 5.90611 4.41846 1.07634 15.4685
174 early 3787 735 4.27647 4.1657 5.86858 4.35398 1.06021 15.548
174 late  3033 580 4.25288 3.3363 5.84894 4.40057 1.0488 15.5487
175 early 3750 717 4.24853 4.125 5.69731 4.32762 1.04427 15.6268
175 late  3047 592 4.24385 3.3517 5.7158 4.39624 1.05054 15.6275
176 early 3792 745 4.21361 4.1712 5.76229 4.33389 1.05564 15.7052
176 late  3038 586 4.29691 3.3418 5.80947 4.4342 1.08756 15.7059
177 early 3735 697 4.30843 4.1085 5.71255 4.26771 1.08246 15.783
177 late  3057 567 4.31894 3.3627 5.74984 4.35921 1.08799 15.7837
178 early 3814 757 4.26324 4.1954 5.83632 4.38702 1.07866 15.8624
178 late  3072 608 4.19336 3.3792 5.85187 4.43427 1.0612 15.8632
179 early 3800 728 4.19842 4.18 5.80164 4.37808 1.07 15.9424
179 late  3104 591 4.20006 3.4144 5.80206 4.39628 1.05863 15.9431
180 early 3790 686 4.25884 4.169 5.70168 4.31976 1.0686 16.0214
180 late  3080 550 4.2263 3.388 5.71422 4.40718 1.06623 16.0222
181 early 3808 728 4.22715 4.1888 5.74204 4.34147 1.05882 16.1
181 late  3063 578 4.29742 3.3693 5.76112 4.40296 1.06987 16.1008
182 early 3777 714 4.296 4.1547 5.69927 4.28644 1.05904 16.1773
182 late  3111 575 4.34941 3.4221 5.70134 4.34306 1.06332 16.178
183 early 3837 726 4.33724 4.2207 5.79676 4.38868 1.06724 16.2575
183 late  3073 580 4.41035 3.3803 5.81419 4.45788 1.07517 16.2582
184 early 3838 765 4.33194 4.2218 5.74159 4.4325 1.06722 16.3358
184 late  3111 618 4.33365 3.4221 5.76108 4.48813 1.08036 16.3365
185 early 3839 728 4.32222 4.2229 5.73592 4.43291 1.08283 16.4137
185 late  3109 569 4.35478 3.4199 5.76487 4.50793 1.08331 16.4145
186 early 3878 769 4.29293 4.2658 5.79542 4.47606 1.0624 16.493
186 late  3098 589 4.3173 3.4078 5.85596 4.56521 1.06714 16.4938
187 early 3873 775 4.25329 4.2603 5.82371 4.43971 1.04725 16.572
187 late  3120 604 4.31186 3.432 5.82769 4.44616 1.07276 16.5727
188 early 3814 694 4.34531 4.1954 5.68039 4.32575 1.07656 16.6503
188 late  3078 542 4.39376 3.3858 5.70853 4.38926 1.09357 16.6511
189 early 3856 778 4.3055 4.2416 5.72197 4.37073 1.08117 16.7279
189 late  3099 610 4.34398 3.4089 5.74642 4.4898 1.08777 16.7287
190 early 3889 790 4.25842 4.2779 5.81227 4.47313 1.0702 16.808
190 late  3164 641 4.24621 3.4804 5.82258 4.51239 1.07396 16.8087
191 early 3930 766 4.22366 4.323 5.8471 4.48532 1.05547 16.8903
191 late  3176 621 4.23772 3.4936 5.89003 4.55774 1.04786 16.8911
192 early 3904 728 4.26101 4.2944 5.83995 4.45403 1.05328 16.9723
192 late  3149 570 4.38965 3.4639 5.8965 4.59076 1.08415 16.973
193 early 3897 748 4.35514 4.2867 5.90444 4.50251 1.07673 17.0545
193 late  3108 596 4.36905 3.4188 5.96099 4.58798 1.07979 17.0552
194 early 3843 735 4.34218 4.2273 5.80331 4.35476 1.08613 17.1342
194 late  3084 572 4.43936 3.3924 5.81317 4.4108 1.12127 17.135
195 early 3852 768 4.35488 4.2372 5.69976 4.33683 1.09086 17.2115
195 late  3082 599 4.43673 3.3902 5.74721 4.4585 1.09864 17.2123
196 early 3871 789 4.3286 4.2581 5.71896 4.38654 1.06846 17.2919
196 late  3096 628 4.43637 3.4056 5.7784 4.52417 1.08656 17.2926
197 early 3838 742 4.38536 4.2218 5.70583 4.37509 1.08181 17.3709
197 late  3088 586 4.37532 3.3968 5.78249 4.49593 1.08258 17.3716
198 early 3813 725 4.35327 4.1943 5.81561 4.34638 1.07448 17.4494
198 late  3045 574 4.39146 3.3495 5.82491 4.40954 1.07947 17.4502
199 early 3750 705 4.37787 4.125 5.66024 4.29081 1.076 17.5267
199 late  3006 570 4.38989 3.3066 5.68678 4.37102 1.0835 17.5274
200 early 3692 686 4.38841 4.0612 5.59915 4.26573 1.08667 17.6032
200 late  3021 559 4.38464 3.3231 5.60876 4.31676 1.07084 17.604
201 early 3724 703 4.36815 4.0964 5.71297 4.2961 1.05639 17.8243
201 late  3019 568 4.38788 3.3209 5.74757 4.38494 1.04008 17.825
202 early 3793 774 4.28843 4.1723 5.80143 4.37012 1.03586 17.9111
202 late  3068 612 4.29857 3.3748 5.83994 4.48241 1.04531 17.9121
203 early 3774 706 4.30737 4.1514 5.74932 4.32926 1.06253 17.9989
203 late  2993 548 4.38924 3.2923 5.7286 4.33592 1.08219 17.9997
204 early 3706 713 4.3524 4.0766 5.57671 4.25222 1.08419 18.0851
204 late  2995 560 4.40735 3.2945 5.60432 4.33643 1.09783 18.0869
205 early 3704 709 4.3723 4.0744 5.60471 4.26017 1.09449 18.2055
205 late  3030 584 4.38086 3.333 5.6499 4.33754 1.10363 18.2068
206 early 3727 697 4.37456 4.0997 5.69917 4.25232 1.10115 18.3151
206 late  3003 530 4.49917 3.3033 5.73915 4.33307 1.1322 18.3162
207 early 3714 711 4.44642 4.0854 5.75301 4.23517 1.11982 18.4183
207 late  3001 560 4.44952 3.3011 5.72552 4.25843 1.13362 18.4195
208 early 3761 760 4.34831 4.1371 5.6531 4.26612 1.09971 18.5182
208 late  3023 568 4.49156 3.3253 5.69607 4.34963 1.13 18.5196
209 early 3758 735 4.41751 4.1338 5.67152 4.29849 1.10617 18.6184
209 late  3043 582 4.49031 3.3473 5.67016 4.29209 1.12882 18.6196
210 early 3787 744 4.41167 4.1657 5.65133 4.31753 1.10774 18.7087
210 late  3073 589 4.50797 3.3803 5.66583 4.35349 1.13733 18.7098
211 early 3800 727 4.45421 4.18 5.60854 4.3065 1.12289 18.8015
211 late  3041 573 4.54554 3.3451 5.64122 4.37056 1.13515 18.8024
212 early 3800 759 4.43789 4.18 5.71746 4.31596 1.10895 18.8925
212 late  3052 598 4.41219 3.3572 5.74792 4.37533 1.11501 18.8935
213 early 3767 715 4.38492 4.1437 5.67138 4.26011 1.10751 18.9839
213 late  3047 563 4.4936 3.3517 5.69841 4.33194 1.12045 18.9849
214 early 3761 714 4.45068 4.1371 5.66925 4.24 1.10503 19.0756
214 late  3007 564 4.50116 3.3077 5.67751 4.28692 1.12637 19.0765
215 early 3796 789 4.35774 4.1756 5.68576 4.27541 1.07666 19.1675
215 late  3087 641 4.39132 3.3957 5.71243 4.38906 1.07191 19.1684
216 early 3804 717 4.37513 4.1844 5.70236 4.36061 1.08044 19.2706
216 late  3100 585 4.38516 3.41 5.72745 4.42564 1.0771 19.2721
217 early 3848 748 4.33836 4.2328 5.79612 4.42029 1.05899 19.4031
217 late  3135 614 4.32663 3.4485 5.82333 4.51355 1.04912 19.4042
218 early 3876 741 4.30831 4.2636 5.898 4.45123 1.04902 19.5462
218 late  3116 604 4.29846 3.4276 5.92377 4.53854 1.05648 19.5474
219 early 3862 746 4.27499 4.2482 5.90846 4.4462 1.05101 19.6642
219 late  3078 575 4.28168 3.3858 5.95058 4.53477 1.04906 19.6652
220 early 3838 760 4.2358 4.2218 5.86919 4.38724 1.04169 19.766
220 late  3082 599 4.34491 3.3902 5.89572 4.50494 1.06846 19.7669
221 early 3807 725 4.32703 4.1877 5.80883 4.35062 1.07197 19.8693
221 late  3061 563 4.37765 3.3671 5.83919 4.43266 1.08723 19.871
222 early 3755 694 4.38375 4.1305 5.73644 4.29368 1.08282 19.9763
222 late  3047 565 4.32786 3.3517 5.75953 4.34272 1.06498 19.9772
223 early 3814 767 4.25642 4.1954 5.81681 4.37858 1.03487 20.0763
223 late  3045 603 4.19343 3.3495 5.81991 4.39437 1.01445 20.0773
224 early 3784 739 4.17918 4.1624 5.7107 4.33191 1.02008 20.1824
224 late  3045 572 4.19442 3.3495 5.72256 4.41925 1.02463 20.1832
225 early 3779 734 4.1855 4.1569 5.66976 4.28169 1.02567 20.2836
225 late  3072 592 4.19336 3.3792 5.72408 4.45279 1.05599 20.2846
226 early 3800 728 4.19842 4.18 5.74176 4.34251 1.06237 20.386
226 late  3027 575 4.20846 3.3297 5.79117 4.48385 1.07697 20.3869
227 early 3806 779 4.14241 4.1866 5.79226 4.36262 1.04283 20.488
227 late  3104 624 4.17139 3.4144 5.7835 4.39364 1.05896 20.4889
228 early 3863 759 4.15532 4.2493 5.81622 4.40768 1.05566 20.5929
228 late  3110 607 4.15531 3.421 5.82794 4.45084 1.05338 20.5938
229 early 3857 747 4.15686 4.2427 5.74724 4.36593 1.04511 20.6983
229 late  3115 591 4.13933 3.4265 5.75772 4.40815 1.0382 20.6991
230 early 3884 769 4.12178 4.2724 5.74587 4.36963 1.03836 20.8058
230 late  3132 601 4.18742 3.4452 5.78251 4.44284 1.05045 20.8067
