// Initial random seed:
23

// RunInitializeCallbacks():
initializeSLiMModelType(modelType = 'nonWF');
initializeSLiMOptions(dimensionality = 'xy');
initializeTreeSeq();
NUMGENS = 301
BURNIN = 1
W = 50
SIGMA = 4
K = 5
A = 0.363636
SD = 4
SI = 4
SM = 4
L = 4
G = 2000000000
FECUN = 0.25
initializeMutationType(1, 0.5, "g", 0, 2);
initializeGenomicElementType(1, m1, 1);
initializeGenomicElement(g1, 0, 1999999999);
initializeMutationRate(0);
initializeRecombinationRate(1e-09);
initializeInteractionType(1, "xy", reciprocal=T, maxDistance=12);
initializeInteractionType(2, "xy", reciprocal=T, maxDistance=12);

// Starting run at generation <start>:
1 

gen stage pop_size births age density neighbor harm_neigh num_off time
1 early 4545 4545 0 4.9995 3.8253 3.59746 0 0.199105
1 late  2901 2901 0 3.1911 4.06567 3.91475 0 0.199466
2 early 3538 637 0.819955 3.8918 3.4817 3.19692 0.206897 0.415901
2 late  2632 471 0.821049 2.8952 3.65413 3.43925 0.203267 0.416301
3 early 3196 564 1.49969 3.5156 3.45631 3.14289 0.388924 0.597336
3 late  2494 421 1.51363 2.7434 3.57879 3.32731 0.382919 0.597678
4 early 3049 555 2.05608 3.3539 3.48927 3.14977 0.529354 0.767676
4 late  2448 427 2.09069 2.6928 3.58695 3.30702 0.540441 0.768016
5 early 3012 564 2.51195 3.3132 3.54966 3.17189 0.631142 0.935158
5 late  2419 418 2.56304 2.6609 3.65884 3.34266 0.658537 0.935573
6 early 2966 547 2.90593 3.2626 3.5889 3.19228 0.736008 1.11379
6 late  2454 406 3.00896 2.6994 3.68985 3.34427 0.768134 1.11413
7 early 3020 566 3.25762 3.322 3.77667 3.316 0.82649 1.28765
7 late  2458 417 3.36005 2.7038 3.86898 3.47523 0.862083 1.28801
8 early 2973 515 3.60478 3.2703 3.80636 3.31712 0.929701 1.46052
8 late  2405 396 3.68274 2.6455 3.91171 3.4983 0.948857 1.46089
9 early 3012 607 3.73904 3.3132 3.90281 3.36549 0.947875 1.63701
9 late  2469 452 3.86634 2.7159 3.98754 3.50137 0.976104 1.63741
10 early 2996 527 4.01035 3.2956 3.90072 3.333 1.01368 1.82036
10 late  2478 406 4.11663 2.7258 3.9821 3.46529 1.05044 1.82073
11 early 3013 535 4.2081 3.3143 3.91863 3.34142 1.06505 2.00405
11 late  2489 410 4.33949 2.7379 3.9858 3.4782 1.092 2.00445
12 early 3019 530 4.40212 3.3209 3.91353 3.3581 1.11262 2.193
12 late  2473 405 4.53134 2.7203 4.01402 3.54725 1.15042 2.19339
13 early 3053 580 4.48051 3.3583 3.98555 3.41787 1.14379 2.37714
13 late  2498 425 4.64892 2.7478 4.07136 3.58659 1.19015 2.37756
14 early 3024 526 4.66634 3.3264 3.98488 3.40633 1.17229 2.55952
14 late  2463 394 4.85302 2.7093 4.09345 3.57324 1.21275 2.55996
15 early 3040 577 4.74211 3.344 4.06681 3.47092 1.19276 2.74276
15 late  2486 450 4.87611 2.7346 4.1534 3.64188 1.21963 2.74319
16 early 3009 523 4.85477 3.3099 4.04298 3.45732 1.21402 2.92659
16 late  2456 390 5.00204 2.7016 4.11227 3.58163 1.25285 2.92701
17 early 3016 560 4.8876 3.3176 4.00787 3.42541 1.21585 3.11623
17 late  2496 428 5.01723 2.7456 4.10236 3.58797 1.23478 3.11665
18 early 3029 533 4.9584 3.3319 4.01946 3.44212 1.21426 3.30185
18 late  2512 404 5.13654 2.7632 4.1087 3.60625 1.28105 3.30235
19 early 3097 585 4.9774 3.4067 4.16008 3.55719 1.24669 3.49422
19 late  2540 461 5.14567 2.794 4.23898 3.70706 1.28898 3.49478
20 early 3089 549 5.05342 3.3979 4.15512 3.57109 1.26611 3.68696
20 late  2524 412 5.18819 2.7764 4.22818 3.69974 1.30864 3.68747
21 early 3066 542 5.09426 3.3726 4.11279 3.53475 1.29126 3.92355
21 late  2506 408 5.2909 2.7566 4.2026 3.70448 1.35994 3.92408
22 early 3031 525 5.20125 3.3341 4.02911 3.4972 1.34081 4.10801
22 late  2507 396 5.41205 2.7577 4.12933 3.66428 1.39051 4.10857
23 early 3035 528 5.29654 3.3385 4.06551 3.48793 1.34069 4.29296
23 late  2468 402 5.54295 2.7148 4.15602 3.66598 1.41451 4.29349
24 early 3023 555 5.34171 3.3253 4.11554 3.54231 1.36057 4.4769
24 late  2504 424 5.56589 2.7544 4.19511 3.69493 1.41853 4.47742
25 early 3064 560 5.36586 3.3704 4.16717 3.58993 1.35738 4.67161
25 late  2563 455 5.57238 2.8193 4.25413 3.74677 1.41358 4.67223
26 early 3098 535 5.43738 3.4078 4.26244 3.65264 1.36895 4.87126
26 late  2556 423 5.64163 2.8116 4.33829 3.79564 1.42097 4.87183
27 early 3121 565 5.43928 3.4331 4.30622 3.67167 1.37744 5.0885
27 late  2552 438 5.59835 2.8072 4.37004 3.79108 1.42672 5.08946
28 early 3146 594 5.35251 3.4606 4.21741 3.59486 1.35728 5.30721
28 late  2553 454 5.48688 2.8083 4.30854 3.7705 1.38621 5.30788
29 early 3089 536 5.36128 3.3979 4.21664 3.5997 1.34477 5.50673
29 late  2545 407 5.57682 2.7995 4.27948 3.74072 1.39607 5.5073
30 early 3123 578 5.35959 3.4353 4.22617 3.61968 1.34294 5.70883
30 late  2583 443 5.55749 2.8413 4.28785 3.7313 1.40031 5.70939
31 early 3150 567 5.37714 3.465 4.25755 3.63241 1.35143 5.91512
31 late  2607 445 5.55965 2.8677 4.35696 3.81275 1.40506 5.91577
32 early 3160 553 5.41171 3.476 4.3508 3.69063 1.37025 6.14062
32 late  2569 434 5.58817 2.8259 4.44449 3.84824 1.41378 6.14128
33 early 3113 544 5.43688 3.4243 4.29901 3.65319 1.38002 6.35175
33 late  2555 431 5.50763 2.8105 4.36457 3.78672 1.39413 6.35231
34 early 3127 572 5.31724 3.4397 4.27814 3.65411 1.34026 6.55678
34 late  2590 432 5.51081 2.849 4.36077 3.79816 1.38263 6.55746
35 early 3146 556 5.36014 3.4606 4.32109 3.67222 1.34266 6.76811
35 late  2576 432 5.53183 2.8336 4.38792 3.79726 1.39363 6.76872
36 early 3185 609 5.28289 3.5035 4.33686 3.68517 1.32873 6.97985
36 late  2522 459 5.50476 2.7742 4.43531 3.86418 1.40325 6.98043
37 early 3069 547 5.34539 3.3759 4.18437 3.55541 1.34474 7.18669
37 late  2541 414 5.54191 2.7951 4.24277 3.67416 1.39315 7.1873
38 early 3112 571 5.34158 3.4232 4.15473 3.5437 1.3419 7.39042
38 late  2567 436 5.59057 2.8237 4.24527 3.71223 1.41878 7.39106
39 early 3131 564 5.40339 3.4441 4.17872 3.59517 1.37081 7.59771
39 late  2559 434 5.50606 2.8149 4.27372 3.76738 1.38804 7.5983
40 early 3113 554 5.34822 3.4243 4.12808 3.56066 1.34533 7.80169
40 late  2554 409 5.58731 2.8094 4.21321 3.71667 1.40681 7.80231
41 early 3112 558 5.40617 3.4232 4.08824 3.52526 1.35443 8.00694
41 late  2564 418 5.61154 2.8204 4.1842 3.71752 1.41537 8.00753
42 early 3144 580 5.39186 3.4584 4.19099 3.64194 1.36132 8.21627
42 late  2569 435 5.6738 2.8259 4.31072 3.8378 1.43091 8.21697
43 early 3145 576 5.45151 3.4595 4.2275 3.63255 1.36884 8.43194
43 late  2589 447 5.60718 2.8479 4.30211 3.7969 1.40093 8.43259
44 early 3163 574 5.40816 3.4793 4.30571 3.71499 1.33734 8.65261
44 late  2540 435 5.61142 2.794 4.36545 3.83333 1.3685 8.65321
45 early 3088 548 5.43815 3.3968 4.14762 3.54255 1.34424 8.96937
45 late  2550 411 5.72706 2.805 4.2402 3.74011 1.40863 8.97001
46 early 3146 596 5.45264 3.4606 4.20706 3.59527 1.34584 9.17902
46 late  2543 437 5.73889 2.7973 4.30869 3.78907 1.41486 9.17963
47 early 3100 557 5.52806 3.41 4.18919 3.60202 1.36677 9.39143
47 late  2538 429 5.78408 2.7918 4.25561 3.72745 1.43893 9.39296
48 early 3125 587 5.50976 3.4375 4.18296 3.60963 1.37344 9.63924
48 late  2578 473 5.71528 2.8358 4.24983 3.74999 1.42552 9.64
49 early 3139 561 5.51513 3.4529 4.10977 3.52816 1.37974 9.86186
49 late  2543 397 5.7735 2.7973 4.23464 3.73438 1.43492 9.86259
50 early 3061 518 5.62725 3.3671 4.07519 3.48297 1.39334 10.0796
50 late  2509 385 5.83978 2.7599 4.17765 3.68091 1.444 10.0802
51 early 3005 496 5.71082 3.3055 4.10717 3.52957 1.41298 10.2937
51 late  2508 381 5.88238 2.7588 4.17761 3.66817 1.45973 10.2949
52 early 3072 564 5.61882 3.3792 4.18509 3.61537 1.3916 10.5102
52 late  2547 441 5.883 2.8017 4.25999 3.74715 1.45465 10.5111
53 early 3091 544 5.67163 3.4001 4.19793 3.60934 1.41572 10.7728
53 late  2541 408 5.85163 2.7951 4.29132 3.77544 1.46714 10.7736
54 early 3095 554 5.6252 3.4045 4.18684 3.57325 1.40162 11.07
54 late  2549 428 5.84111 2.8039 4.27222 3.75467 1.46724 11.0709
55 early 3127 578 5.57659 3.4397 4.18553 3.59768 1.39623 11.3115
55 late  2587 439 5.76807 2.8457 4.26377 3.74018 1.44994 11.3123
56 early 3166 579 5.53032 3.4826 4.20232 3.62997 1.3825 11.5415
56 late  2581 437 5.76404 2.8391 4.28813 3.78007 1.44014 11.5425
57 early 3174 593 5.50032 3.4914 4.22127 3.64541 1.35696 11.7603
57 late  2595 446 5.76647 2.8545 4.31219 3.80838 1.42312 11.7612
58 early 3131 536 5.60811 3.4441 4.1316 3.5935 1.38614 11.9763
58 late  2577 404 5.86302 2.8347 4.23206 3.76472 1.44897 11.9772
59 early 3120 543 5.66859 3.432 4.17724 3.60023 1.40417 12.1989
59 late  2555 416 5.96321 2.8105 4.27732 3.76842 1.48376 12.1998
60 early 3101 546 5.73718 3.4111 4.2196 3.59431 1.41857 12.4168
60 late  2545 411 5.88919 2.7995 4.28904 3.72484 1.46169 12.4177
61 early 3165 620 5.53965 3.4815 4.26192 3.63632 1.394 12.6434
61 late  2545 444 5.87544 2.7995 4.36196 3.82726 1.46916 12.6446
62 early 3096 551 5.65181 3.4056 4.21262 3.60406 1.4186 12.9829
62 late  2539 409 5.84797 2.7929 4.29978 3.76087 1.47145 12.984
63 early 3097 558 5.61414 3.4067 4.22121 3.58906 1.40103 13.2118
63 late  2513 436 5.81616 2.7643 4.31304 3.73289 1.44489 13.2126
64 early 3046 533 5.62344 3.3506 4.17748 3.53193 1.40709 13.4275
64 late  2505 403 5.79521 2.7555 4.26298 3.69323 1.44192 13.4282
65 early 3059 554 5.56456 3.3649 4.18427 3.55063 1.37529 13.6391
65 late  2512 431 5.76075 2.7632 4.25349 3.67728 1.41401 13.6397
66 early 3065 553 5.54095 3.3715 4.12572 3.53039 1.36509 13.8508
66 late  2509 433 5.72977 2.7599 4.22792 3.70798 1.4177 13.8515
67 early 3084 575 5.47503 3.3924 4.1807 3.58376 1.35538 14.0785
67 late  2533 459 5.68141 2.7863 4.24837 3.71687 1.41058 14.0796
68 early 3096 563 5.46641 3.4056 4.14472 3.5425 1.36079 14.327
68 late  2518 426 5.6672 2.7698 4.23807 3.70574 1.39952 14.3278
69 early 3075 557 5.45951 3.3825 4.1273 3.5304 1.35382 14.5424
69 late  2492 407 5.67697 2.7412 4.21607 3.67828 1.39205 14.5432
70 early 3038 546 5.47696 3.3418 4.07536 3.46525 1.35253 14.7578
70 late  2483 416 5.68385 2.7313 4.1676 3.64035 1.39629 14.7586
71 early 3023 540 5.48991 3.3253 4.08072 3.46624 1.36322 14.973
71 late  2471 420 5.66248 2.7181 4.15224 3.61157 1.41967 14.9738
72 early 3030 559 5.43333 3.333 4.0753 3.47983 1.36568 15.2062
72 late  2494 413 5.69567 2.7434 4.16595 3.64924 1.415 15.2069
73 early 3043 549 5.48768 3.3473 4.13081 3.5253 1.35886 15.4218
73 late  2489 430 5.68863 2.7379 4.22403 3.69174 1.41462 15.4225
74 early 3042 553 5.47272 3.3462 4.13007 3.50629 1.36292 15.8079
74 late  2462 414 5.67669 2.7082 4.2227 3.69804 1.43054 15.8086
75 early 3040 578 5.40724 3.344 4.13447 3.53324 1.36382 16.0206
75 late  2494 432 5.65477 2.7434 4.23291 3.71934 1.43063 16.0215
76 early 3012 518 5.51029 3.3132 4.13776 3.53854 1.38579 16.2409
76 late  2478 380 5.76513 2.7258 4.22411 3.69485 1.4427 16.2417
77 early 3038 560 5.5181 3.3418 4.14955 3.5506 1.36899 16.4577
77 late  2467 426 5.65302 2.7137 4.21923 3.68553 1.40089 16.4586
78 early 3017 550 5.44017 3.3187 4.05614 3.48604 1.35963 16.6728
78 late  2462 425 5.60885 2.7082 4.13958 3.65109 1.39521 16.6735
79 early 3006 544 5.41284 3.3066 4.06457 3.50214 1.34664 16.8859
79 late  2512 442 5.56131 2.7632 4.13359 3.61631 1.38694 16.8866
80 early 3097 585 5.32192 3.4067 4.14576 3.58755 1.33775 17.1221
80 late  2536 453 5.54692 2.7896 4.23756 3.73378 1.39629 17.1228
81 early 3145 609 5.27917 3.4595 4.21506 3.60473 1.3186 17.3566
81 late  2565 459 5.59025 2.8215 4.29296 3.73434 1.39766 17.3574
82 early 3108 543 5.43887 3.4188 4.16986 3.56894 1.36422 17.5895
82 late  2562 428 5.63466 2.8182 4.24934 3.70855 1.40945 17.5903
83 early 3093 531 5.49564 3.4023 4.16127 3.53283 1.38506 17.8191
83 late  2551 412 5.7107 2.8061 4.22206 3.66735 1.42846 17.8199
84 early 3129 578 5.47108 3.4419 4.16782 3.55037 1.35954 18.0558
84 late  2571 412 5.7499 2.8281 4.24789 3.7066 1.43135 18.0565
85 early 3139 568 5.52851 3.4529 4.12932 3.55047 1.37846 18.3013
85 late  2553 418 5.76733 2.8083 4.22719 3.72611 1.45123 18.3021
86 early 3057 504 5.65162 3.3627 4.0603 3.47276 1.41609 18.5315
86 late  2496 391 5.79447 2.7456 4.14943 3.6199 1.45433 18.5322
87 early 3035 539 5.58781 3.3385 4.01958 3.42533 1.42339 18.7508
87 late  2482 391 5.87591 2.7302 4.09964 3.57204 1.4996 18.7516
88 early 3068 586 5.56258 3.3748 4.0644 3.47763 1.397 19.0215
88 late  2543 467 5.66339 2.7973 4.14079 3.60576 1.40071 19.0222
89 early 3083 540 5.49627 3.3913 4.10373 3.49791 1.35323 19.2728
89 late  2514 401 5.62411 2.7654 4.2188 3.68672 1.37709 19.2736
90 early 3086 572 5.39631 3.3946 4.17804 3.54543 1.32728 19.5139
90 late  2528 425 5.58465 2.7808 4.24167 3.67389 1.37025 19.5148
91 early 3069 541 5.42392 3.3759 4.12715 3.52734 1.33757 19.7533
91 late  2522 414 5.58684 2.7742 4.21286 3.66077 1.38739 19.7541
92 early 3116 594 5.33119 3.4276 4.16534 3.56977 1.33697 19.9965
92 late  2531 465 5.53852 2.7841 4.25588 3.72158 1.39036 19.9973
93 early 3083 552 5.36782 3.3913 4.07379 3.51173 1.33798 20.2365
93 late  2537 429 5.51991 2.7907 4.15486 3.64948 1.37958 20.2373
94 early 3064 527 5.3985 3.3704 3.9995 3.47672 1.33975 20.4722
94 late  2493 405 5.57722 2.7423 4.08614 3.63205 1.3919 20.473
95 early 3068 575 5.34452 3.3748 4.03969 3.50391 1.33409 20.7064
95 late  2498 451 5.40392 2.7478 4.10906 3.62309 1.34388 20.7072
96 early 3085 587 5.18541 3.3935 4.06264 3.49356 1.26937 20.9458
96 late  2535 440 5.45207 2.7885 4.14612 3.65311 1.32426 20.9466
97 early 3078 543 5.31384 3.3858 4.04603 3.48879 1.28915 21.1865
97 late  2531 416 5.54445 2.7841 4.11732 3.62803 1.35954 21.1871
98 early 3084 553 5.37095 3.3924 4.04515 3.48899 1.32717 21.4259
98 late  2521 427 5.58866 2.7731 4.14841 3.66188 1.37525 21.4267
99 early 3122 601 5.32031 3.4342 4.1133 3.55101 1.31198 21.657
99 late  2569 469 5.53756 2.8259 4.20984 3.73479 1.35928 21.6578
100 early 3135 566 5.35726 3.4485 4.18748 3.61417 1.30431 21.8932
100 late  2551 427 5.5982 2.8061 4.26275 3.74138 1.34496 21.8941
101 early 3130 579 5.37764 3.443 4.13797 3.56139 1.30671 22.1331
101 late  2551 420 5.58212 2.8061 4.25711 3.75428 1.36652 22.1336
102 early 3090 539 5.43398 3.399 4.19168 3.55809 1.34401 22.3659
102 late  2529 411 5.62594 2.7819 4.28297 3.73247 1.39225 22.3665
103 early 3082 553 5.43705 3.3902 4.13792 3.53456 1.34653 22.5995
103 late  2520 403 5.70913 2.772 4.22871 3.69525 1.41587 22.5999
104 early 3114 594 5.42935 3.4254 4.17786 3.57013 1.34425 22.8334
104 late  2564 450 5.69306 2.8204 4.25439 3.72476 1.40367 22.834
105 early 3155 591 5.4393 3.4705 4.19023 3.60689 1.35182 23.0826
105 late  2597 440 5.67616 2.8567 4.28959 3.76918 1.40701 23.0833
106 early 3181 584 5.45049 3.4991 4.21926 3.6307 1.34517 23.3312
106 late  2567 438 5.60343 2.8237 4.32997 3.82735 1.38527 23.3317
107 early 3136 569 5.40529 3.4496 4.2134 3.64344 1.33546 23.5705
107 late  2583 434 5.57491 2.8413 4.2848 3.78519 1.36043 23.5711
108 early 3139 556 5.41032 3.4529 4.17396 3.61299 1.32017 23.8227
108 late  2532 417 5.58491 2.7852 4.26769 3.77894 1.38152 23.8235
109 early 3067 535 5.43626 3.3737 4.1287 3.55221 1.34757 24.352
109 late  2543 419 5.66732 2.7973 4.20755 3.67355 1.39206 24.3527
110 early 3163 620 5.36042 3.4793 4.24779 3.63343 1.3171 24.596
110 late  2590 478 5.60927 2.849 4.35067 3.81016 1.37568 24.5967
111 early 3150 560 5.43429 3.465 4.24149 3.59209 1.34762 24.8446
111 late  2554 426 5.61785 2.8094 4.331 3.74932 1.39037 24.8453
112 early 3180 626 5.31509 3.498 4.28031 3.62824 1.3305 25.0999
112 late  2567 475 5.48539 2.8237 4.39649 3.8309 1.36502 25.1006
113 early 3142 575 5.29854 3.4562 4.24478 3.58472 1.33164 25.3588
113 late  2529 425 5.47805 2.7819 4.32097 3.74246 1.37762 25.3595
114 early 3110 581 5.26785 3.421 4.21063 3.61738 1.32701 25.6
114 late  2548 457 5.49725 2.8028 4.30135 3.78491 1.37794 25.6006
115 early 3148 600 5.25889 3.4628 4.21601 3.6205 1.31607 25.8441
115 late  2592 457 5.39699 2.8512 4.30058 3.7669 1.3561 25.8448
116 early 3184 592 5.2076 3.5024 4.24437 3.65127 1.30905 26.1103
116 late  2587 443 5.30035 2.8457 4.34001 3.81719 1.32315 26.1111
117 early 3199 612 5.09503 3.5189 4.25522 3.62732 1.26477 26.3615
117 late  2589 452 5.26033 2.8479 4.38651 3.8652 1.31981 26.3623
118 early 3147 558 5.1503 3.4617 4.30216 3.68482 1.29584 26.6131
118 late  2608 429 5.37615 2.8688 4.38432 3.83484 1.35775 26.6139
119 early 3222 614 5.16108 3.5442 4.40178 3.76786 1.30944 26.8726
119 late  2622 463 5.37376 2.8842 4.49263 3.92325 1.36232 26.8734
120 early 3227 605 5.1788 3.5497 4.36448 3.73175 1.29563 27.1557
120 late  2641 461 5.37031 2.9051 4.46956 3.90254 1.35517 27.1566
121 early 3230 589 5.20867 3.553 4.38612 3.75975 1.32167 27.419
121 late  2648 447 5.37387 2.9128 4.48799 3.93801 1.36405 27.4198
122 early 3217 569 5.2465 3.5387 4.34483 3.68506 1.33261 27.6826
122 late  2673 428 5.43434 2.9403 4.43771 3.86733 1.38683 27.6833
123 early 3268 595 5.26285 3.5948 4.38632 3.77506 1.33507 27.9526
123 late  2654 441 5.448 2.9194 4.4853 3.94315 1.38244 27.9534
124 early 3204 550 5.34114 3.5244 4.32934 3.70771 1.34551 28.2247
124 late  2622 418 5.57056 2.8842 4.43596 3.87871 1.40084 28.2255
125 early 3195 573 5.39218 3.5145 4.34598 3.68884 1.3493 28.4854
125 late  2602 430 5.58263 2.8622 4.45094 3.86681 1.38278 28.4861
126 early 3208 606 5.33915 3.5288 4.33453 3.67386 1.31546 28.7502
126 late  2624 457 5.54268 2.8864 4.41055 3.82839 1.36738 28.751
127 early 3224 600 5.32506 3.5464 4.34142 3.71764 1.31266 29.0184
127 late  2630 464 5.51711 2.893 4.43033 3.87041 1.36274 29.0191
128 early 3221 591 5.32133 3.5431 4.32319 3.68491 1.31419 29.2884
128 late  2653 454 5.53675 2.9183 4.42611 3.85879 1.36826 29.2892
129 early 3262 609 5.31637 3.5882 4.41973 3.76846 1.31974 29.5579
129 late  2654 458 5.54145 2.9194 4.51557 3.94095 1.38546 29.5588
130 early 3283 629 5.28815 3.6113 4.41251 3.79599 1.30704 29.8316
130 late  2677 493 5.46769 2.9447 4.48687 3.94604 1.35786 29.8324
131 early 3271 594 5.29318 3.5981 4.39999 3.804 1.31856 30.1074
131 late  2691 471 5.40134 2.9601 4.50546 3.98423 1.33445 30.1081
132 early 3261 570 5.28243 3.5871 4.40425 3.81056 1.30083 30.3902
132 late  2669 431 5.5163 2.9359 4.5142 3.97309 1.3683 30.3909
133 early 3273 604 5.31378 3.6003 4.444 3.79567 1.3257 30.6689
133 late  2649 446 5.51416 2.9139 4.56027 3.98648 1.36429 30.6697
134 early 3237 588 5.33086 3.5607 4.45508 3.74409 1.31789 30.9423
134 late  2635 438 5.52562 2.8985 4.53353 3.93157 1.38254 30.943
135 early 3253 618 5.28589 3.5783 4.45705 3.76371 1.32493 31.2375
135 late  2635 469 5.45275 2.8985 4.54097 3.93406 1.36964 31.2383
136 early 3218 583 5.28372 3.5398 4.35506 3.69024 1.33126 31.5066
136 late  2615 433 5.49637 2.8765 4.47131 3.88264 1.37667 31.5074
137 early 3213 598 5.28727 3.5343 4.4486 3.76151 1.31839 31.7819
137 late  2630 465 5.41901 2.893 4.52743 3.91289 1.35703 31.7827
138 early 3181 551 5.30714 3.4991 4.40566 3.71814 1.32254 32.0569
138 late  2626 423 5.41775 2.8886 4.50712 3.9173 1.35263 32.0577
139 early 3191 565 5.28142 3.5101 4.4138 3.74283 1.31275 32.3343
139 late  2577 423 5.48273 2.8347 4.51217 3.92289 1.36826 32.3351
140 early 3162 585 5.28336 3.4782 4.38148 3.68393 1.32258 32.6042
140 late  2556 427 5.52856 2.8116 4.4465 3.8475 1.3928 32.605
141 early 3130 574 5.33131 3.443 4.28555 3.65379 1.33514 32.8758
141 late  2567 435 5.46591 2.8237 4.37477 3.80865 1.38255 32.8767
142 early 3121 554 5.31817 3.4331 4.27326 3.61788 1.35277 33.1559
142 late  2554 412 5.56578 2.8094 4.3562 3.75921 1.40172 33.1567
143 early 3118 564 5.37813 3.4298 4.26873 3.6098 1.34958 33.4175
143 late  2576 428 5.6087 2.8336 4.34737 3.75428 1.4111 33.4183
144 early 3177 601 5.35851 3.4947 4.29929 3.67046 1.35159 33.6842
144 late  2610 470 5.55364 2.871 4.40303 3.86044 1.39502 33.685
145 early 3216 606 5.31872 3.5376 4.41583 3.78064 1.3296 33.9597
145 late  2610 467 5.48736 2.871 4.48388 3.91947 1.37203 33.9605
146 early 3200 590 5.29125 3.52 4.34479 3.70783 1.31344 34.2341
146 late  2624 453 5.45427 2.8864 4.43993 3.88856 1.34489 34.2349
147 early 3196 572 5.29912 3.5156 4.33134 3.72351 1.32103 34.5065
147 late  2635 441 5.47932 2.8985 4.41629 3.85668 1.36319 34.5073
148 early 3236 601 5.27596 3.5596 4.3889 3.74431 1.31304 34.7858
148 late  2658 466 5.48721 2.9238 4.47944 3.91335 1.36907 34.7866
149 early 3249 591 5.30717 3.5739 4.40775 3.77717 1.31948 35.0791
149 late  2667 449 5.55231 2.9337 4.50413 3.96122 1.38733 35.0798
150 early 3258 591 5.36372 3.5838 4.46829 3.83485 1.33794 35.3781
150 late  2649 447 5.62778 2.9139 4.54419 3.97101 1.41525 35.3789
151 early 3214 565 5.46266 3.5354 4.40313 3.77546 1.36994 36.0223
151 late  2584 435 5.613 2.8424 4.46916 3.91719 1.4168 36.0231
152 early 3135 551 5.45072 3.4485 4.25032 3.66298 1.38692 36.3215
152 late  2586 415 5.63728 2.8446 4.33903 3.82206 1.4273 36.3223
153 early 3157 571 5.43681 3.4727 4.2842 3.66396 1.38391 36.5909
153 late  2629 435 5.64739 2.8919 4.39418 3.86135 1.43819 36.5917
154 early 3221 592 5.42564 3.5431 4.42303 3.78975 1.37721 36.8725
154 late  2639 468 5.62599 2.9029 4.50568 3.94862 1.43994 36.8734
155 early 3220 581 5.43043 3.542 4.44903 3.81799 1.37516 37.1566
155 late  2614 447 5.68822 2.8754 4.52613 3.95741 1.44989 37.1574
156 early 3179 565 5.49953 3.4969 4.36336 3.75307 1.39541 37.4319
156 late  2599 434 5.74259 2.8589 4.45348 3.91294 1.45402 37.4327
157 early 3168 569 5.53157 3.4848 4.31952 3.72034 1.39236 37.7059
157 late  2574 424 5.75253 2.8314 4.41757 3.89195 1.45688 37.7067
158 early 3163 589 5.4951 3.4793 4.33721 3.70545 1.38413 37.9776
158 late  2606 453 5.7713 2.8666 4.42415 3.87411 1.46355 37.9784
159 early 3178 572 5.55255 3.4958 4.34691 3.71405 1.38798 38.2545
159 late  2608 442 5.71779 2.8688 4.42235 3.84135 1.43175 38.2553
160 early 3185 577 5.50078 3.5035 4.28387 3.66715 1.35887 38.5424
160 late  2632 431 5.7709 2.8952 4.38149 3.83667 1.42325 38.5432
161 early 3195 563 5.57778 3.5145 4.28128 3.6547 1.38122 38.8397
161 late  2615 417 5.91549 2.8765 4.38142 3.82485 1.45927 38.8408
162 early 3206 591 5.64067 3.5266 4.34885 3.67807 1.38085 39.1362
162 late  2589 438 5.93279 2.8479 4.44497 3.85492 1.45307 39.1373
163 early 3144 555 5.70897 3.4584 4.32601 3.70504 1.39917 39.4266
163 late  2616 442 5.90902 2.8776 4.39652 3.82842 1.45833 39.4276
164 early 3213 597 5.62527 3.5343 4.34721 3.69414 1.39216 39.711
164 late  2628 457 5.88432 2.8908 4.44451 3.86424 1.45205 39.712
165 early 3193 565 5.66614 3.5123 4.33237 3.66148 1.39994 39.9967
165 late  2608 432 5.80445 2.8688 4.41508 3.83528 1.43213 39.9977
166 early 3150 542 5.63365 3.465 4.28913 3.66246 1.40032 40.2881
166 late  2600 427 5.82385 2.86 4.37711 3.83439 1.45231 40.2893
167 early 3188 588 5.56524 3.5068 4.3518 3.71789 1.38645 40.5709
167 late  2546 447 5.8209 2.8006 4.45437 3.88676 1.45326 40.5718
168 early 3122 576 5.56246 3.4342 4.2806 3.63588 1.38917 40.8478
168 late  2544 428 5.86439 2.7984 4.37881 3.82304 1.46108 40.8487
169 early 3090 546 5.65146 3.399 4.23829 3.60558 1.40874 41.1449
169 late  2513 388 5.86988 2.7643 4.32672 3.78726 1.46996 41.1459
170 early 3098 585 5.57263 3.4078 4.26101 3.59188 1.38961 41.4217
170 late  2550 442 5.73098 2.805 4.34939 3.76199 1.42745 41.4226
171 early 3122 572 5.49776 3.4342 4.30703 3.66372 1.35939 41.7004
171 late  2538 432 5.75887 2.7918 4.38596 3.80816 1.42632 41.7012
172 early 3085 547 5.56045 3.3935 4.2431 3.59075 1.38768 41.9735
172 late  2529 422 5.74259 2.7819 4.31792 3.74576 1.44484 41.9742
173 early 3109 580 5.48472 3.4199 4.21439 3.58174 1.37504 42.2541
173 late  2546 442 5.7176 2.8006 4.27972 3.72032 1.4293 42.2548
174 early 3132 586 5.46073 3.4452 4.17935 3.56379 1.35185 42.5383
174 late  2575 429 5.7068 2.8325 4.29867 3.76288 1.42524 42.5391
175 early 3114 539 5.54592 3.4254 4.21933 3.60251 1.39435 42.8158
175 late  2561 425 5.70715 2.8171 4.31907 3.77144 1.44358 42.8166
176 early 3149 588 5.45475 3.4639 4.30398 3.68668 1.36742 43.0957
176 late  2554 453 5.63587 2.8094 4.37113 3.81904 1.40799 43.0965
177 early 3121 567 5.43031 3.4331 4.19688 3.59786 1.36302 43.3701
177 late  2518 424 5.67712 2.7698 4.29691 3.78882 1.42812 43.3709
178 early 3072 554 5.47298 3.3792 4.15025 3.56277 1.375 43.6375
178 late  2501 431 5.66773 2.7511 4.22166 3.71515 1.42023 43.6383
179 early 3059 558 5.45145 3.3649 4.11127 3.54776 1.35567 43.9012
179 late  2484 418 5.59098 2.7324 4.20686 3.7253 1.39815 43.902
180 early 2985 501 5.48476 3.2835 4.00871 3.44609 1.37085 44.2036
180 late  2452 368 5.74755 2.6972 4.09103 3.60651 1.44535 44.2042
181 early 2966 514 5.57822 3.2626 3.96997 3.44457 1.39481 44.4621
181 late  2498 403 5.70697 2.7478 4.02857 3.54722 1.42234 44.4629
182 early 3047 549 5.49852 3.3517 4.07577 3.53056 1.3702 44.7288
182 late  2490 418 5.76747 2.739 4.19104 3.7276 1.43213 44.7295
183 early 3041 551 5.54127 3.3451 4.0809 3.5365 1.36205 44.9954
183 late  2528 432 5.76424 2.7808 4.14649 3.65216 1.43354 44.9961
184 early 3080 552 5.55195 3.388 4.0771 3.55282 1.38052 45.2818
184 late  2510 430 5.77012 2.761 4.16428 3.71549 1.45857 45.2826
185 early 3053 543 5.566 3.3583 4.0347 3.52671 1.39502 45.5462
185 late  2545 423 5.70923 2.7995 4.10993 3.66021 1.43536 45.547
186 early 3084 539 5.53664 3.3924 4.06411 3.51988 1.39332 45.8232
186 late  2562 396 5.79899 2.8182 4.15815 3.68359 1.45199 45.824
187 early 3110 548 5.60096 3.421 4.1326 3.59908 1.39678 46.1038
187 late  2558 415 5.81861 2.8138 4.22367 3.77238 1.45074 46.1045
188 early 3152 594 5.53363 3.4672 4.17846 3.61362 1.37119 46.3824
188 late  2588 463 5.7527 2.8468 4.27445 3.78481 1.42813 46.3831
189 early 3192 604 5.47494 3.5112 4.24295 3.68234 1.36247 46.6708
189 late  2614 455 5.76549 2.8754 4.35118 3.86665 1.44147 46.6716
190 early 3150 536 5.61429 3.465 4.20293 3.63696 1.39397 46.9606
190 late  2590 400 5.90695 2.849 4.29312 3.80736 1.47413 46.9614
191 early 3181 591 5.6237 3.4991 4.20901 3.62619 1.41402 47.2635
191 late  2600 446 5.85962 2.86 4.32015 3.81094 1.47231 47.2643
192 early 3149 549 5.6637 3.4639 4.23872 3.64136 1.42458 47.5489
192 late  2612 436 5.88821 2.8732 4.32016 3.78485 1.47741 47.5496
193 early 3186 574 5.64721 3.5046 4.2702 3.63712 1.40113 47.8392
193 late  2586 425 5.9884 2.8446 4.38429 3.85016 1.4942 47.84
194 early 3158 572 5.72261 3.4738 4.30324 3.66929 1.42622 48.1534
194 late  2547 430 5.98704 2.8017 4.40659 3.85279 1.51276 48.1542
195 early 3081 534 5.77605 3.3891 4.27028 3.61958 1.45959 48.4353
195 late  2555 418 5.95382 2.8105 4.34878 3.77035 1.51233 48.436
196 early 3148 593 5.6439 3.4628 4.2776 3.66201 1.43742 48.7217
196 late  2548 450 5.88972 2.8028 4.37339 3.83884 1.5208 48.7224
197 early 3127 579 5.61401 3.4397 4.26629 3.65655 1.43588 49.0046
197 late  2549 444 5.8266 2.8039 4.34884 3.79609 1.48176 49.0053
198 early 3097 548 5.61866 3.4067 4.23745 3.64427 1.40814 49.3017
198 late  2541 434 5.74695 2.7951 4.32112 3.77738 1.43408 49.3024
199 early 3123 582 5.48959 3.4353 4.24245 3.60424 1.3772 49.585
199 late  2531 433 5.59621 2.7841 4.33123 3.76495 1.39154 49.5859
200 early 3056 525 5.46302 3.3616 4.19518 3.55309 1.36355 49.8631
200 late  2526 402 5.60491 2.7786 4.25936 3.67719 1.39192 49.864
201 early 3121 595 5.34572 3.4331 4.22402 3.56874 1.3249 50.6358
201 late  2549 443 5.67948 2.8039 4.3106 3.7595 1.40918 50.6364
202 early 3110 561 5.4746 3.421 4.18435 3.56082 1.35466 50.9224
202 late  2559 425 5.70223 2.8149 4.27265 3.71586 1.40914 50.923
203 early 3131 572 5.4778 3.4441 4.24607 3.61527 1.35484 51.2135
203 late  2583 453 5.60937 2.8413 4.30885 3.72662 1.37515 51.2141
204 early 3120 537 5.47179 3.432 4.24002 3.60778 1.35192 51.5061
204 late  2561 421 5.63725 2.8171 4.3143 3.75079 1.37876 51.5067
205 early 3124 563 5.4411 3.4364 4.19179 3.59277 1.32971 51.8005
205 late  2593 429 5.64867 2.8523 4.29901 3.77737 1.38064 51.8012
206 early 3148 555 5.47649 3.4628 4.25339 3.64092 1.33767 52.1071
206 late  2577 402 5.77687 2.8347 4.3489 3.81307 1.44199 52.1078
207 early 3142 565 5.55824 3.4562 4.28689 3.64595 1.38097 52.4049
207 late  2601 445 5.88197 2.8611 4.38039 3.81766 1.44944 52.4057
208 early 3171 570 5.64491 3.4881 4.30689 3.67638 1.39987 52.7082
208 late  2621 443 5.91301 2.8831 4.38121 3.81875 1.46089 52.709
209 early 3200 579 5.66219 3.52 4.33435 3.70296 1.41281 53.0194
209 late  2614 439 5.96213 2.8754 4.43392 3.89285 1.47628 53.02
210 early 3197 583 5.69252 3.5167 4.36446 3.70647 1.40788 53.3276
210 late  2594 433 5.9919 2.8534 4.4553 3.86445 1.48419 53.3284
211 early 3185 591 5.69451 3.5035 4.29584 3.66571 1.41758 53.6311
211 late  2594 446 5.8909 2.8534 4.38696 3.8277 1.46955 53.6317
212 early 3206 612 5.57548 3.5266 4.26263 3.60623 1.39364 53.9355
212 late  2618 461 5.81207 2.8798 4.35967 3.79472 1.445 53.9362
213 early 3182 564 5.60465 3.5002 4.26698 3.65668 1.39441 54.2773
213 late  2589 444 5.80688 2.8479 4.37954 3.83182 1.42681 54.278
214 early 3157 568 5.5822 3.4727 4.30971 3.63487 1.37282 54.5808
214 late  2618 442 5.81627 2.8798 4.37894 3.77792 1.42628 54.5815
215 early 3188 570 5.59755 3.5068 4.26131 3.65352 1.36888 54.8875
215 late  2606 426 5.8749 2.8666 4.35504 3.81757 1.42978 54.8883
216 early 3165 559 5.66066 3.4815 4.25453 3.65683 1.37409 55.2041
216 late  2575 423 5.93709 2.8325 4.33938 3.82507 1.4435 55.2048
217 early 3119 544 5.72716 3.4309 4.22856 3.65892 1.39628 55.4989
217 late  2570 439 5.88171 2.827 4.31249 3.80874 1.4284 55.4997
218 early 3128 558 5.65409 3.4408 4.22007 3.63414 1.39386 55.7974
218 late  2577 422 5.81296 2.8347 4.31249 3.79757 1.40939 55.7982
219 early 3125 548 5.61824 3.4375 4.20363 3.58197 1.36096 56.1084
219 late  2578 413 5.7789 2.8358 4.29864 3.73702 1.3976 56.1092
220 early 3141 563 5.56383 3.4551 4.30872 3.64149 1.35116 56.4099
220 late  2597 444 5.79091 2.8567 4.38695 3.77681 1.41471 56.4106
221 early 3182 585 5.54243 3.5002 4.33735 3.66389 1.36015 56.7165
221 late  2566 439 5.78722 2.8226 4.40287 3.79902 1.42128 56.7173
222 early 3092 526 5.6326 3.4012 4.17165 3.55458 1.3881 57.0141
222 late  2545 398 5.88841 2.7995 4.25943 3.7022 1.46444 57.0148
223 early 3057 512 5.73471 3.3627 4.12291 3.49029 1.41871 57.3201
223 late  2531 393 5.87712 2.7841 4.19849 3.6431 1.45555 57.3208
224 early 3086 555 5.64031 3.3946 4.14112 3.54936 1.38756 57.6121
224 late  2512 414 5.92197 2.7632 4.24296 3.73767 1.46656 57.6129
225 early 3058 546 5.68607 3.3638 4.15736 3.56286 1.40484 57.9014
225 late  2557 432 5.87446 2.8127 4.24615 3.73219 1.45522 57.9022
226 early 3084 527 5.69974 3.3924 4.21271 3.61279 1.39916 58.2041
226 late  2526 400 5.89351 2.7786 4.3041 3.76745 1.4327 58.2049
227 early 3065 539 5.68124 3.3715 4.16769 3.56683 1.38989 58.4979
227 late  2527 403 5.8892 2.7797 4.24306 3.69914 1.44203 58.4987
228 early 3106 579 5.60496 3.4166 4.22513 3.60786 1.39086 58.7982
228 late  2530 439 5.82095 2.783 4.29381 3.75324 1.44308 58.7989
229 early 3096 566 5.57397 3.4056 4.15943 3.58867 1.38146 59.095
229 late  2553 429 5.82217 2.8083 4.2648 3.76948 1.42969 59.0958
230 early 3138 585 5.55035 3.4518 4.21112 3.61677 1.35373 59.4092
230 late  2582 434 5.75523 2.8402 4.30219 3.78645 1.39814 59.41
231 early 3195 613 5.45915 3.5145 4.26745 3.66155 1.33459 59.7188
231 late  2620 462 5.65573 2.882 4.35805 3.83046 1.37901 59.7196
232 early 3195 575 5.4579 3.5145 4.28818 3.69442 1.32707 60.0315
232 late  2618 447 5.64439 2.8798 4.36449 3.83712 1.37204 60.0326
233 early 3151 533 5.52047 3.4661 4.25691 3.66818 1.33608 60.3452
233 late  2569 404 5.72674 2.8259 4.33345 3.79317 1.3842 60.346
234 early 3158 589 5.47213 3.4738 4.25985 3.62344 1.33249 60.6529
234 late  2585 441 5.73269 2.8435 4.35416 3.80454 1.40116 60.6537
235 early 3204 619 5.43196 3.5244 4.32724 3.68324 1.33708 60.9685
235 late  2658 474 5.58503 2.9238 4.41611 3.85733 1.37058 60.9694
236 early 3244 586 5.3955 3.5684 4.36277 3.7505 1.33046 61.3068
236 late  2648 427 5.5744 2.9128 4.46185 3.93932 1.3852 61.3076
237 early 3241 593 5.37149 3.5651 4.35444 3.73402 1.33138 61.6288
237 late  2630 440 5.55399 2.893 4.45286 3.89604 1.37338 61.6296
238 early 3187 557 5.40853 3.5057 4.29774 3.65883 1.33197 61.9456
238 late  2587 408 5.62118 2.8457 4.40468 3.8608 1.3707 61.9464
239 early 3134 547 5.46554 3.4474 4.20813 3.58383 1.33695 62.2606
239 late  2573 428 5.62884 2.8303 4.28545 3.72779 1.39137 62.2614
240 early 3134 561 5.44225 3.4474 4.20734 3.58573 1.35897 62.5698
240 late  2577 438 5.64183 2.8347 4.28726 3.71623 1.39736 62.5705
241 early 3138 561 5.45443 3.4518 4.15408 3.56169 1.34927 62.8799
241 late  2570 413 5.66732 2.827 4.26812 3.7537 1.39883 62.8806
242 early 3197 627 5.35971 3.5167 4.19736 3.5938 1.31436 63.2072
242 late  2605 459 5.59347 2.8655 4.31307 3.79747 1.37044 63.208
243 early 3160 555 5.43544 3.476 4.20639 3.61275 1.33639 63.5207
243 late  2594 427 5.64688 2.8534 4.29304 3.76927 1.38859 63.5215
244 early 3183 589 5.4169 3.5013 4.20857 3.60797 1.33616 63.8358
244 late  2608 452 5.53298 2.8688 4.30285 3.7706 1.38459 63.8367
245 early 3179 571 5.35955 3.4969 4.21596 3.61621 1.33879 64.1552
245 late  2579 432 5.46801 2.8369 4.31334 3.78942 1.36991 64.1561
246 early 3119 540 5.34819 3.4309 4.1544 3.59868 1.33504 64.4755
246 late  2561 433 5.54939 2.8171 4.23239 3.7415 1.39516 64.4762
247 early 3070 509 5.46352 3.377 4.07872 3.52722 1.38371 64.7796
247 late  2500 391 5.6664 2.75 4.16566 3.70997 1.4228 64.7803
248 early 3052 552 5.46068 3.3572 4.03135 3.50773 1.35714 65.0943
248 late  2523 414 5.66231 2.7753 4.1199 3.65995 1.40626 65.095
249 early 3038 515 5.53292 3.3418 4.03946 3.51613 1.36965 65.4052
249 late  2487 398 5.72819 2.7357 4.13965 3.66858 1.42622 65.406
250 early 3086 599 5.42223 3.3946 4.11786 3.55245 1.36131 65.7112
250 late  2541 463 5.66116 2.7951 4.19216 3.68157 1.41913 65.712
251 early 3100 559 5.46 3.41 4.08739 3.52196 1.36806 66.0183
251 late  2576 424 5.65994 2.8336 4.17808 3.68879 1.42663 66.0192
252 early 3140 564 5.46369 3.454 4.11845 3.5761 1.37325 66.36
252 late  2603 412 5.77526 2.8633 4.19784 3.71696 1.45832 66.3608
253 early 3170 567 5.56341 3.487 4.13995 3.60533 1.40946 66.6798
253 late  2601 445 5.74971 2.8611 4.22452 3.72967 1.43791 66.6806
254 early 3145 544 5.58219 3.4595 4.13468 3.54845 1.38506 67.0005
254 late  2556 399 5.84429 2.8116 4.23799 3.73424 1.45266 67.0012
255 early 3060 504 5.71699 3.366 4.05741 3.46724 1.41176 67.3097
255 late  2489 379 5.94898 2.7379 4.16976 3.67575 1.46605 67.3105
256 early 3023 534 5.72147 3.3253 4.07769 3.49693 1.41614 67.613
256 late  2464 387 5.972 2.7104 4.1532 3.65072 1.49026 67.6138
257 early 3001 537 5.72443 3.3011 4.02943 3.45748 1.43252 67.9103
257 late  2436 403 6.03571 2.6796 4.11554 3.61966 1.51601 67.911
258 early 3010 574 5.69402 3.311 4.07134 3.50595 1.43023 68.207
258 late  2492 453 5.98876 2.7412 4.15017 3.64239 1.49398 68.208
259 early 3012 520 5.7822 3.3132 4.04429 3.48542 1.4336 68.5076
259 late  2485 393 5.95372 2.7335 4.13402 3.65587 1.46801 68.5083
260 early 3049 564 5.66743 3.3539 4.07287 3.50875 1.40079 68.815
260 late  2523 436 5.90844 2.7753 4.16772 3.65502 1.44709 68.8158
261 early 3052 529 5.71101 3.3572 4.09757 3.50997 1.40662 69.7346
261 late  2520 403 5.98651 2.772 4.18387 3.65977 1.46071 69.7354
262 early 3096 576 5.68669 3.4056 4.14708 3.54414 1.39696 70.0575
262 late  2520 445 5.94405 2.772 4.25368 3.75671 1.46627 70.0583
263 early 3073 553 5.69444 3.3803 4.12222 3.54438 1.4097 70.3674
263 late  2510 424 5.98765 2.761 4.19481 3.682 1.47809 70.3682
264 early 3040 530 5.76941 3.344 4.06567 3.49591 1.42368 70.6742
264 late  2492 390 6.11437 2.7412 4.15866 3.66503 1.5008 70.675
265 early 3065 573 5.78434 3.3715 4.08018 3.51062 1.42023 70.9833
265 late  2503 430 6.01918 2.7533 4.19769 3.70776 1.46824 70.9845
266 early 3066 563 5.73027 3.3726 4.16399 3.56135 1.39563 71.3311
266 late  2505 440 5.85828 2.7555 4.24938 3.72719 1.38882 71.3318
267 early 3023 518 5.6831 3.3253 4.13641 3.53356 1.36487 71.6385
267 late  2520 409 5.83651 2.772 4.23299 3.70325 1.42381 71.6393
268 early 3018 498 5.70842 3.3198 4.16578 3.54773 1.39828 71.9492
268 late  2497 383 5.95515 2.7467 4.23109 3.6789 1.45615 71.95
269 early 3050 553 5.6941 3.355 4.12716 3.53063 1.38918 72.2636
269 late  2503 422 5.88574 2.7533 4.22103 3.69366 1.43867 72.2644
270 early 3046 543 5.65824 3.3506 4.17643 3.56024 1.38444 72.5871
270 late  2499 428 5.90916 2.7489 4.27027 3.72882 1.44698 72.5878
271 early 3023 524 5.71154 3.3253 4.12832 3.48731 1.39563 72.9211
271 late  2470 374 6.05911 2.717 4.23395 3.69681 1.47166 72.9222
272 early 3046 576 5.72423 3.3506 4.17731 3.56014 1.39626 73.2347
272 late  2489 451 5.90277 2.7379 4.28167 3.75766 1.43672 73.2357
273 early 3008 519 5.71177 3.3088 4.12148 3.50722 1.39794 73.5518
273 late  2486 378 5.90024 2.7346 4.22469 3.69673 1.44489 73.5527
274 early 3042 556 5.63905 3.3462 4.20045 3.56689 1.38527 73.8637
274 late  2492 427 5.77648 2.7412 4.2885 3.72847 1.43178 73.8647
275 early 3023 531 5.58617 3.3253 4.1647 3.55315 1.37479 74.2141
275 late  2471 411 5.73533 2.7181 4.2419 3.69355 1.41441 74.2151
276 early 3019 548 5.51275 3.3209 4.09915 3.47917 1.35906 74.5276
276 late  2511 401 5.71844 2.7621 4.2101 3.68376 1.39665 74.5286
277 early 3038 527 5.553 3.3418 4.13993 3.52227 1.34858 74.8404
277 late  2499 406 5.73749 2.7489 4.22412 3.68218 1.39816 74.8413
278 early 3066 567 5.49152 3.3726 4.1725 3.58437 1.34573 75.1902
278 late  2498 439 5.72578 2.7478 4.27362 3.77754 1.40032 75.1911
279 early 3014 516 5.57432 3.3154 4.14362 3.56797 1.36894 75.5012
279 late  2454 394 5.77954 2.6994 4.21967 3.70616 1.43236 75.5022
280 early 3000 546 5.54567 3.3 4.1002 3.50943 1.371 75.8112
280 late  2454 421 5.76121 2.6994 4.17278 3.67217 1.43806 75.8121
281 early 3027 573 5.48133 3.3297 4.11945 3.54193 1.35844 76.1388
281 late  2472 433 5.69215 2.7192 4.1827 3.67643 1.41019 76.1398
282 early 3022 550 5.47419 3.3242 4.04379 3.51599 1.34514 76.4499
282 late  2480 427 5.70161 2.728 4.11471 3.6356 1.38226 76.451
283 early 2989 509 5.56039 3.2879 4.00254 3.48352 1.35597 76.7594
283 late  2493 401 5.72724 2.7423 4.06919 3.60673 1.40674 76.7604
284 early 3046 553 5.50591 3.3506 4.0473 3.5108 1.35194 77.0901
284 late  2474 409 5.81811 2.7214 4.14296 3.67586 1.42926 77.0911
285 early 3052 578 5.52687 3.3572 4.07505 3.52478 1.36501 77.4112
285 late  2538 444 5.79551 2.7918 4.17221 3.70935 1.43065 77.4122
286 early 3101 563 5.56175 3.4111 4.16635 3.60531 1.36827 77.7348
286 late  2546 432 5.78358 2.8006 4.2387 3.75649 1.43873 77.7357
287 early 3148 602 5.48634 3.4628 4.19799 3.6371 1.35451 78.0867
287 late  2555 462 5.7092 2.8105 4.28991 3.8052 1.40783 78.0877
288 early 3124 569 5.4872 3.4364 4.14541 3.56701 1.34891 78.4263
288 late  2559 440 5.71747 2.8149 4.24645 3.72654 1.38765 78.4273
289 early 3122 563 5.50609 3.4342 4.15849 3.56495 1.33889 78.7578
289 late  2544 422 5.76219 2.7984 4.26904 3.76768 1.39858 78.7587
290 early 3052 508 5.63663 3.3572 4.12924 3.56485 1.37975 79.0903
290 late  2516 388 5.77226 2.7676 4.19431 3.69059 1.41733 79.0914
291 early 3082 566 5.52855 3.3902 4.11447 3.55621 1.34912 79.4222
291 late  2510 421 5.72072 2.761 4.21145 3.73724 1.38924 79.4233
292 early 3097 587 5.44688 3.4067 4.14076 3.55594 1.33 79.7486
292 late  2535 443 5.62051 2.7885 4.23545 3.75148 1.37751 79.7496
293 early 3130 595 5.36198 3.443 4.196 3.61878 1.30703 80.0867
293 late  2569 457 5.62826 2.8259 4.27302 3.75345 1.37758 80.0877
294 early 3151 582 5.404 3.4661 4.21885 3.64437 1.33101 80.4236
294 late  2596 450 5.61287 2.8556 4.31063 3.81858 1.38713 80.4246
295 early 3155 559 5.4412 3.4705 4.2191 3.67369 1.36545 80.7625
295 late  2582 417 5.7165 2.8402 4.3113 3.83179 1.43145 80.7635
296 early 3102 520 5.59059 3.4122 4.17925 3.62511 1.40232 81.0931
296 late  2559 386 5.86557 2.8149 4.27542 3.79187 1.47636 81.094
297 early 3134 575 5.60593 3.4474 4.23826 3.6456 1.40715 81.4285
297 late  2606 436 5.83461 2.8666 4.3098 3.77594 1.45702 81.4295
298 early 3175 569 5.60976 3.4925 4.32986 3.71406 1.40252 81.7717
298 late  2613 440 5.71795 2.8743 4.41886 3.87455 1.43054 81.7727
299 early 3190 577 5.50282 3.509 4.39241 3.73253 1.36489 82.1294
299 late  2629 448 5.70027 2.8919 4.46249 3.86011 1.41879 82.1305
300 early 3183 554 5.53409 3.5013 4.35162 3.66077 1.38046 82.4794
300 late  2572 408 5.74572 2.8292 4.42929 3.83344 1.44051 82.4806
301 early 3124 552 5.55378 3.4364 4.25908 3.65725 1.40173 82.8193
301 late  2572 417 5.82348 2.8292 4.32451 3.79038 1.47978 82.8201
302 early 3149 577 5.5732 3.4639 4.23221 3.62711 1.40362 83.1664
302 late  2616 445 5.81804 2.8776 4.31949 3.80098 1.45222 83.1673
