// Initial random seed:
23

// RunInitializeCallbacks():
initializeSLiMModelType(modelType = 'nonWF');
initializeSLiMOptions(dimensionality = 'xy');
initializeTreeSeq();
NUMGENS = 100
W = 50
SIGMA = 1
K = 5
A = 0.363636
SD = 1
SI = 1
SM = 1
L = 4
G = 2000000000
FECUN = 0.25
initializeMutationType(1, 0.5, "g", 0, 2);
initializeGenomicElementType(1, m1, 1);
initializeGenomicElement(g1, 0, 1999999999);
initializeMutationRate(0);
initializeRecombinationRate(1e-09);
initializeInteractionType(1, "xy", reciprocal=T, maxDistance=3);
initializeInteractionType(2, "xy", reciprocal=T, maxDistance=3);

// Starting run at generation <start>:
1 

gen stage pop_size births age density neighbor harm_neigh num_off time
1 early 4545 4545 0 4.9995 4.66031 4.46432 0 0.041297
1 late  3228 3228 0 3.5508 4.74011 4.60351 0 0.041905
2 early 4055 827 0.796054 4.4605 4.51034 4.12205 0.198767 0.086589
2 late  3126 628 0.799104 3.4386 4.59909 4.2621 0.202815 0.08711
3 early 3907 781 1.43947 4.2977 4.60003 4.03854 0.367801 0.12813
3 late  3069 591 1.45064 3.3759 4.69415 4.18811 0.363962 0.128609
4 early 3865 796 1.94592 4.2515 4.83617 4.04212 0.488745 0.168822
4 late  3101 634 1.94292 3.4111 4.91579 4.18497 0.48565 0.169285
5 early 3856 755 2.3667 4.2416 5.03912 4.08936 0.58973 0.211104
5 late  3149 596 2.38012 3.4639 5.11745 4.20052 0.603684 0.211614
6 early 3954 805 2.69196 4.3494 5.33372 4.22846 0.684117 0.256938
6 late  3181 652 2.68689 3.4991 5.36641 4.32033 0.686891 0.257428
7 early 4009 828 2.92542 4.4099 5.52056 4.31332 0.74208 0.304997
7 late  3201 652 2.94189 3.5211 5.57607 4.41074 0.749141 0.30557
8 early 3969 768 3.17914 4.3659 5.61483 4.28339 0.801965 0.365844
8 late  3182 609 3.19076 3.5002 5.65127 4.35014 0.786298 0.366404
9 early 3902 720 3.41748 4.2922 5.64968 4.21385 0.842132 0.425146
9 late  3126 573 3.43026 3.4386 5.69029 4.2941 0.847089 0.426058
10 early 3884 758 3.56565 4.2724 5.72357 4.22356 0.889289 0.483148
10 late  3147 604 3.55545 3.4617 5.74858 4.35303 0.886876 0.483733
11 early 3910 763 3.6665 4.301 5.8708 4.33232 0.909207 0.542677
11 late  3162 622 3.6518 3.4782 5.81968 4.27759 0.906705 0.543306
12 early 3986 824 3.69017 4.3846 5.91439 4.39867 0.924486 0.600503
12 late  3167 659 3.70666 3.4837 5.90878 4.43558 0.918535 0.601152
13 early 3934 767 3.78902 4.3274 5.87978 4.36343 0.936451 0.661543
13 late  3135 598 3.80925 3.4485 5.89274 4.40657 0.935566 0.662709
14 early 3928 793 3.83834 4.3208 5.90414 4.29385 0.940937 0.721912
14 late  3115 625 3.89053 3.4265 5.92496 4.31227 0.960514 0.723295
15 early 3883 768 3.92326 4.2713 5.88465 4.28553 0.975792 0.780441
15 late  3156 612 3.94835 3.4716 5.87107 4.3259 0.979404 0.781084
16 early 3955 799 3.94867 4.3505 5.99873 4.40256 0.979772 0.839474
16 late  3181 642 3.98522 3.4991 6.00862 4.43642 0.981138 0.840227
17 early 3955 774 4.00961 4.3505 5.96032 4.39507 0.989128 0.897768
17 late  3206 617 4.04679 3.5266 5.94616 4.39045 0.995945 0.898593
18 early 4005 799 4.03995 4.4055 6.02506 4.40593 0.983021 0.961489
18 late  3183 643 3.99623 3.5013 6.0005 4.37642 0.96984 0.962843
19 early 3988 805 3.98771 4.3868 6.00361 4.38843 0.96991 1.02218
19 late  3219 644 4.00249 3.5409 5.97016 4.3636 0.981671 1.02299
20 early 3987 768 4.03888 4.3857 5.90551 4.36541 0.996489 1.07257
20 late  3253 599 4.11774 3.5783 5.89585 4.36491 1.02213 1.07319
21 early 4053 800 4.10757 4.4583 5.99778 4.45218 1.02344 1.16659
21 late  3196 633 4.10826 3.5156 5.99785 4.46416 1.02315 1.16744
22 early 4031 835 4.05011 4.4341 5.94653 4.43325 1.01389 1.21873
22 late  3220 654 4.0441 3.542 5.96223 4.46846 1.00807 1.21936
23 early 4013 793 4.04735 4.4143 6.01954 4.40649 0.992026 1.27054
23 late  3201 602 4.13902 3.5211 6.03265 4.44246 1.01 1.27118
24 early 4025 824 4.08696 4.4275 6.00709 4.41174 0.996273 1.32276
24 late  3211 658 4.1199 3.5321 6.02053 4.44398 1.00934 1.32343
25 early 3980 769 4.13065 4.378 6.00873 4.40667 1.01759 1.37412
25 late  3185 616 4.10769 3.5035 6.07293 4.50944 1.01193 1.37481
26 early 3985 800 4.08231 4.3835 6.13669 4.3852 1.01455 1.42507
26 late  3166 639 4.05338 3.4826 6.10502 4.36784 1.00663 1.42591
27 early 3932 766 4.06892 4.3252 5.99992 4.34492 1.00585 1.47353
27 late  3177 592 4.14101 3.4947 6.03265 4.38812 1.02392 1.47415
28 early 4000 823 4.08325 4.4 6.16095 4.38819 1.009 1.52247
28 late  3149 653 4.09876 3.4639 6.13215 4.35737 1.01366 1.52309
29 early 3916 767 4.1001 4.3076 5.96294 4.27021 1.00689 1.56972
29 late  3160 634 4.09177 3.476 5.97278 4.29952 0.994304 1.57045
30 early 3939 779 4.08479 4.3329 6.01686 4.24383 1.00457 1.61749
30 late  3185 647 4.05777 3.5035 5.98012 4.25139 1.00031 1.61826
31 early 3956 771 4.07204 4.3516 5.9634 4.24203 0.998989 1.66657
31 late  3177 627 4.0768 3.4947 5.98235 4.33796 0.997167 1.66721
32 early 3953 776 4.08019 4.3483 6.01555 4.29179 0.999747 1.71578
32 late  3159 609 4.10225 3.4749 5.98738 4.31488 1.00823 1.71652
33 early 3971 812 4.05893 4.3681 5.95893 4.35935 0.991438 1.76391
33 late  3174 649 4.069 3.4914 5.93154 4.32254 1.0104 1.7647
34 early 3948 774 4.07523 4.3428 5.91903 4.33337 1.00684 1.81193
34 late  3153 617 4.05233 3.4683 5.92246 4.37454 1.00888 1.81272
35 early 3912 759 4.07209 4.3032 5.84284 4.25817 1.02607 1.86196
35 late  3166 613 4.11529 3.4826 5.80688 4.25404 1.03222 1.86263
36 early 3966 800 4.08346 4.3626 5.85285 4.39037 1.03001 1.91081
36 late  3185 640 4.11491 3.5035 5.86379 4.35793 1.03579 1.91166
37 early 3964 779 4.10974 4.3604 5.88178 4.36411 1.03658 1.96001
37 late  3193 619 4.13905 3.5123 5.90581 4.37271 1.03696 1.96068
38 early 3985 792 4.11769 4.3835 6.0209 4.39902 1.02535 2.01094
38 late  3153 622 4.12655 3.4683 6.03628 4.39855 1.04091 2.01167
39 early 3910 757 4.13402 4.301 5.94268 4.30899 1.03708 2.06071
39 late  3157 606 4.17928 3.4727 5.96617 4.31738 1.05322 2.06225
40 early 3882 725 4.212 4.2702 5.89191 4.25117 1.05564 2.12247
40 late  3096 581 4.25484 3.4056 5.89571 4.26711 1.06944 2.12323
41 early 3870 774 4.20388 4.257 5.90509 4.2401 1.05504 2.17924
41 late  3133 618 4.2563 3.4463 5.91928 4.28199 1.07054 2.18005
42 early 3903 770 4.21932 4.2933 5.95043 4.26516 1.05047 2.23688
42 late  3109 622 4.19846 3.4199 5.93606 4.27939 1.04471 2.23768
43 early 3903 794 4.14092 4.2933 5.96272 4.28824 1.02741 2.30155
43 late  3133 645 4.14331 3.4463 5.91325 4.25659 1.015 2.30226
44 early 3976 843 4.05282 4.3736 5.98313 4.35616 0.990443 2.35565
44 late  3209 678 4.10346 3.5299 5.99443 4.3848 1.0134 2.35631
45 early 3986 777 4.10863 4.3846 6.07296 4.35905 1.01079 2.47911
45 late  3214 614 4.18264 3.5354 6.07084 4.39269 1.04076 2.47982
46 early 4000 786 4.16425 4.4 6.22716 4.39676 1.04275 2.52959
46 late  3195 623 4.22973 3.5145 6.23766 4.43818 1.04695 2.53024
47 early 3969 774 4.20988 4.3659 6.2879 4.3637 1.04056 2.58069
47 late  3166 608 4.2331 3.4826 6.24841 4.35264 1.05685 2.58135
48 early 3951 785 4.19337 4.3461 6.1614 4.34615 1.061 2.63097
48 late  3160 631 4.16646 3.476 6.12854 4.32465 1.06361 2.63186
49 early 3962 802 4.12065 4.3582 6.04527 4.34266 1.04366 2.68693
49 late  3163 640 4.15934 3.4793 6.034 4.36081 1.05058 2.68817
50 early 3918 755 4.16514 4.3098 5.95888 4.11066 1.05258 2.75521
50 late  3146 600 4.19739 3.4606 5.95532 4.2818 1.06325 2.7559
51 early 3956 810 4.13322 4.3516 6.03387 4.322 1.03564 2.81447
51 late  3172 644 4.13335 3.4892 6.02248 4.30953 1.01576 2.81584
52 early 3961 789 4.11083 4.3571 5.98152 4.34805 1.00934 2.86565
52 late  3179 622 4.15382 3.4969 5.99106 4.38329 1.01604 2.86672
53 early 3943 764 4.15521 4.3373 5.99195 4.30025 1.02511 2.91843
53 late  3147 610 4.13378 3.4617 6.00435 4.40921 1.01811 2.9194
54 early 3928 781 4.11303 4.3208 5.98623 4.35403 1.01935 2.9736
54 late  3160 633 4.1269 3.476 5.98529 4.39548 1.01456 2.97502
55 early 3956 796 4.0953 4.3516 5.99969 4.39753 1.01694 3.02444
55 late  3172 616 4.09584 3.4892 5.97139 4.3856 1.03657 3.02535
56 early 3992 820 4.0491 4.3912 6.02645 4.41411 1.03081 3.07337
56 late  3201 626 4.08779 3.5211 6.01293 4.44119 1.04405 3.0743
57 early 4006 805 4.0654 4.4066 5.98327 4.39584 1.03545 3.12255
57 late  3230 638 4.08669 3.553 5.96977 4.38588 1.03746 3.12349
58 early 4070 840 4.03686 4.477 6.0361 4.47372 1.01916 3.17247
58 late  3226 668 4.00093 3.5486 6.05337 4.5155 0.99473 3.17343
59 early 4002 776 4.03123 4.4022 5.98102 4.43185 1.0005 3.2221
59 late  3187 620 4.09225 3.5057 5.9955 4.44642 1.01977 3.22315
60 early 4016 829 4.04109 4.4176 5.976 4.39891 0.993775 3.27102
60 late  3201 650 4.11371 3.5211 6.00959 4.49127 1.01062 3.27198
61 early 4006 805 4.08612 4.4066 6.03067 4.45963 1.01997 3.32114
61 late  3223 626 4.11821 3.5453 6.00359 4.49307 1.02513 3.32213
62 early 4028 805 4.09533 4.4308 6.00269 4.49005 1.02135 3.37107
62 late  3200 649 4.10687 3.52 5.99762 4.54111 1.01438 3.37205
63 early 4025 825 4.06012 4.4275 5.92889 4.46346 1.01019 3.42065
63 late  3218 664 4.04568 3.5398 5.93077 4.48608 1.00031 3.42184
64 early 3941 723 4.12002 4.3351 5.85723 4.38167 1.02436 3.46964
64 late  3166 588 4.13266 3.4826 5.86004 4.40012 1.02053 3.47091
65 early 3928 762 4.13697 4.3208 5.84585 4.35777 1.01884 3.51839
65 late  3140 610 4.14554 3.454 5.85353 4.36906 1.02166 3.5194
66 early 3903 763 4.13964 4.2933 5.86618 4.29769 1.02024 3.56676
66 late  3111 593 4.21986 3.4221 5.8521 4.29412 1.036 3.56791
67 early 3815 704 4.25662 4.1965 5.73582 4.22606 1.05557 3.61336
67 late  3105 581 4.24122 3.4155 5.71567 4.20444 1.06184 3.61431
68 early 3928 823 4.14308 4.3208 5.8516 4.28415 1.03819 3.66116
68 late  3149 652 4.16196 3.4639 5.89587 4.37633 1.04636 3.66239
69 early 3907 758 4.16048 4.2977 5.89336 4.2773 1.03711 3.71078
69 late  3117 624 4.17292 3.4287 5.90385 4.28781 1.04556 3.71176
70 early 3903 786 4.13118 4.2933 5.93591 4.27329 1.03946 3.75958
70 late  3127 625 4.17781 3.4397 5.9055 4.24713 1.06972 3.76079
71 early 3891 764 4.16114 4.2801 5.91486 4.24126 1.06348 3.80906
71 late  3129 616 4.14669 3.4419 5.88092 4.23238 1.05625 3.81072
72 early 3895 766 4.13453 4.2845 5.84938 4.23359 1.05006 3.86121
72 late  3139 603 4.19019 3.4529 5.84321 4.24142 1.06754 3.86217
73 early 3876 737 4.2033 4.2636 5.75251 4.21379 1.05186 3.90925
73 late  3119 576 4.25842 3.4309 5.7539 4.21784 1.04841 3.91031
74 early 3935 816 4.16798 4.3285 5.85977 4.32415 1.02694 4.04266
74 late  3148 641 4.19949 3.4628 5.88218 4.39897 1.04384 4.04386
75 early 3926 778 4.16913 4.3186 5.87758 4.27215 1.02573 4.09271
75 late  3134 605 4.24825 3.4474 5.89113 4.31285 1.04212 4.09403
76 early 3896 762 4.22177 4.2856 5.93851 4.24021 1.04594 4.14423
76 late  3119 597 4.23277 3.4309 5.93322 4.2785 1.05194 4.1452
77 early 3948 829 4.13399 4.3428 6.08092 4.29159 1.02761 4.19339
77 late  3209 656 4.18697 3.5299 6.06303 4.32 1.04082 4.19436
78 early 3982 773 4.18006 4.3802 6.13457 4.36319 1.03541 4.2433
78 late  3193 620 4.19605 3.5123 6.13109 4.39782 1.03382 4.24427
79 early 3964 771 4.18542 4.3604 6.04505 4.32791 1.04213 4.29467
79 late  3157 608 4.26734 3.4727 6.05296 4.38558 1.07254 4.29573
80 early 3917 760 4.24534 4.3087 6.05235 4.29941 1.06178 4.34497
80 late  3132 586 4.34451 3.4452 6.01228 4.31972 1.08397 4.34593
81 early 3962 830 4.22489 4.3582 6.04075 4.3527 1.06159 4.39385
81 late  3157 665 4.24073 3.4727 6.04586 4.418 1.05702 4.39489
82 early 3923 766 4.21744 4.3153 6.01679 4.35297 1.0441 4.44237
82 late  3143 621 4.21413 3.4573 6.03432 4.42789 1.04454 4.44369
83 early 3929 786 4.17104 4.3219 6.0729 4.33358 1.04047 4.49248
83 late  3198 633 4.19981 3.5178 6.07377 4.35381 1.06442 4.4935
84 early 3977 779 4.18129 4.3747 6.11822 4.40387 1.04928 4.54454
84 late  3175 629 4.18047 3.4925 6.15875 4.4644 1.05102 4.54556
85 early 3941 766 4.17356 4.3351 6.15512 4.34372 1.04314 4.5954
85 late  3161 604 4.27428 3.4771 6.14328 4.37072 1.07245 4.59638
86 early 3938 777 4.23362 4.3318 6.10027 4.34369 1.06577 4.64473
86 late  3141 610 4.23687 3.4551 6.12608 4.46022 1.071 4.64592
87 early 3976 835 4.13707 4.3736 6.15841 4.41233 1.07017 4.69601
87 late  3202 650 4.198 3.5222 6.13316 4.41518 1.08245 4.69723
88 early 3971 769 4.19139 4.3681 6.10623 4.41081 1.08915 4.74881
88 late  3194 614 4.22104 3.5134 6.08901 4.38592 1.10645 4.74994
89 early 4030 836 4.13797 4.433 6.06929 4.45339 1.07196 4.79963
89 late  3214 667 4.20753 3.5354 6.10892 4.50373 1.0921 4.80092
90 early 4044 830 4.13872 4.4484 6.21376 4.48421 1.06553 4.85772
90 late  3189 650 4.14017 3.5079 6.20982 4.51271 1.07369 4.85925
91 early 3965 776 4.13417 4.3615 6.07565 4.42801 1.0575 4.92449
91 late  3149 614 4.10098 3.4639 6.049 4.47977 1.04509 4.92625
92 early 3909 760 4.10924 4.2999 5.93189 4.35691 1.0417 4.98563
92 late  3140 614 4.13662 3.454 5.97604 4.45567 1.05318 4.98731
93 early 3948 808 4.08536 4.3428 6.08945 4.36472 1.04027 5.04727
93 late  3182 647 4.12508 3.5002 6.06973 4.40544 1.04745 5.04894
94 early 3943 761 4.13594 4.3373 6.02124 4.3418 1.04616 5.10868
94 late  3125 604 4.2128 3.4375 5.98365 4.38089 1.06528 5.1105
95 early 3889 764 4.18874 4.2779 5.89713 4.3455 1.06017 5.1666
95 late  3151 612 4.19518 3.4661 5.90677 4.38302 1.06696 5.16766
96 early 3882 731 4.2169 4.2702 5.89539 4.35077 1.06775 5.21836
96 late  3106 583 4.25177 3.4166 5.90069 4.37592 1.07534 5.21967
97 early 3832 726 4.25678 4.2152 5.85509 4.2862 1.07803 5.26719
97 late  3074 591 4.29863 3.3814 5.89036 4.34043 1.08816 5.26816
98 early 3801 727 4.28519 4.1811 5.84412 4.2808 1.07761 5.31593
98 late  3060 567 4.31078 3.366 5.82227 4.25505 1.08889 5.31693
99 early 3846 786 4.22543 4.2306 5.91017 4.27959 1.04966 5.36401
99 late  3129 644 4.22212 3.4419 5.90608 4.31653 1.04442 5.36499
100 early 3915 786 4.17369 4.3065 5.9977 4.37197 1.04087 5.41362
100 late  3140 631 4.19204 3.454 6.01777 4.41669 1.05478 5.41527
101 early 3915 775 4.16424 4.3065 5.99225 4.37208 1.04955 5.46638
101 late  3120 603 4.16314 3.432 6.01203 4.45548 1.05128 5.46725
102 early 3930 810 4.09898 4.323 6.06686 4.3187 1.02621 5.51761
102 late  3193 652 4.15565 3.5123 6.08975 4.42013 1.05011 5.5187
103 early 3990 797 4.12581 4.389 6.20201 4.47853 1.03835 5.57057
103 late  3206 635 4.15565 3.5266 6.16303 4.45045 1.04211 5.57193
104 early 4012 806 4.11989 4.4132 6.16354 4.45939 1.03016 5.62358
104 late  3157 644 4.12987 3.4727 6.17189 4.457 1.04403 5.625
105 early 3895 738 4.15789 4.2845 6.04797 4.281 1.04981 5.67627
105 late  3128 568 4.18446 3.4408 5.99249 4.27167 1.06138 5.67752
106 early 3949 821 4.10661 4.3439 6.03129 4.35517 1.03976 5.72787
106 late  3178 644 4.16897 3.4958 6.0046 4.35185 1.05884 5.72916
107 early 3988 810 4.11911 4.3868 6.02096 4.3587 1.05717 5.7792
107 late  3223 641 4.16475 3.5453 6.053 4.45586 1.06423 5.78064
108 early 4035 812 4.1254 4.4385 6.1996 4.47131 1.03916 5.83218
108 late  3239 657 4.11578 3.5629 6.21504 4.54063 1.02532 5.8338
109 early 3980 741 4.16332 4.378 6.19439 4.35581 1.03342 5.99036
109 late  3160 577 4.15222 3.476 6.17252 4.31521 1.03892 5.99175
110 early 3969 809 4.10204 4.3659 6.1905 4.34648 1.02998 6.0432
110 late  3222 653 4.09652 3.5442 6.17697 4.36944 1.0239 6.04462
111 early 4017 795 4.08788 4.4187 6.24176 4.3909 1.01718 6.09594
111 late  3160 614 4.12753 3.476 6.24015 4.44753 1.01899 6.09734
112 early 3940 780 4.11244 4.334 6.12095 4.33612 1.02234 6.14606
112 late  3208 631 4.17488 3.5288 6.1031 4.36999 1.04208 6.14768
113 early 4029 821 4.12038 4.4319 6.24998 4.45575 1.03351 6.20943
113 late  3213 636 4.14628 3.5343 6.21902 4.45109 1.03081 6.2139
114 early 4028 815 4.10501 4.4308 6.22441 4.52124 1.01564 6.28719
114 late  3209 635 4.12745 3.5299 6.21404 4.48381 1.01745 6.28887
115 early 3989 780 4.12484 4.3879 6.1065 4.4395 1.00902 6.35238
115 late  3157 603 4.20051 3.4727 6.11865 4.48146 1.02914 6.35407
116 early 3934 777 4.17336 4.3274 6.03445 4.33819 1.03076 6.41217
116 late  3147 592 4.26756 3.4617 6.05477 4.39573 1.05243 6.41374
117 early 3902 755 4.24833 4.2922 5.97652 4.32767 1.05279 6.46939
117 late  3183 603 4.19887 3.5013 5.97768 4.36804 1.04273 6.47091
118 early 3966 783 4.17247 4.3626 6.05372 4.38247 1.04413 6.52867
118 late  3173 624 4.20958 3.4903 6.03042 4.35449 1.05232 6.53022
119 early 3940 767 4.19543 4.334 5.94444 4.35031 1.05838 6.58192
119 late  3153 600 4.16143 3.4683 5.92426 4.32066 1.05297 6.58341
120 early 3877 724 4.19758 4.2647 5.8022 4.26326 1.07299 6.63339
120 late  3129 586 4.15692 3.4419 5.78232 4.24749 1.06647 6.63502
121 early 3889 760 4.14914 4.2779 5.79086 4.28094 1.05117 6.68499
121 late  3094 599 4.18229 3.4034 5.80919 4.31779 1.05559 6.68656
122 early 3850 756 4.16468 4.235 5.81721 4.2488 1.0387 6.73598
122 late  3105 624 4.1343 3.4155 5.84373 4.29007 1.04283 6.73777
123 early 3855 750 4.13541 4.2405 5.8614 4.23936 1.03243 6.78764
123 late  3090 598 4.10518 3.399 5.84392 4.17458 1.01586 6.78909
124 early 3850 760 4.0974 4.235 5.75401 4.18139 1.01506 6.8391
124 late  3069 607 4.12805 3.3759 5.77119 4.28552 1.03747 6.84086
125 early 3801 732 4.14049 4.1811 5.72514 4.19564 1.03815 6.89004
125 late  3080 593 4.18896 3.388 5.70514 4.18965 1.05649 6.89178
126 early 3828 748 4.17503 4.2108 5.77493 4.18557 1.04519 6.9408
126 late  3110 600 4.15723 3.421 5.77383 4.19733 1.04727 6.9423
127 early 3887 777 4.12632 4.2757 5.85535 4.23075 1.03499 6.99284
127 late  3145 630 4.11828 3.4595 5.84721 4.26449 1.04229 6.99433
128 early 3908 763 4.11899 4.2988 5.94097 4.29341 1.04094 7.04438
128 late  3156 621 4.11375 3.4716 5.94941 4.3824 1.03295 7.04598
129 early 3930 774 4.10662 4.323 5.93931 4.31432 1.01628 7.09559
129 late  3147 588 4.15316 3.4617 5.94274 4.36752 1.03559 7.09722
130 early 3913 766 4.14439 4.3043 5.95006 4.29686 1.0299 7.14599
130 late  3127 604 4.12312 3.4397 5.99201 4.3442 1.01855 7.14782
131 early 3889 762 4.11931 4.2779 6.04997 4.25105 1.02828 7.19799
131 late  3135 607 4.17129 3.4485 6.07518 4.30919 1.05423 7.19962
132 early 3926 791 4.12939 4.3186 6.11615 4.29426 1.05171 7.25081
132 late  3156 631 4.1372 3.4716 6.07574 4.25872 1.06179 7.25235
133 early 3929 773 4.1265 4.3219 6.04134 4.34467 1.05803 7.30365
133 late  3140 598 4.17739 3.454 6.0112 4.34827 1.07102 7.30521
134 early 3926 786 4.14086 4.3186 5.96595 4.29966 1.05298 7.35681
134 late  3177 642 4.16053 3.4947 5.96048 4.32713 1.05666 7.35877
135 early 3956 779 4.14434 4.3516 5.995 4.36503 1.04904 7.4121
135 late  3177 629 4.13912 3.4947 6.00333 4.38306 1.04407 7.41373
136 early 3969 792 4.11363 4.3659 5.95908 4.36632 1.04611 7.46637
136 late  3186 638 4.12272 3.5046 5.92834 4.33175 1.04991 7.468
137 early 3986 800 4.09458 4.3846 5.91811 4.32593 1.01856 7.51906
137 late  3234 646 4.10173 3.5574 5.93076 4.40474 1.01639 7.52094
138 early 3972 738 4.15383 4.3692 5.88666 4.36206 1.04632 7.57159
138 late  3200 577 4.13812 3.52 5.88839 4.39642 1.05156 7.57314
139 early 4025 825 4.08497 4.4275 5.99411 4.38329 1.02286 7.62264
139 late  3219 640 4.11432 3.5409 6.00685 4.45075 1.0292 7.62418
140 early 4018 799 4.09731 4.4198 5.99915 4.39793 1.04107 7.67582
140 late  3235 655 4.07233 3.5585 5.99752 4.41468 1.02473 7.67747
141 early 4050 815 4.0516 4.455 6.05616 4.4661 1.00025 7.72907
141 late  3180 645 4.01164 3.498 6.09503 4.55193 0.97327 7.73092
142 early 3898 718 4.08851 4.2878 5.94268 4.26766 1.00282 7.77997
142 late  3154 598 4.06785 3.4694 5.93249 4.28107 0.998732 7.78173
143 early 3909 755 4.08903 4.2999 5.91652 4.2451 1.00256 7.83092
143 late  3159 607 4.08769 3.4749 5.93496 4.29214 0.998101 7.83274
144 early 3942 783 4.07712 4.3362 6.04033 4.30341 0.990107 7.88295
144 late  3186 617 4.07753 3.5046 6.05187 4.37144 0.989956 7.88482
145 early 3974 788 4.07071 4.3714 6.14549 4.40919 0.996225 7.94292
145 late  3218 639 4.06805 3.5398 6.12426 4.40893 0.992231 7.94459
146 early 3983 765 4.09465 4.3813 6.10759 4.42622 1.00176 7.99975
146 late  3191 597 4.16359 3.5101 6.07592 4.45167 1.02789 8.00139
147 early 3976 785 4.14411 4.3736 6.01732 4.36833 1.02867 8.05317
147 late  3225 618 4.15256 3.5475 6.03948 4.43442 1.04155 8.05498
148 early 4070 845 4.0828 4.477 6.22185 4.48837 1.01867 8.10813
148 late  3243 677 4.08048 3.5673 6.22912 4.50658 1.01388 8.11001
149 early 4021 778 4.09749 4.4231 6.13542 4.44896 1.0097 8.16211
149 late  3238 626 4.09883 3.5618 6.08671 4.4468 1.01513 8.16394
150 early 4023 785 4.1039 4.4253 6.0039 4.44749 1.02734 8.2158
150 late  3247 618 4.14105 3.5717 6.00231 4.46256 1.03265 8.21747
151 early 4047 800 4.12478 4.4517 6.04836 4.48577 1.02866 8.39406
151 late  3274 656 4.14325 3.6014 6.05396 4.53316 1.01924 8.39538
152 early 4067 793 4.1404 4.4737 6.01167 4.48278 1.01549 8.44575
152 late  3249 616 4.18806 3.5739 6.02145 4.52606 1.03109 8.44688
153 early 4057 808 4.15479 4.4627 6.03399 4.48374 1.04264 8.497
153 late  3256 647 4.17076 3.5816 6.03017 4.46713 1.04208 8.49835
154 early 4069 813 4.13763 4.4759 6.05663 4.44901 1.04178 8.54813
154 late  3256 634 4.23219 3.5816 6.08718 4.55569 1.06572 8.54946
155 early 4033 777 4.22415 4.4363 6.11813 4.45111 1.05331 8.59898
155 late  3215 607 4.2902 3.5365 6.12088 4.47421 1.07838 8.60033
156 early 4040 825 4.2099 4.444 6.11719 4.44926 1.05099 8.6493
156 late  3252 668 4.24938 3.5772 6.08689 4.43138 1.06273 8.65045
157 early 4040 788 4.2255 4.444 6.05302 4.44724 1.06708 8.70058
157 late  3236 616 4.3152 3.5596 6.04428 4.46199 1.09518 8.70175
158 early 4069 833 4.22708 4.4759 6.08777 4.48975 1.07275 8.75228
158 late  3288 663 4.27281 3.6168 6.1023 4.54165 1.0809 8.75345
159 early 4122 834 4.20597 4.5342 6.22183 4.54207 1.06405 8.80988
159 late  3295 668 4.23672 3.6245 6.21551 4.57273 1.06798 8.8115
160 early 4043 748 4.26787 4.4473 6.10114 4.4544 1.08039 8.87315
160 late  3234 584 4.33271 3.5574 6.12548 4.50198 1.09957 8.87475
161 early 4016 782 4.29432 4.4176 6.12269 4.45051 1.08715 8.94364
161 late  3213 602 4.38375 3.5343 6.1 4.46356 1.10831 8.94538
162 early 3979 766 4.34732 4.3769 5.92392 4.39349 1.08922 9.00976
162 late  3243 627 4.3247 3.5673 5.94541 4.47426 1.08017 9.0112
163 early 4041 798 4.2732 4.4451 6.08054 4.46523 1.06335 9.07373
163 late  3234 631 4.27149 3.5574 6.08485 4.49457 1.05504 9.07614
164 early 4015 781 4.24608 4.4165 6.07115 4.46231 1.05679 9.14309
164 late  3247 610 4.28888 3.5717 6.07803 4.51309 1.05574 9.14531
165 early 4060 813 4.2298 4.466 6.13309 4.49252 1.03399 9.20945
165 late  3207 632 4.23418 3.5277 6.14394 4.53491 1.02713 9.2111
166 early 3981 774 4.21653 4.3791 6.16065 4.39387 1.0319 9.27593
166 late  3176 613 4.27708 3.4936 6.17716 4.42631 1.04975 9.27812
167 early 3957 781 4.23553 4.3527 6.16984 4.36731 1.05307 9.34013
167 late  3158 619 4.26726 3.4738 6.14493 4.35277 1.05763 9.34192
168 early 3910 752 4.25422 4.301 6.10527 4.30114 1.05422 9.40497
168 late  3156 576 4.32383 3.4716 6.07867 4.31428 1.07129 9.40725
169 early 3926 770 4.27967 4.3186 6.07908 4.3384 1.05094 9.47936
169 late  3204 620 4.31523 3.5244 6.0709 4.36721 1.05243 9.48183
170 early 3972 768 4.28751 4.3692 6.11008 4.36891 1.05488 9.55229
170 late  3231 617 4.27917 3.5541 6.06366 4.32722 1.04271 9.55396
171 early 3992 761 4.2728 4.3912 6.03024 4.35808 1.04359 9.61778
171 late  3161 572 4.30655 3.4771 6.01587 4.38739 1.04144 9.61953
172 early 3908 747 4.29222 4.2988 5.88676 4.29339 1.03045 9.68293
172 late  3116 571 4.34243 3.4276 5.89846 4.33586 1.06804 9.68463
173 early 3878 762 4.29268 4.2658 5.81827 4.26862 1.06215 9.7545
173 late  3100 613 4.33903 3.41 5.79939 4.33943 1.07839 9.75597
174 early 3880 780 4.26572 4.268 5.82001 4.31114 1.06804 9.81771
174 late  3158 621 4.31001 3.4738 5.82809 4.307 1.0722 9.81931
175 early 3872 714 4.33084 4.2592 5.86545 4.27368 1.06612 9.88207
175 late  3123 558 4.36728 3.4353 5.8409 4.25003 1.08646 9.88381
176 early 3892 769 4.30678 4.2812 5.83046 4.28043 1.05935 9.94359
176 late  3121 619 4.32041 3.4331 5.85231 4.29183 1.07081 9.94483
177 early 3892 771 4.26644 4.2812 5.89219 4.25154 1.04317 9.9983
177 late  3156 654 4.19772 3.4716 5.86335 4.28639 1.0358 9.99966
178 early 3877 721 4.23111 4.2647 5.88129 4.23533 1.04798 10.051
178 late  3105 565 4.32335 3.4155 5.87445 4.27255 1.07504 10.0525
179 early 3896 791 4.24256 4.2856 5.87458 4.27605 1.05133 10.1082
179 late  3112 630 4.30656 3.4232 5.87842 4.29125 1.06234 10.1098
180 early 3832 720 4.3095 4.2152 5.84721 4.21786 1.07072 10.1605
180 late  3094 576 4.32708 3.4034 5.84484 4.23046 1.07886 10.1619
181 early 3878 784 4.25013 4.2658 5.88352 4.25359 1.04951 10.2108
181 late  3081 623 4.2285 3.3891 5.86614 4.2513 1.03505 10.2123
182 early 3887 806 4.14433 4.2757 5.85602 4.32543 1.0193 10.261
182 late  3160 649 4.15791 3.476 5.82648 4.30138 1.01203 10.2625
183 early 3851 691 4.23241 4.2361 5.7549 4.2238 1.02753 10.312
183 late  3132 560 4.30109 3.4452 5.75392 4.23939 1.04342 10.3134
184 early 3928 796 4.22683 4.3208 5.82897 4.32309 1.03691 10.363
184 late  3162 642 4.22454 3.4782 5.84504 4.33407 1.04016 10.3641
185 early 3991 829 4.13931 4.3901 5.981 4.40057 1.02781 10.4144
185 late  3199 657 4.18537 3.5189 5.98589 4.4058 1.03782 10.4157
186 early 3972 773 4.17623 4.3692 6.02893 4.35467 1.02946 10.4664
186 late  3238 629 4.25232 3.5618 6.01531 4.35896 1.042 10.4677
187 early 3999 761 4.25281 4.3989 5.98854 4.36515 1.04076 10.521
187 late  3236 612 4.25494 3.5596 5.97121 4.3696 1.0513 10.5225
188 early 4007 771 4.24382 4.4077 6.02457 4.35368 1.05066 10.5828
188 late  3209 611 4.24649 3.5299 6.03634 4.42111 1.04207 10.5845
189 early 3970 761 4.24081 4.367 5.91364 4.31918 1.05416 10.6483
189 late  3159 613 4.25198 3.4749 5.91505 4.35142 1.06331 10.6504
190 early 3949 790 4.20132 4.3439 5.90815 4.34645 1.0395 10.7229
190 late  3131 631 4.1961 3.4441 5.96345 4.41326 1.04056 10.7255
191 early 3937 806 4.13233 4.3307 5.97947 4.33668 1.0188 10.8002
191 late  3124 634 4.13796 3.4364 5.94252 4.33939 1.01761 10.8028
192 early 3898 774 4.11775 4.2878 5.87574 4.29984 1.01873 10.8741
192 late  3167 623 4.11746 3.4837 5.85466 4.33788 1.00568 10.877
193 early 3925 758 4.12917 4.3175 5.77924 4.3182 1.01248 10.9407
193 late  3199 627 4.1316 3.5189 5.79607 4.33576 1.02563 10.942
194 early 3956 757 4.14965 4.3516 5.93872 4.35166 1.03868 10.9954
194 late  3231 609 4.2117 3.5541 5.94611 4.38807 1.05881 10.9966
195 early 3997 766 4.21291 4.3967 6.13638 4.45035 1.04954 11.0484
195 late  3244 603 4.1865 3.5684 6.13882 4.45202 1.04963 11.0496
196 early 4031 787 4.1739 4.4341 6.20113 4.48317 1.03324 11.103
196 late  3200 608 4.2375 3.52 6.15882 4.42299 1.06219 11.1043
197 early 4019 819 4.17019 4.4209 6.13123 4.43932 1.05225 11.1547
197 late  3226 649 4.22474 3.5486 6.13057 4.46319 1.08215 11.1559
198 early 3996 770 4.21797 4.3956 6.13262 4.40435 1.07808 11.206
198 late  3233 607 4.2459 3.5563 6.12867 4.45046 1.09125 11.2073
199 early 3984 751 4.25703 4.3824 6.09427 4.33885 1.09413 11.2578
199 late  3209 592 4.3082 3.5299 6.08098 4.33461 1.12153 11.2592
200 early 3975 766 4.28528 4.3725 6.0103 4.31397 1.11723 11.3101
200 late  3163 611 4.29845 3.4793 6.03051 4.36571 1.12298 11.3118
201 early 3922 759 4.27307 4.3142 5.92372 4.29627 1.0951 11.5153
201 late  3126 593 4.34229 3.4386 5.92786 4.3589 1.10141 11.5161
202 early 3891 765 4.29196 4.2801 5.91157 4.29285 1.08918 11.5702
202 late  3090 608 4.24013 3.399 5.89571 4.31489 1.07605 11.5713
203 early 3893 803 4.15926 4.2823 5.87162 4.27066 1.05163 11.6254
203 late  3120 635 4.20641 3.432 5.87126 4.35604 1.06474 11.6266
204 early 3896 776 4.1694 4.2856 5.83461 4.321 1.04389 11.6822
204 late  3115 614 4.13258 3.4265 5.847 4.36895 1.02889 11.6834
205 early 3860 745 4.14197 4.246 5.76563 4.23052 1.02772 11.7424
205 late  3148 597 4.17821 3.4628 5.74868 4.26061 1.03208 11.7438
206 early 3934 786 4.14362 4.3274 5.85058 4.32097 1.02618 11.8021
206 late  3147 619 4.18271 3.4617 5.86001 4.34679 1.02542 11.8034
207 early 3918 771 4.16284 4.3098 5.81022 4.29396 1.03037 11.8657
207 late  3214 615 4.2066 3.5354 5.8125 4.32236 1.05227 11.8672
208 early 3995 781 4.18874 4.3945 5.91061 4.32577 1.0423 11.9548
208 late  3196 638 4.22872 3.5156 5.91642 4.31926 1.04506 11.9575
209 early 4035 839 4.14151 4.4385 6.02452 4.39046 1.01289 12.0515
209 late  3253 683 4.14417 3.5783 6.05015 4.46181 1.01752 12.0535
210 early 4018 765 4.16476 4.4198 6.06613 4.44992 1.03484 12.1302
210 late  3296 644 4.14533 3.6256 6.07468 4.49002 1.04035 12.1314
211 early 4106 810 4.1303 4.5166 6.2193 4.54119 1.02314 12.2109
211 late  3250 664 4.13908 3.575 6.2123 4.54467 1.02985 12.2125
212 early 4013 763 4.16197 4.4143 6.06719 4.40845 1.03514 12.2838
212 late  3216 616 4.16978 3.5376 6.09757 4.45041 1.03576 12.2851
213 early 4050 834 4.10519 4.455 6.12431 4.45172 1.01284 12.3576
213 late  3206 656 4.1335 3.5266 6.11769 4.42895 1.02745 12.3595
214 early 3975 769 4.14038 4.3725 6.03391 4.29208 1.02943 12.4332
214 late  3203 619 4.18795 3.5233 6.00989 4.27594 1.03497 12.4349
215 early 3978 775 4.17722 4.3758 5.98611 4.29704 1.0357 12.5112
215 late  3235 624 4.22102 3.5585 5.99828 4.34122 1.04049 12.5127
216 early 4016 781 4.20568 4.4176 6.15391 4.39474 1.03561 12.5947
216 late  3252 624 4.22663 3.5772 6.14605 4.35915 1.04643 12.5964
217 early 4052 800 4.19472 4.4572 6.17773 4.41296 1.03282 12.6849
217 late  3212 625 4.22229 3.5332 6.14864 4.4507 1.03736 12.6865
218 early 3998 786 4.1956 4.3978 6.02975 4.39432 1.03877 12.7722
218 late  3212 617 4.25809 3.5332 6.05278 4.47247 1.05355 12.7735
219 early 3992 780 4.23071 4.3912 6.04043 4.44118 1.05661 12.8512
219 late  3217 613 4.31769 3.5387 6.01969 4.42185 1.06714 12.8527
220 early 4007 790 4.26928 4.4077 6.04416 4.4453 1.0579 12.9344
220 late  3184 628 4.30967 3.5024 6.00583 4.43918 1.07883 12.936
221 early 3976 792 4.25201 4.3736 5.90725 4.40619 1.05659 13.0121
221 late  3206 647 4.29913 3.5266 5.94094 4.49797 1.06082 13.0134
222 early 3985 779 4.26324 4.3835 6.01279 4.4425 1.05245 13.0939
222 late  3239 628 4.33313 3.5629 5.98613 4.43595 1.0741 13.0951
223 early 4060 821 4.25468 4.466 6.04447 4.5096 1.05714 13.1784
223 late  3264 653 4.26195 3.5904 6.04948 4.56639 1.06832 13.1796
224 early 4096 832 4.19312 4.5056 6.10376 4.56305 1.04956 13.2599
224 late  3328 671 4.13792 3.6608 6.11556 4.62341 1.02674 13.2614
225 early 4152 824 4.11826 4.5672 6.17691 4.55884 1.01469 13.3534
225 late  3329 632 4.18985 3.6619 6.18107 4.6104 1.03454 13.3555
226 early 4169 840 4.14416 4.5859 6.20392 4.58338 1.02255 13.4522
226 late  3329 651 4.17122 3.6619 6.24291 4.6361 1.02643 13.4545
227 early 4096 767 4.20288 4.5056 6.17304 4.47353 1.04102 13.5636
227 late  3271 601 4.24213 3.5981 6.19299 4.54389 1.05809 13.565
228 early 4087 816 4.1955 4.4957 6.22295 4.50591 1.04037 13.6735
228 late  3250 650 4.22123 3.575 6.16606 4.45372 1.04523 13.6758
229 early 4091 841 4.14789 4.5001 6.10643 4.48618 1.02835 13.7736
229 late  3285 657 4.14064 3.6135 6.09167 4.49281 1.03714 13.7754
230 early 4113 828 4.10576 4.5243 6.12426 4.50597 1.02602 13.8735
230 late  3275 654 4.15878 3.6025 6.13498 4.52714 1.03878 13.8752
231 early 4051 776 4.17058 4.4561 6.04923 4.44551 1.06097 13.9703
231 late  3251 636 4.15841 3.5761 6.04491 4.45291 1.05229 13.9725
232 early 4039 788 4.15202 4.4429 6.00036 4.43269 1.04531 14.0675
232 late  3179 630 4.1425 3.4969 5.99662 4.46152 1.03492 14.0697
233 early 3959 780 4.12933 4.3549 5.86704 4.36303 1.02854 14.1635
233 late  3160 621 4.22563 3.476 5.8735 4.34067 1.04778 14.1647
234 early 3913 753 4.22004 4.3043 5.85046 4.29522 1.03987 14.2577
234 late  3146 601 4.28417 3.4606 5.86005 4.33028 1.07057 14.2589
235 early 3910 764 4.25166 4.301 5.83735 4.24388 1.05985 14.3468
235 late  3125 594 4.29536 3.4375 5.87314 4.34409 1.0784 14.348
236 early 3887 762 4.25727 4.2757 5.88579 4.26577 1.062 14.4398
236 late  3165 616 4.25118 3.4815 5.87945 4.29874 1.06288 14.4411
237 early 3911 746 4.24955 4.3021 5.95653 4.27683 1.0606 14.5336
237 late  3126 571 4.34293 3.4386 5.92568 4.25046 1.08861 14.5349
238 early 3880 754 4.30464 4.268 5.80798 4.24455 1.07268 14.6281
238 late  3159 600 4.36657 3.4749 5.81315 4.24999 1.0975 14.6293
239 early 3935 776 4.30826 4.3285 5.96767 4.30233 1.0798 14.7228
239 late  3129 597 4.37488 3.4419 5.97247 4.32274 1.08949 14.7241
240 early 3880 751 4.33454 4.268 5.85781 4.23393 1.08402 14.8662
240 late  3084 583 4.38327 3.3924 5.89007 4.28672 1.09339 14.8693
241 early 3870 786 4.28992 4.257 5.90363 4.24296 1.0708 15.0199
241 late  3124 647 4.20743 3.4364 5.92537 4.26608 1.04802 15.0228
242 early 3931 807 4.13839 4.3241 6.09154 4.32885 1.01857 15.1603
242 late  3185 636 4.20283 3.5035 6.11163 4.38837 1.0427 15.1621
243 early 4002 817 4.14068 4.4022 6.28567 4.42972 1.03473 15.3139
243 late  3176 643 4.15019 3.4936 6.28127 4.45345 1.0529 15.3168
244 early 4020 844 4.06891 4.422 6.26506 4.41594 1.03184 15.4595
244 late  3221 682 4.09562 3.5431 6.25455 4.42666 1.0357 15.4618
245 early 4052 831 4.05059 4.4572 6.3287 4.4746 1.01604 15.6004
245 late  3194 650 4.11741 3.5134 6.28213 4.47454 1.04101 15.6033
246 early 3978 784 4.10885 4.3758 6.12853 4.38938 1.03293 15.7451
246 late  3194 635 4.16218 3.5134 6.14055 4.41541 1.05166 15.7481
247 early 3965 771 4.15839 4.3615 6.10844 4.34182 1.03909 15.888
247 late  3155 608 4.20032 3.4705 6.09832 4.35892 1.04754 15.8896
248 early 3882 727 4.22643 4.2702 5.96559 4.23537 1.05023 16.0338
248 late  3148 574 4.27605 3.4628 5.97016 4.25615 1.06163 16.0381
249 early 3947 799 4.20801 4.3417 6.18288 4.37522 1.03826 16.17
249 late  3176 634 4.24402 3.4936 6.1637 4.43508 1.04754 16.1724
250 early 3970 794 4.19521 4.367 6.16648 4.38629 1.02821 16.3105
250 late  3174 615 4.26181 3.4914 6.11507 4.36544 1.02647 16.3124
251 early 3908 734 4.27354 4.2988 5.94056 4.27898 1.03224 16.4513
251 late  3124 580 4.32298 3.4364 5.90982 4.24436 1.05602 16.4568
252 early 3878 754 4.28804 4.2658 5.80439 4.22346 1.05389 16.6176
252 late  3102 609 4.24081 3.4122 5.79867 4.27871 1.04352 16.6214
253 early 3836 734 4.23801 4.2196 5.7883 4.18194 1.03858 16.7657
253 late  3132 598 4.28608 3.4452 5.79602 4.25401 1.05045 16.7681
254 early 3884 752 4.26262 4.2724 5.84024 4.29081 1.03553 16.8903
254 late  3108 592 4.26448 3.4188 5.82193 4.35044 1.02831 16.8937
255 early 3876 768 4.22136 4.2636 5.86656 4.28414 1.03431 17.0263
255 late  3120 622 4.2609 3.432 5.86492 4.32493 1.04712 17.0308
256 early 3858 738 4.25454 4.2438 5.86161 4.31375 1.04795 17.1815
256 late  3141 598 4.33397 3.4551 5.85637 4.30631 1.05954 17.1847
257 early 3932 791 4.26094 4.3252 5.96682 4.36839 1.0501 17.3396
257 late  3188 635 4.2478 3.5068 5.99258 4.47101 1.06148 17.3427
258 early 4006 818 4.17624 4.4066 6.14655 4.46039 1.04094 17.4807
258 late  3233 673 4.20445 3.5563 6.13193 4.45715 1.05104 17.4841
259 early 4057 824 4.1474 4.4627 6.21049 4.53839 1.0488 17.6272
259 late  3241 670 4.10645 3.5651 6.24569 4.60138 1.04227 17.6303
260 early 4002 761 4.13543 4.4022 6.20701 4.46829 1.05522 17.8043
260 late  3189 586 4.14425 3.5079 6.22029 4.47614 1.05017 17.8082
261 early 3985 796 4.11669 4.3835 6.17911 4.42544 1.04391 18.3919
261 late  3200 653 4.14219 3.52 6.14787 4.38784 1.04094 18.3928
262 early 4016 816 4.09736 4.4176 6.20202 4.402 1.03536 18.5425
262 late  3213 640 4.1357 3.5343 6.19048 4.4152 1.03455 18.5435
263 early 4008 795 4.11702 4.4088 6.16941 4.39101 1.03643 18.6834
263 late  3236 628 4.17429 3.5596 6.15326 4.38135 1.05377 18.6853
264 early 4026 790 4.15897 4.4286 6.13364 4.38916 1.04049 18.8319
264 late  3227 636 4.17416 3.5497 6.13956 4.35052 1.04927 18.8348
265 early 3970 743 4.20579 4.367 6.05719 4.31523 1.0529 18.973
265 late  3166 581 4.21478 3.4826 6.05915 4.38563 1.06128 18.9739
266 early 3932 766 4.19888 4.3252 5.98508 4.29166 1.06816 19.1105
266 late  3140 587 4.25191 3.454 6.00739 4.38948 1.07548 19.1119
267 early 3893 753 4.23606 4.2823 5.97513 4.27751 1.07321 19.2728
267 late  3123 592 4.2805 3.4353 5.98212 4.25822 1.08101 19.2746
268 early 3879 756 4.25135 4.2669 5.98029 4.2264 1.06832 19.4241
268 late  3154 624 4.24318 3.4694 5.98948 4.20028 1.04661 19.4251
269 early 3968 814 4.16759 4.3648 6.12594 4.31809 1.02646 19.568
269 late  3163 648 4.18305 3.4793 6.10006 4.35912 1.03636 19.569
270 early 3968 805 4.13155 4.3648 6.15649 4.35565 1.0189 19.7199
270 late  3176 632 4.21725 3.4936 6.15046 4.38112 1.04251 19.7208
271 early 3896 720 4.25308 4.2856 6.08404 4.31356 1.05441 19.8748
271 late  3120 594 4.24327 3.432 6.07125 4.31497 1.06058 19.8764
272 early 3894 774 4.20108 4.2834 6.00353 4.27405 1.05521 20.021
272 late  3103 626 4.17596 3.4133 5.98278 4.26228 1.03448 20.0223
273 early 3868 765 4.15228 4.2548 5.89569 4.23735 1.04783 20.1707
273 late  3096 591 4.17894 3.4056 5.90756 4.27293 1.05652 20.1725
274 early 3885 789 4.12716 4.2735 5.92013 4.26225 1.0556 20.3361
274 late  3122 618 4.22261 3.4342 5.91785 4.32997 1.08392 20.3374
275 early 3870 748 4.21318 4.257 5.93396 4.2749 1.07649 20.4843
275 late  3108 579 4.22909 3.4188 5.91506 4.28068 1.09427 20.4856
276 early 3861 753 4.20927 4.2471 5.81989 4.27749 1.07382 20.6278
276 late  3132 601 4.21967 3.4452 5.82791 4.30553 1.07822 20.6308
277 early 3877 745 4.21666 4.2647 5.84629 4.33608 1.0699 20.7825
277 late  3126 579 4.32054 3.4386 5.8479 4.35563 1.10429 20.7841
278 early 3872 746 4.29545 4.2592 5.85518 4.33446 1.10227 20.934
278 late  3073 581 4.2906 3.3803 5.8635 4.35049 1.09925 20.9353
279 early 3811 738 4.26607 4.1921 5.87843 4.21035 1.08712 21.0756
279 late  3092 578 4.34314 3.4012 5.90785 4.29531 1.11805 21.0771
280 early 3830 738 4.31358 4.213 6.0054 4.28895 1.10705 21.2235
280 late  3092 588 4.30854 3.4012 5.98964 4.29893 1.10996 21.2253
281 early 3889 797 4.22062 4.2779 6.02851 4.30252 1.07251 21.3832
281 late  3085 619 4.23015 3.3935 6.00084 4.29468 1.06548 21.3846
282 early 3830 745 4.21279 4.213 5.9197 4.19503 1.05927 21.529
282 late  3035 559 4.22834 3.3385 5.90732 4.23672 1.05898 21.5303
283 early 3773 738 4.20567 4.1503 5.85931 4.15624 1.04506 21.6721
283 late  3033 560 4.27465 3.3363 5.86069 4.16633 1.07254 21.6753
284 early 3780 747 4.23228 4.158 5.91117 4.16526 1.06429 21.8183
284 late  3035 584 4.32257 3.3385 5.88798 4.155 1.08501 21.8195
285 early 3737 702 4.32272 4.1107 5.81288 4.08637 1.07787 21.9653
285 late  3015 572 4.31642 3.3165 5.799 4.13285 1.08159 21.9665
286 early 3790 775 4.22929 4.169 5.89773 4.18138 1.05356 22.1084
286 late  3044 625 4.23686 3.3484 5.85547 4.13624 1.04928 22.11
287 early 3799 755 4.1961 4.1789 5.81415 4.17358 1.04159 22.2582
287 late  3085 608 4.18768 3.3935 5.77978 4.17999 1.02723 22.26
288 early 3827 742 4.18187 4.2097 5.78729 4.22054 1.03501 22.4129
288 late  3074 581 4.20397 3.3814 5.8103 4.2756 1.03871 22.4142
289 early 3807 733 4.202 4.1877 5.82285 4.21103 1.04465 22.5638
289 late  3051 584 4.26778 3.3561 5.81705 4.19538 1.05769 22.5651
290 early 3790 739 4.24063 4.169 5.81638 4.16565 1.04433 22.7101
290 late  3089 596 4.26772 3.3979 5.80051 4.18074 1.06086 22.7114
291 early 3897 808 4.17552 4.2867 5.90247 4.32173 1.0349 22.8609
291 late  3164 652 4.17415 3.4804 5.89732 4.29294 1.04204 22.8622
292 early 4000 836 4.09275 4.4 6.07654 4.36216 1.0235 23.0254
292 late  3218 653 4.12679 3.5398 6.06706 4.37651 1.02641 23.0267
293 early 4017 799 4.10705 4.4187 5.97869 4.35237 1.01867 23.1891
293 late  3222 629 4.12663 3.5442 5.99715 4.42094 1.02297 23.191
294 early 3994 772 4.1357 4.3934 5.96999 4.34876 1.03205 23.3781
294 late  3234 608 4.20254 3.5574 5.96837 4.38618 1.04638 23.3794
295 early 4034 800 4.1708 4.4374 6.07339 4.44331 1.04784 23.5465
295 late  3238 639 4.2134 3.5618 6.07489 4.48854 1.06053 23.5478
296 early 4036 798 4.18261 4.4396 6.08893 4.45602 1.05773 23.7201
296 late  3239 642 4.25286 3.5629 6.06286 4.45281 1.07008 23.7219
297 early 4050 811 4.20099 4.455 6.08997 4.45642 1.06543 23.8886
297 late  3204 637 4.2372 3.5244 6.12001 4.53632 1.07335 23.8909
298 early 3959 755 4.23844 4.3549 6.02861 4.3578 1.07578 24.0504
298 late  3123 593 4.27954 3.4353 5.99758 4.34729 1.08325 24.0526
299 early 3903 780 4.22444 4.2933 5.8874 4.30867 1.0597 24.2165
299 late  3104 621 4.18621 3.4144 5.89016 4.34528 1.05992 24.2186
300 early 3789 685 4.24861 4.1679 5.68987 4.19088 1.06624 24.3865
300 late  3061 542 4.31722 3.3671 5.7024 4.23851 1.09866 24.3899
