// Initial random seed:
23

// RunInitializeCallbacks():
initializeSLiMModelType(modelType = 'nonWF');
initializeSLiMOptions(dimensionality = 'xy');
initializeTreeSeq();
NUMGENS = 30
BURNIN = 200
W = 50
SIGMA = 1.5
K = 5
A = 0.444444
SD = 1.5
SI = 1.5
SM = 1.5
L = 4
G = 2000000000
FECUN = 0.25
initializeMutationType(1, 0.5, "g", 0, 2);
initializeGenomicElementType(1, m1, 1);
initializeGenomicElement(g1, 0, 1999999999);
initializeMutationRate(0);
initializeRecombinationRate(1e-09);
initializeInteractionType(1, "xy", reciprocal=T, maxDistance=4.5);
initializeInteractionType(2, "xy", reciprocal=T, maxDistance=4.5);

// Starting run at generation <start>:
1 

gen stage pop_size births age density neighbor harm_neigh num_off time
1 early 5555 5555 0 4.9995 4.6004 4.41006 0 0.092964
1 late  3775 3775 0 3.3975 4.70985 4.5818 0 0.093454
2 early 4713 938 0.800976 4.2417 4.28473 3.90764 0.205177 0.179521
2 late  3520 701 0.800852 3.168 4.40146 4.08274 0.202841 0.180078
3 early 4393 873 1.44298 3.9537 4.27011 3.72907 0.373549 0.255748
3 late  3416 665 1.45258 3.0744 4.38932 3.89593 0.377342 0.256292
4 early 4266 850 1.9639 3.8394 4.41783 3.69223 0.495077 0.331845
4 late  3306 658 1.96884 2.9754 4.52656 3.84985 0.50484 0.332431
5 early 4104 798 2.39157 3.6936 4.45815 3.62213 0.603801 0.405588
5 late  3317 649 2.37293 2.9853 4.54119 3.73265 0.602954 0.406144
6 early 4105 788 2.72546 3.6945 4.60542 3.6489 0.694519 0.481926
6 late  3307 615 2.74327 2.9763 4.70465 3.80024 0.690051 0.482576
7 early 4159 852 2.97644 3.7431 4.80913 3.69731 0.74465 0.561604
7 late  3344 669 2.99731 3.0096 4.89788 3.82749 0.744617 0.562203
8 early 4156 812 3.21631 3.7404 4.97139 3.75418 0.798604 0.644179
8 late  3390 649 3.23923 3.051 5.04161 3.85818 0.80354 0.644804
9 early 4182 792 3.43639 3.7638 5.15176 3.81045 0.857484 0.736421
9 late  3361 630 3.46564 3.0249 5.22569 3.88687 0.863136 0.737119
10 early 4186 825 3.58552 3.7674 5.27001 3.81562 0.890349 0.824806
10 late  3417 658 3.62218 3.0753 5.2989 3.86179 0.90518 0.825471
11 early 4329 912 3.64842 3.8961 5.50185 3.95978 0.911758 0.920292
11 late  3459 718 3.67852 3.1131 5.5607 4.03656 0.921075 0.921036
12 early 4287 828 3.7749 3.8583 5.54171 3.94095 0.937719 1.01533
12 late  3394 644 3.79758 3.0546 5.60368 4.02666 0.940483 1.01605
13 early 4226 832 3.85305 3.8034 5.58682 3.89832 0.951491 1.10971
13 late  3396 672 3.80448 3.0564 5.61454 3.90252 0.94258 1.11046
14 early 4217 821 3.8691 3.7953 5.6056 3.87074 0.961347 1.2023
14 late  3394 660 3.85504 3.0546 5.63329 3.93456 0.955215 1.20304
15 early 4230 836 3.89551 3.807 5.69267 3.88287 0.968558 1.2976
15 late  3431 657 3.91606 3.0879 5.7379 3.94486 0.974352 1.29836
16 early 4269 838 3.95104 3.8421 5.77222 3.88325 0.985008 1.39478
16 late  3461 683 3.9399 3.1149 5.78389 3.95397 0.986131 1.39555
17 early 4306 845 3.97051 3.8754 5.92262 3.95329 0.985369 1.49293
17 late  3420 654 4.02251 3.078 5.98201 4.03639 0.984795 1.49371
18 early 4258 838 4.03405 3.8322 5.98499 3.9293 0.99131 1.59121
18 late  3432 678 3.99126 3.0888 6.01408 4.05376 0.982517 1.59197
19 early 4255 823 4.02585 3.8295 5.98766 3.93156 0.989424 1.69298
19 late  3431 660 4.05275 3.0879 5.97956 3.95907 0.988342 1.69457
20 early 4304 873 4.02788 3.8736 6.03999 4.0029 0.985362 1.79401
20 late  3453 696 4.04576 3.1077 6.04366 4.01702 0.983782 1.79497
21 early 4285 832 4.06604 3.8565 6.03675 3.97001 0.988331 1.95264
21 late  3451 666 4.02869 3.1059 6.03542 4.01215 0.979716 1.95344
22 early 4304 853 4.03206 3.8736 6.03972 4.02021 0.978625 2.05666
22 late  3424 669 4.03213 3.0816 6.07495 4.08269 0.980432 2.05747
23 early 4268 844 4.03702 3.8412 6.04097 3.95201 0.981959 2.15807
23 late  3373 641 4.09102 3.0357 6.11096 4.01279 1.01482 2.1589
24 early 4189 816 4.09931 3.7701 5.95438 3.87057 1.02602 2.25719
24 late  3363 639 4.16444 3.0267 5.95294 3.89415 1.04222 2.258
25 early 4179 816 4.15602 3.7611 5.87393 3.8782 1.02991 2.35471
25 late  3367 655 4.12771 3.0303 5.88653 3.93058 1.0098 2.35557
26 early 4237 870 4.07482 3.8133 5.93015 3.92994 0.995044 2.45249
26 late  3341 667 4.17719 3.0069 5.93107 3.94981 1.02634 2.45329
27 early 4152 811 4.16594 3.7368 5.75365 3.79506 1.01373 2.54698
27 late  3344 661 4.19737 3.0096 5.75379 3.8259 1.01435 2.54797
28 early 4161 817 4.17688 3.7449 5.75204 3.83623 1.02451 2.63864
28 late  3357 655 4.17545 3.0213 5.74935 3.81216 1.00596 2.63954
29 early 4163 806 4.17343 3.7467 5.72281 3.80738 1.00721 2.72954
29 late  3356 624 4.26311 3.0204 5.72531 3.85456 1.03367 2.73038
30 early 4181 825 4.22459 3.7629 5.73561 3.85971 1.02942 2.82416
30 late  3380 654 4.28314 3.042 5.71851 3.87538 1.02988 2.82495
31 early 4242 862 4.20957 3.8178 5.80549 3.9213 1.01509 2.92319
31 late  3363 661 4.23907 3.0267 5.86395 3.99275 1.01844 2.92403
32 early 4181 818 4.21406 3.7629 5.76112 3.84353 1.01005 3.01836
32 late  3350 670 4.24 3.015 5.75771 3.90172 1.01881 3.01914
33 early 4164 814 4.21566 3.7476 5.68089 3.82428 1.03194 3.11435
33 late  3327 638 4.28915 2.9943 5.7423 3.91605 1.04869 3.11516
34 early 4137 810 4.25357 3.7233 5.72287 3.80566 1.04327 3.20748
34 late  3359 657 4.25037 3.0231 5.74292 3.84677 1.03781 3.20865
35 early 4225 866 4.1742 3.8025 5.95411 3.89819 1.02438 3.30561
35 late  3376 701 4.17328 3.0384 5.95827 3.91496 1.02281 3.30643
36 early 4207 831 4.15141 3.7863 5.84497 3.87302 1.02258 3.40201
36 late  3409 679 4.16896 3.0681 5.85369 3.90474 1.02845 3.4028
37 early 4159 750 4.23684 3.7431 5.7516 3.8066 1.04112 3.49777
37 late  3379 597 4.23498 3.0411 5.73464 3.84751 1.02249 3.49861
38 early 4201 822 4.21066 3.7809 5.7731 3.86483 1.02476 3.59527
38 late  3345 640 4.28371 3.0105 5.81883 3.93517 1.04604 3.59614
39 early 4161 816 4.24754 3.7449 5.79116 3.80859 1.03845 3.68981
39 late  3380 666 4.24201 3.042 5.82752 3.88549 1.03817 3.69059
40 early 4188 808 4.23066 3.7692 5.72289 3.86051 1.03606 3.78552
40 late  3367 647 4.29047 3.0303 5.78363 3.96355 1.04514 3.78634
41 early 4253 886 4.18834 3.8277 5.93608 3.93426 1.01858 3.88418
41 late  3457 704 4.21898 3.1113 5.89776 3.95324 1.02748 3.88504
42 early 4301 844 4.19484 3.8709 5.89852 3.98126 1.02511 3.98464
42 late  3501 687 4.22765 3.1509 5.89982 3.9656 1.02799 3.98557
43 early 4355 854 4.20253 3.9195 5.97057 4.0304 1.031 4.08833
43 late  3460 669 4.24249 3.114 5.98643 4.05669 1.03468 4.08934
44 early 4294 834 4.22427 3.8646 5.86065 3.97153 1.03633 4.18763
44 late  3420 646 4.29444 3.078 5.8734 4.03425 1.04883 4.18846
45 early 4216 796 4.29483 3.7944 5.77461 3.8821 1.07139 4.36872
45 late  3335 614 4.31784 3.0015 5.81933 3.93873 1.07166 4.36954
46 early 4132 797 4.29211 3.7188 5.77725 3.77168 1.0622 4.46227
46 late  3327 615 4.263 2.9943 5.76592 3.79693 1.05861 4.46305
47 early 4139 812 4.23049 3.7251 5.71459 3.82191 1.05364 4.55488
47 late  3369 658 4.26981 3.0321 5.75303 3.88913 1.05877 4.55566
48 early 4232 863 4.19518 3.8088 5.83735 3.90154 1.0345 4.65216
48 late  3403 666 4.2439 3.0627 5.87744 3.96478 1.04232 4.65304
49 early 4230 827 4.21868 3.807 5.93508 3.91543 1.03002 4.75121
49 late  3375 646 4.24385 3.0375 5.95798 3.93448 1.05422 4.75204
50 early 4222 847 4.19185 3.7998 5.86737 3.91521 1.0469 4.84809
50 late  3365 663 4.1893 3.0285 5.86697 3.96766 1.06835 4.84891
51 early 4184 819 4.17352 3.7656 5.80436 3.9037 1.06142 4.94696
51 late  3383 672 4.17292 3.0447 5.8027 3.93733 1.07242 4.94843
52 early 4208 825 4.15875 3.7872 5.8241 3.89408 1.07581 5.04434
52 late  3338 648 4.24955 3.0042 5.83875 3.93266 1.10785 5.04588
53 early 4199 861 4.17314 3.7791 5.74538 3.82474 1.0774 5.1395
53 late  3374 684 4.19739 3.0366 5.76792 3.91996 1.09247 5.14063
54 early 4209 835 4.16631 3.7881 5.76821 3.87578 1.07769 5.23564
54 late  3397 653 4.24021 3.0573 5.77428 3.94838 1.09744 5.23683
55 early 4254 857 4.18453 3.8286 5.80522 3.98779 1.07945 5.33352
55 late  3434 675 4.18288 3.0906 5.83534 4.0103 1.08125 5.33481
56 early 4312 878 4.12755 3.8808 5.94811 4.00756 1.05172 5.43366
56 late  3447 721 4.12968 3.1023 5.92227 4.00883 1.04555 5.43496
57 early 4298 851 4.11401 3.8682 5.84512 3.97619 1.04281 5.53219
57 late  3426 681 4.05721 3.0834 5.87729 4.06757 1.03503 5.53349
58 early 4269 843 4.05856 3.8421 5.8677 3.97886 1.03092 5.63286
58 late  3423 670 4.04499 3.0807 5.90659 4.00846 1.02308 5.63411
59 early 4306 883 4.01045 3.8754 6.01874 3.99649 1.01811 5.73275
59 late  3450 717 4.0258 3.105 6.01504 4.03026 1.01913 5.73399
60 early 4244 794 4.08553 3.8196 5.89107 3.90238 1.03417 5.83198
60 late  3413 624 4.11427 3.0717 5.88606 3.9897 1.02227 5.83337
61 early 4240 827 4.11675 3.816 5.87828 3.9121 1.02099 5.93839
61 late  3381 634 4.22005 3.0429 5.90936 4.00629 1.04022 5.93934
62 early 4182 801 4.22023 3.7638 5.81603 3.85965 1.03922 6.03587
62 late  3415 648 4.22196 3.0735 5.85401 3.96673 1.04773 6.03684
63 early 4192 777 4.25406 3.7728 5.85319 3.901 1.06966 6.13432
63 late  3367 607 4.29849 3.0303 5.84241 3.91285 1.07811 6.13531
64 early 4270 903 4.17799 3.843 5.91913 3.9612 1.03888 6.23202
64 late  3477 705 4.27955 3.1293 5.95391 4.02044 1.06615 6.23291
65 early 4338 861 4.23167 3.9042 6.03913 4.01004 1.05509 6.33092
65 late  3477 677 4.26114 3.1293 6.0329 4.07598 1.05234 6.3321
66 early 4338 861 4.21692 3.9042 5.97809 4.01525 1.04864 6.42803
66 late  3481 685 4.21201 3.1329 5.95946 4.03816 1.05257 6.42895
67 early 4330 849 4.19007 3.897 5.90671 4.01104 1.06005 6.52721
67 late  3480 676 4.25402 3.132 5.92224 4.04559 1.07299 6.52838
68 early 4312 832 4.24026 3.8808 5.87718 3.98443 1.05983 6.62709
68 late  3489 676 4.21926 3.1401 5.91347 4.07501 1.06076 6.62807
69 early 4384 895 4.15374 3.9456 6.03491 4.04601 1.04288 6.72912
69 late  3483 703 4.14958 3.1347 5.97769 4.06819 1.03704 6.73008
70 early 4338 855 4.13462 3.9042 5.84492 4.03056 1.02674 6.82827
70 late  3444 683 4.13095 3.0996 5.84648 4.04665 1.02962 6.82924
71 early 4269 825 4.13938 3.8421 5.62523 3.94451 1.03771 6.92592
71 late  3430 654 4.15802 3.087 5.64619 3.98156 1.0484 6.92693
72 early 4315 885 4.10012 3.8835 5.7119 3.94043 1.02735 7.02391
72 late  3474 690 4.14882 3.1266 5.74826 4.01726 1.03195 7.02488
73 early 4340 866 4.12143 3.906 5.78877 3.95489 1.03111 7.12427
73 late  3455 696 4.14298 3.1095 5.78806 3.99197 1.03647 7.12523
74 early 4249 794 4.18193 3.8241 5.62328 3.87108 1.05131 7.33077
74 late  3409 649 4.19361 3.0681 5.6417 3.91097 1.04957 7.33173
75 early 4231 822 4.18459 3.8079 5.62645 3.84301 1.05058 7.42549
75 late  3426 658 4.23234 3.0834 5.64292 3.88024 1.05779 7.42644
76 early 4325 899 4.14474 3.8925 5.78467 3.958 1.03445 7.52306
76 late  3469 717 4.11242 3.1221 5.81511 4.02639 1.03084 7.52401
77 early 4285 816 4.13886 3.8565 5.81027 3.93416 1.03874 7.62191
77 late  3409 663 4.17512 3.0681 5.82372 3.99825 1.03813 7.62287
78 early 4248 839 4.15301 3.8232 5.63696 3.89083 1.02519 7.71896
78 late  3445 660 4.23628 3.1005 5.64819 3.95321 1.04731 7.71995
79 early 4257 812 4.23749 3.8313 5.60833 3.91973 1.0491 7.81528
79 late  3408 661 4.30194 3.0672 5.64906 3.98839 1.05839 7.81626
80 early 4267 859 4.23459 3.8403 5.68847 3.94206 1.04875 7.91354
80 late  3425 705 4.27445 3.0825 5.72776 4.00677 1.05022 7.9145
81 early 4334 909 4.1682 3.9006 5.80935 3.99428 1.05168 8.0151
81 late  3478 717 4.21392 3.1302 5.87298 4.11697 1.06383 8.01609
82 early 4313 835 4.2045 3.8817 5.90167 4.0134 1.06446 8.11924
82 late  3454 676 4.24146 3.1086 5.89531 4.04294 1.07267 8.12021
83 early 4370 916 4.14279 3.933 5.9788 4.04895 1.0341 8.22377
83 late  3466 723 4.2262 3.1194 5.97584 4.06658 1.06434 8.22473
84 early 4341 875 4.17277 3.9069 5.9024 4.02258 1.05529 8.32703
84 late  3446 665 4.22809 3.1014 5.97411 4.14012 1.0679 8.32807
85 early 4300 854 4.18977 3.87 5.99142 4.02024 1.04907 8.42963
85 late  3379 667 4.2187 3.0411 5.96043 4.03231 1.06629 8.43066
86 early 4195 816 4.20358 3.7755 5.63911 3.89051 1.0677 8.52782
86 late  3392 643 4.21167 3.0528 5.68641 3.98723 1.07636 8.52908
87 early 4269 877 4.14102 3.8421 5.80037 3.98877 1.04521 8.63011
87 late  3460 711 4.2104 3.114 5.79698 4.01102 1.05347 8.63152
88 early 4276 816 4.21609 3.8484 5.82574 4.01319 1.06548 8.73239
88 late  3426 639 4.17747 3.0834 5.84123 4.02689 1.04933 8.73338
89 early 4247 821 4.1766 3.8223 5.76095 3.92465 1.03979 8.83018
89 late  3430 659 4.19854 3.087 5.78704 3.98562 1.05569 8.8311
90 early 4205 775 4.24043 3.7845 5.7491 3.89069 1.06445 8.92878
90 late  3405 626 4.24699 3.0645 5.77963 3.95224 1.08223 8.9298
91 early 4214 809 4.23968 3.7926 5.76195 3.92243 1.07285 9.02577
91 late  3363 645 4.23372 3.0267 5.78729 3.96588 1.06839 9.0267
92 early 4202 839 4.18872 3.7818 5.72683 3.91523 1.04331 9.1224
92 late  3382 666 4.21053 3.0438 5.73354 3.92631 1.04642 9.12341
93 early 4223 841 4.17286 3.8007 5.72041 3.91226 1.04097 9.21815
93 late  3399 680 4.15063 3.0591 5.74303 3.98481 1.04119 9.21907
94 early 4272 873 4.09808 3.8448 5.84096 3.96562 1.02926 9.31665
94 late  3463 700 4.1311 3.1167 5.8713 4.00536 1.03119 9.31794
95 early 4357 894 4.07826 3.9213 5.9675 4.01248 1.02066 9.41899
95 late  3478 699 4.09546 3.1302 6.0119 4.11712 1.0253 9.41998
96 early 4334 856 4.08906 3.9006 6.04493 3.99561 1.01869 9.52227
96 late  3489 681 4.15363 3.1401 6.02159 4.04301 1.03439 9.52328
97 early 4336 847 4.14691 3.9024 6.00171 4.02089 1.03275 9.62465
97 late  3464 671 4.19371 3.1176 6.0362 4.13556 1.05225 9.62562
98 early 4317 853 4.16748 3.8853 6.05578 4.01477 1.04563 9.72668
98 late  3449 667 4.196 3.1041 6.07369 4.0595 1.049 9.72769
99 early 4297 848 4.17058 3.8673 5.99926 4.00328 1.05562 9.82923
99 late  3435 691 4.16972 3.0915 5.94742 3.97373 1.05066 9.83019
100 early 4304 869 4.12593 3.8736 5.90625 3.99036 1.02718 9.9312
100 late  3468 695 4.14821 3.1212 5.88184 4.03448 1.02999 9.93242
101 early 4287 819 4.16468 3.8583 5.81763 3.99046 1.03429 10.0307
101 late  3457 652 4.18108 3.1113 5.86553 4.04987 1.04802 10.0314
102 early 4318 861 4.14799 3.8862 5.92618 3.99014 1.0359 10.1325
102 late  3449 685 4.147 3.1041 5.9254 4.03284 1.02928 10.1333
103 early 4308 859 4.12071 3.8772 5.8766 3.98401 1.01811 10.2317
103 late  3431 658 4.17021 3.0879 5.85647 3.96648 1.03585 10.2324
104 early 4284 853 4.14076 3.8556 5.71579 3.94067 1.03221 10.3293
104 late  3467 683 4.12172 3.1203 5.78672 4.0373 1.03288 10.3302
105 early 4360 893 4.07271 3.924 5.95705 4.01917 1.02431 10.4295
105 late  3492 695 4.04868 3.1428 5.95945 4.0212 1.02005 10.4307
106 early 4391 899 4.01503 3.9519 5.99044 4.02692 0.999545 10.532
106 late  3504 714 4.05108 3.1536 5.96621 4.05086 1.01341 10.5329
107 early 4321 817 4.09604 3.8889 5.87389 3.9817 1.02245 10.6317
107 late  3411 640 4.10056 3.0699 5.89397 4.07499 1.00938 10.6326
108 early 4265 854 4.07925 3.8385 5.80682 3.96855 1.00375 10.7306
108 late  3450 686 4.08261 3.105 5.80531 4.00342 1.00638 10.7317
109 early 4242 792 4.13366 3.8178 5.79991 3.95636 1.03324 10.9514
109 late  3411 620 4.17766 3.0699 5.83929 4.0274 1.03958 10.9523
110 early 4245 834 4.16042 3.8205 5.88804 3.92947 1.03604 11.0464
110 late  3396 652 4.24647 3.0564 5.88924 3.94847 1.05359 11.0473
111 early 4189 793 4.25328 3.7701 5.81238 3.88135 1.07329 11.1429
111 late  3377 638 4.25792 3.0393 5.81209 3.92791 1.07048 11.1439
112 early 4211 834 4.21658 3.7899 5.80876 3.875 1.06056 11.2387
112 late  3365 669 4.24131 3.0285 5.87143 3.9886 1.06835 11.2396
113 early 4222 857 4.1774 3.7998 5.81973 3.90934 1.04974 11.3351
113 late  3402 673 4.2669 3.0618 5.82118 3.92795 1.07878 11.3361
114 early 4243 841 4.22296 3.8187 5.83796 3.889 1.06222 11.4314
114 late  3390 657 4.22006 3.051 5.86312 3.94174 1.04867 11.4323
115 early 4214 824 4.19934 3.7926 5.78614 3.82668 1.04129 11.526
115 late  3372 641 4.25326 3.0348 5.78537 3.88686 1.07177 11.5269
116 early 4188 816 4.2297 3.7692 5.79928 3.85631 1.06375 11.6196
116 late  3403 663 4.2583 3.0627 5.80689 3.88854 1.0764 11.6206
117 early 4219 816 4.24129 3.7971 5.83455 3.85684 1.06329 11.7145
117 late  3467 673 4.2394 3.1203 5.81331 3.89345 1.06865 11.7157
118 early 4314 847 4.21071 3.8826 5.88059 3.93117 1.05563 11.8125
118 late  3430 662 4.21166 3.087 5.92529 4.00192 1.04169 11.8134
119 early 4253 823 4.20315 3.8277 5.83507 3.82539 1.04632 11.9106
119 late  3464 670 4.19919 3.1176 5.84303 3.86056 1.0407 11.9116
120 early 4340 876 4.14977 3.906 5.82781 3.9125 1.03433 12.0103
120 late  3473 692 4.16585 3.1257 5.84016 4.03152 1.03052 12.0116
121 early 4279 806 4.1928 3.8511 5.73715 3.98267 1.03599 12.109
121 late  3451 639 4.22573 3.1059 5.79634 4.05687 1.04028 12.1099
122 early 4295 844 4.19884 3.8655 5.85715 3.97109 1.03888 12.2062
122 late  3390 680 4.19145 3.051 5.87204 3.99519 1.0354 12.2072
123 early 4229 839 4.1615 3.8061 5.70434 3.89962 1.03712 12.3015
123 late  3400 678 4.21647 3.06 5.73304 3.96438 1.06118 12.3025
124 early 4228 828 4.19489 3.8052 5.72692 3.91236 1.05061 12.3959
124 late  3391 658 4.20997 3.0519 5.7402 3.96913 1.05043 12.3968
125 early 4223 832 4.18352 3.8007 5.76802 3.87572 1.0386 12.4916
125 late  3357 657 4.1552 3.0213 5.7886 3.96113 1.02979 12.4926
126 early 4153 796 4.16711 3.7377 5.6738 3.82054 1.0496 12.5869
126 late  3353 629 4.22815 3.0177 5.76301 3.90863 1.06919 12.5878
127 early 4204 851 4.16984 3.7836 5.91391 3.90109 1.03283 12.6848
127 late  3439 686 4.20733 3.0951 5.89055 3.89905 1.06368 12.6857
128 early 4220 781 4.2436 3.798 5.90628 3.88846 1.0827 12.7829
128 late  3386 611 4.31748 3.0474 5.86506 3.92577 1.09894 12.7839
129 early 4242 856 4.24446 3.8178 5.90593 3.88707 1.06954 12.8832
129 late  3383 665 4.28555 3.0447 5.94609 3.99536 1.07774 12.8842
130 early 4191 808 4.26652 3.7719 5.85215 3.84969 1.08471 12.9826
130 late  3380 622 4.31686 3.042 5.85499 3.86861 1.11124 12.9835
131 early 4203 823 4.27576 3.7827 5.83451 3.86047 1.08898 13.0781
131 late  3381 672 4.31115 3.0429 5.85891 3.95375 1.105 13.0791
132 early 4144 763 4.33325 3.7296 5.76563 3.82449 1.10208 13.1718
132 late  3332 611 4.33914 2.9988 5.75288 3.80709 1.09064 13.1727
133 early 4145 813 4.29192 3.7305 5.68451 3.76785 1.07407 13.264
133 late  3368 652 4.2601 3.0312 5.75175 3.88665 1.06829 13.2649
134 early 4183 815 4.23524 3.7647 5.86195 3.86161 1.04853 13.3589
134 late  3373 668 4.24726 3.0357 5.90752 3.91633 1.04062 13.3599
135 early 4181 808 4.2332 3.7629 5.82231 3.82412 1.03659 13.4543
135 late  3327 631 4.24497 2.9943 5.82915 3.90108 1.03667 13.4553
136 early 4145 818 4.20989 3.7305 5.75423 3.80836 1.04463 13.5468
136 late  3366 657 4.1937 3.0294 5.77572 3.86213 1.02644 13.5477
137 early 4187 821 4.1753 3.7683 5.79545 3.88089 1.01361 13.6412
137 late  3369 657 4.19026 3.0321 5.81132 3.98109 1.02286 13.6421
138 early 4235 866 4.12893 3.8115 5.84644 3.95959 1.01629 13.7365
138 late  3403 687 4.08816 3.0627 5.84454 4.01172 1.00735 13.7374
139 early 4156 753 4.16627 3.7404 5.68117 3.86026 1.00866 13.8294
139 late  3333 599 4.22652 2.9997 5.66796 3.87201 1.0159 13.8303
140 early 4195 862 4.15256 3.7755 5.67915 3.88811 1.01025 13.923
140 late  3364 691 4.18312 3.0276 5.72405 3.98388 1.02527 13.9239
141 early 4146 782 4.2055 3.7314 5.59354 3.87693 1.02243 14.0132
141 late  3355 643 4.22921 3.0195 5.64665 3.97422 1.02891 14.0143
142 early 4154 799 4.2234 3.7386 5.70179 3.8792 1.04887 14.107
142 late  3334 646 4.26455 3.0006 5.71404 3.91832 1.05819 14.1079
143 early 4161 827 4.21822 3.7449 5.69124 3.88251 1.05071 14.199
143 late  3330 661 4.25556 2.997 5.75045 3.97627 1.07177 14.2
144 early 4122 792 4.24575 3.7098 5.73529 3.86221 1.05871 14.2908
144 late  3285 620 4.2761 2.9565 5.73009 3.87964 1.05845 14.2917
145 early 4088 803 4.23973 3.6792 5.56771 3.81917 1.03963 14.3803
145 late  3310 641 4.25317 2.979 5.57321 3.85133 1.03112 14.3812
146 early 4132 822 4.20813 3.7188 5.58052 3.79805 1.03122 14.4713
146 late  3366 673 4.20291 3.0294 5.6006 3.84595 1.02317 14.4721
147 early 4210 844 4.15986 3.789 5.68297 3.85641 1.02494 14.5658
147 late  3387 685 4.17183 3.0483 5.75455 3.94422 1.04074 14.5667
148 early 4231 844 4.14016 3.8079 5.83567 3.89834 1.03096 14.6606
148 late  3395 693 4.15582 3.0555 5.82784 3.93349 1.03299 14.6619
149 early 4202 807 4.16564 3.7818 5.76004 3.83173 1.03855 14.7545
149 late  3390 637 4.23304 3.051 5.80708 3.97559 1.05398 14.7554
150 early 4201 811 4.2228 3.7809 5.809 3.96141 1.05475 14.8497
150 late  3406 665 4.20875 3.0654 5.83291 3.9905 1.03905 14.8506
151 early 4221 815 4.20303 3.7989 5.90629 3.94921 1.02985 15.0938
151 late  3388 677 4.21429 3.0492 5.92031 3.94968 1.02922 15.0948
152 early 4208 820 4.19819 3.7872 5.86805 3.92295 1.02424 15.1904
152 late  3397 659 4.21813 3.0573 5.87767 3.95205 1.0209 15.1913
153 early 4218 821 4.20247 3.7962 5.91862 3.92114 1.02892 15.2879
153 late  3414 654 4.28325 3.0726 5.90607 3.92144 1.04306 15.2889
154 early 4269 855 4.22511 3.8421 5.94599 3.92572 1.02975 15.3856
154 late  3419 683 4.30623 3.0771 5.98615 3.98329 1.06318 15.3866
155 early 4242 823 4.27676 3.8178 5.95289 3.91694 1.06035 15.4835
155 late  3376 644 4.3202 3.0384 5.95452 3.98199 1.06665 15.4845
156 early 4198 822 4.27847 3.7782 5.75745 3.90649 1.06289 15.5779
156 late  3402 676 4.24927 3.0618 5.81736 3.94412 1.05585 15.5788
157 early 4189 787 4.26307 3.7701 5.82376 3.86902 1.05777 15.6742
157 late  3394 613 4.29994 3.0546 5.81325 3.91714 1.06924 15.6751
158 early 4205 811 4.27776 3.7845 5.7274 3.84738 1.05517 15.768
158 late  3357 634 4.3381 3.0213 5.73381 3.94523 1.07149 15.7693
159 early 4170 813 4.29736 3.753 5.67251 3.83763 1.06355 15.8603
159 late  3382 663 4.31254 3.0438 5.72285 3.92721 1.07599 15.8613
160 early 4216 834 4.26162 3.7944 5.81166 3.90209 1.07092 15.9547
160 late  3397 674 4.262 3.0573 5.79708 3.89023 1.07359 15.9557
161 early 4202 805 4.25393 3.7818 5.76622 3.88882 1.06045 16.049
161 late  3424 647 4.27453 3.0816 5.7617 3.90422 1.06922 16.0504
162 early 4255 831 4.24442 3.8295 5.81639 3.92385 1.07027 16.143
162 late  3373 655 4.31426 3.0357 5.8523 3.98691 1.08983 16.1445
163 early 4153 780 4.31616 3.7377 5.73967 3.8143 1.08981 16.2378
163 late  3406 625 4.38285 3.0654 5.71892 3.83139 1.09248 16.2392
164 early 4226 820 4.33838 3.8034 5.79438 3.87234 1.07359 16.3345
164 late  3389 659 4.36707 3.0501 5.81727 3.92844 1.08321 16.3359
165 early 4200 811 4.33071 3.78 5.77383 3.86042 1.06905 16.4305
165 late  3390 632 4.35988 3.051 5.81029 3.92106 1.08083 16.4322
166 early 4164 774 4.36359 3.7476 5.77088 3.7862 1.08477 16.5271
166 late  3344 602 4.42195 3.0096 5.78131 3.84037 1.09868 16.5284
167 early 4197 853 4.31999 3.7773 5.77162 3.75374 1.06981 16.6217
167 late  3329 671 4.35566 2.9961 5.8176 3.86078 1.0748 16.623
168 early 4103 774 4.34536 3.6927 5.76189 3.71638 1.07921 16.7141
168 late  3348 651 4.32796 3.0132 5.81508 3.78041 1.08393 16.7153
169 early 4194 846 4.25322 3.7746 5.93153 3.79919 1.05722 16.8106
169 late  3350 655 4.29313 3.015 5.95906 3.85705 1.08418 16.812
170 early 4172 822 4.25024 3.7548 5.96225 3.83811 1.06496 16.909
170 late  3333 637 4.28503 2.9997 5.98422 3.86522 1.07651 16.9103
171 early 4088 755 4.30895 3.6792 5.87872 3.78498 1.07705 17.0048
171 late  3274 595 4.34789 2.9466 5.90713 3.83165 1.08155 17.0062
172 early 4108 834 4.26217 3.6972 5.89371 3.80219 1.06865 17.1019
172 late  3302 670 4.24076 2.9718 5.89578 3.83606 1.05512 17.1032
173 early 4121 819 4.19922 3.7089 5.95006 3.82934 1.04999 17.1977
173 late  3301 645 4.23054 2.9709 5.96455 3.87205 1.06998 17.1989
174 early 4102 801 4.20917 3.6918 5.89313 3.81179 1.05217 17.2934
174 late  3319 644 4.22025 2.9871 5.88133 3.80624 1.04248 17.2946
175 early 4118 799 4.20738 3.7062 5.89155 3.84176 1.03545 17.3875
175 late  3357 663 4.19452 3.0213 5.85338 3.8582 1.03485 17.3891
176 early 4159 802 4.19283 3.7431 5.81862 3.85975 1.04809 17.4842
176 late  3325 623 4.20571 2.9925 5.81501 3.8993 1.05865 17.4855
177 early 4103 778 4.21862 3.6927 5.70708 3.79498 1.05825 17.5766
177 late  3313 609 4.2783 2.9817 5.67937 3.76535 1.06822 17.5779
178 early 4197 884 4.16655 3.7773 5.79238 3.88775 1.02883 17.6716
178 late  3401 716 4.19965 3.0609 5.77583 3.9157 1.0491 17.673
179 early 4235 834 4.17568 3.8115 5.75308 3.92248 1.05006 17.7674
179 late  3379 656 4.1968 3.0411 5.79256 4.00706 1.07251 17.769
180 early 4219 840 4.16212 3.7971 5.83654 3.9435 1.05665 17.8651
180 late  3392 671 4.18779 3.0528 5.86716 3.98266 1.06044 17.8664
181 early 4184 792 4.20578 3.7656 5.77006 3.89772 1.06716 17.9637
181 late  3376 635 4.2346 3.0384 5.7921 3.93318 1.05332 17.965
182 early 4141 765 4.26757 3.7269 5.76185 3.82407 1.06907 18.0607
182 late  3365 617 4.25349 3.0285 5.79063 3.8791 1.06776 18.062
183 early 4149 784 4.26079 3.7341 5.76841 3.82425 1.05736 18.1565
183 late  3325 623 4.25143 2.9925 5.78154 3.8875 1.06015 18.1579
184 early 4158 833 4.19937 3.7422 5.79547 3.8169 1.0582 18.2485
184 late  3350 679 4.22537 3.015 5.7953 3.84889 1.06478 18.251
185 early 4117 767 4.25188 3.7053 5.75675 3.81067 1.07335 18.3492
185 late  3346 620 4.27884 3.0114 5.80978 3.90482 1.08099 18.3504
186 early 4124 778 4.28298 3.7116 5.86267 3.88352 1.09311 18.4456
186 late  3369 633 4.27159 3.0321 5.88894 3.93737 1.10329 18.4468
187 early 4174 805 4.25491 3.7566 5.92535 3.90985 1.09487 18.5449
187 late  3325 630 4.25203 2.9925 5.96446 3.97078 1.08361 18.5461
188 early 4109 784 4.24994 3.6981 5.90817 3.85345 1.07179 18.6407
188 late  3282 620 4.31231 2.9538 5.89688 3.8866 1.09689 18.6419
189 early 4078 796 4.27538 3.6702 5.7259 3.76304 1.08926 18.7324
189 late  3265 622 4.38407 2.9385 5.73099 3.82396 1.11485 18.7337
190 early 4081 816 4.30752 3.6729 5.76515 3.79885 1.08772 18.8248
190 late  3312 664 4.3125 2.9808 5.79139 3.87602 1.07639 18.8262
191 early 4131 819 4.25926 3.7179 5.88831 3.87547 1.06415 18.9197
191 late  3369 665 4.26981 3.0321 5.88549 3.89787 1.06738 18.921
192 early 4177 808 4.25042 3.7593 5.90242 3.87547 1.0565 19.0171
192 late  3303 646 4.20103 2.9727 5.88596 3.95342 1.04662 19.0185
193 early 4115 812 4.17473 3.7035 5.7893 3.86093 1.03888 19.1133
193 late  3311 659 4.13108 2.9799 5.79278 3.85724 1.01117 19.1146
194 early 4108 797 4.13559 3.6972 5.75356 3.85536 1.01801 19.2083
194 late  3345 651 4.18087 3.0105 5.78754 3.91142 1.0272 19.2095
195 early 4188 843 4.13801 3.7692 5.86382 3.89119 1.01242 19.3062
195 late  3365 666 4.09272 3.0285 5.86608 3.97322 1.00208 19.3074
196 early 4202 837 4.0783 3.7818 5.87823 3.9223 0.998572 19.404
196 late  3377 661 4.08765 3.0393 5.84783 3.8892 1.00948 19.4053
197 early 4167 790 4.12311 3.7503 5.75176 3.87471 1.01824 19.5013
197 late  3381 624 4.13605 3.0429 5.80728 3.92254 1.02899 19.5026
198 early 4205 824 4.12961 3.7845 5.83743 3.90182 1.01165 19.5992
198 late  3345 657 4.07085 3.0105 5.87941 3.96022 0.993423 19.601
199 early 4112 767 4.125 3.7008 5.8066 3.79667 1.01581 19.6947
199 late  3366 627 4.14587 3.0294 5.80769 3.8113 1.03238 19.6959
200 early 4260 894 4.06596 3.834 5.9099 3.90788 1.01362 19.7928
200 late  3397 700 4.1307 3.0573 5.93814 3.95944 1.03562 19.7946
201 early 4190 793 4.15967 3.771 5.90569 3.89785 1.04415 20.0718
201 late  3362 634 4.15705 3.0258 5.88594 3.9222 1.05919 20.0728
202 early 4151 789 4.17682 3.7359 5.83561 3.832 1.0542 20.177
202 late  3364 618 4.15963 3.0276 5.86532 3.91484 1.0431 20.178
203 early 4228 864 4.10525 3.8052 6.01508 3.89894 1.01443 20.2869
203 late  3406 679 4.11216 3.0654 6.0115 3.9222 1.01497 20.288
204 early 4221 815 4.12509 3.7989 5.95613 3.95607 1.0263 20.3961
204 late  3366 632 4.16696 3.0294 5.96032 3.9846 1.03327 20.3973
205 early 4170 804 4.17074 3.753 5.915 3.88789 1.03189 20.5037
205 late  3297 613 4.23142 2.9673 5.94135 3.91939 1.04671 20.5051
206 early 4082 785 4.22538 3.6738 5.83675 3.7955 1.04998 20.6079
206 late  3309 630 4.25808 2.9781 5.84404 3.81225 1.05258 20.6091
207 early 4169 860 4.17342 3.7521 5.91014 3.86308 1.02591 20.7164
207 late  3361 693 4.20797 3.0249 5.93701 3.92776 1.03392 20.7176
208 early 4128 767 4.24031 3.7152 5.80031 3.8209 1.04845 20.8246
208 late  3327 612 4.18545 2.9943 5.83056 3.87915 1.03126 20.8259
209 early 4143 816 4.16413 3.7287 5.79349 3.83682 1.03234 20.9328
209 late  3300 640 4.20697 2.97 5.84619 3.93869 1.03606 20.934
210 early 4118 818 4.17266 3.7062 5.78765 3.84723 1.02865 21.0415
210 late  3288 644 4.19191 2.9592 5.75067 3.86537 1.02068 21.0427
211 early 4113 825 4.1505 3.7017 5.73455 3.82695 1.00389 21.153
211 late  3356 673 4.18713 3.0204 5.73988 3.84465 1.02414 21.154
212 early 4186 830 4.15862 3.7674 5.87586 3.87172 1.01601 21.2666
212 late  3362 660 4.18679 3.0258 5.91168 3.9055 1.00714 21.2678
213 early 4129 767 4.2233 3.7161 5.78575 3.81185 1.02882 21.3794
213 late  3378 621 4.20989 3.0402 5.76173 3.81723 1.02783 21.3805
214 early 4208 830 4.18227 3.7872 5.77381 3.84538 1.02067 21.495
214 late  3398 675 4.27457 3.0582 5.80634 3.93316 1.03296 21.4961
215 early 4276 878 4.19153 3.8484 5.83771 3.92076 1.02058 21.6148
215 late  3471 713 4.23019 3.1239 5.85727 3.94786 1.03976 21.6158
216 early 4342 871 4.18102 3.9078 5.90636 4.00192 1.02626 21.7376
216 late  3481 691 4.24648 3.1329 5.92966 4.06779 1.03792 21.7387
217 early 4312 831 4.23539 3.8808 5.88022 3.98741 1.05125 21.8605
217 late  3474 659 4.21877 3.1266 5.89507 4.06248 1.05009 21.8615
218 early 4330 856 4.18707 3.897 5.95798 3.97849 1.04365 21.9852
218 late  3463 676 4.19636 3.1167 5.93535 3.99964 1.04476 21.9862
219 early 4293 830 4.19171 3.8637 5.93861 3.92369 1.04263 22.1149
219 late  3433 657 4.26012 3.0897 5.97184 3.98172 1.0702 22.1158
220 early 4245 812 4.25395 3.8205 5.86666 3.85133 1.06596 22.2356
220 late  3380 632 4.26716 3.042 5.8441 3.83774 1.06686 22.2365
221 early 4166 786 4.2734 3.7494 5.69088 3.76876 1.07441 22.3513
221 late  3376 636 4.3128 3.0384 5.6941 3.84069 1.09923 22.3522
222 early 4176 800 4.29502 3.7584 5.67614 3.76812 1.08142 22.4691
222 late  3362 628 4.31975 3.0258 5.7084 3.88396 1.09459 22.4708
223 early 4173 811 4.28589 3.7557 5.65467 3.85373 1.07668 22.5945
223 late  3369 653 4.28109 3.0321 5.64633 3.8861 1.08222 22.5959
224 early 4188 819 4.24833 3.7692 5.61089 3.88122 1.06805 22.7174
224 late  3367 647 4.29492 3.0303 5.59858 3.87454 1.09653 22.7189
225 early 4183 816 4.26201 3.7647 5.58855 3.85647 1.08224 22.8402
225 late  3364 647 4.2931 3.0276 5.66897 3.93294 1.09245 22.8413
226 early 4185 821 4.25472 3.7665 5.71474 3.84529 1.08029 22.9644
226 late  3341 652 4.27387 3.0069 5.80001 3.99133 1.07722 22.9656
227 early 4208 867 4.18726 3.7872 5.84612 3.86443 1.04634 23.093
227 late  3403 687 4.22421 3.0627 5.8346 3.95429 1.04966 23.0941
228 early 4239 836 4.19391 3.8151 5.82874 3.93112 1.04459 23.2248
228 late  3402 680 4.17078 3.0618 5.83382 3.97493 1.04292 23.2258
229 early 4282 880 4.10813 3.8538 5.82884 3.95338 1.03153 23.3582
229 late  3476 699 4.16398 3.1284 5.87668 4.05758 1.04776 23.3593
230 early 4349 873 4.12739 3.9141 5.98096 4.02448 1.03449 23.4957
230 late  3439 676 4.14685 3.0951 5.98023 4.05723 1.03024 23.4966
