// Initial random seed:
23

// RunInitializeCallbacks():
initializeSLiMModelType(modelType = 'nonWF');
initializeSLiMOptions(dimensionality = 'xy');
initializeTreeSeq();
NUMGENS = 100
BURNIN = 200
W = 50
SIGMA = 1
K = 5
A = 0.444444
SD = 1
SI = 1
SM = 1
L = 4
G = 2000000000
FECUN = 0.25
initializeMutationType(1, 0.5, "g", 0, 2);
initializeGenomicElementType(1, m1, 1);
initializeGenomicElement(g1, 0, 1999999999);
initializeMutationRate(0);
initializeRecombinationRate(1e-09);
initializeInteractionType(1, "xy", reciprocal=T, maxDistance=3);
initializeInteractionType(2, "xy", reciprocal=T, maxDistance=3);

// Starting run at generation <start>:
1 

gen stage pop_size births age density neighbor harm_neigh num_off time
1 early 5555 5555 0 4.9995 4.72359 4.51982 0 0.050821
1 late  3821 3821 0 3.4389 4.78593 4.63221 0 0.051289
2 early 4784 963 0.798704 4.3056 4.39507 3.99855 0.204431 0.100852
2 late  3606 721 0.800055 3.2454 4.49722 4.14606 0.207709 0.101418
3 early 4518 912 1.4367 4.0662 4.44291 3.83732 0.37583 0.145792
3 late  3502 697 1.44746 3.1518 4.52083 3.94854 0.379783 0.146295
4 early 4413 911 1.94222 3.9717 4.49727 3.77686 0.491956 0.189155
4 late  3468 705 1.94896 3.1212 4.60029 3.91738 0.489331 0.189667
5 early 4312 844 2.37175 3.8808 4.65383 3.74113 0.595083 0.232897
5 late  3386 656 2.37212 3.0474 4.72986 3.80403 0.590372 0.233413
6 early 4215 829 2.7089 3.7935 4.73686 3.63112 0.677343 0.277699
6 late  3353 645 2.72771 3.0177 4.82069 3.75761 0.689234 0.278388
7 early 4211 858 2.96818 3.7899 4.9921 3.62828 0.747091 0.322554
7 late  3367 688 2.97446 3.0303 5.03921 3.68615 0.732997 0.323204
8 early 4182 815 3.1999 3.7638 5.14139 3.63344 0.787183 0.369506
8 late  3391 651 3.22589 3.0519 5.18926 3.70588 0.791212 0.370122
9 early 4207 816 3.40623 3.7863 5.30048 3.69706 0.846922 0.417318
9 late  3408 657 3.3929 3.0672 5.30431 3.73433 0.837735 0.417901
10 early 4218 810 3.54931 3.7962 5.34643 3.7327 0.868895 0.46427
10 late  3436 655 3.56927 3.0924 5.36774 3.75264 0.87369 0.464959
11 early 4345 909 3.61335 3.9105 5.53984 3.82841 0.895742 0.513063
11 late  3518 739 3.63701 3.1662 5.53094 3.84342 0.907618 0.513694
12 early 4415 897 3.6949 3.9735 5.68838 3.87077 0.911212 0.563835
12 late  3545 722 3.66601 3.1905 5.68641 3.89176 0.896192 0.564607
13 early 4428 883 3.73555 3.9852 5.6772 3.90253 0.917796 0.616629
13 late  3534 686 3.75184 3.1806 5.7159 3.9491 0.914827 0.617332
14 early 4347 813 3.86312 3.9123 5.68567 3.82475 0.951691 0.667206
14 late  3463 626 3.91915 3.1167 5.68788 3.85244 0.963904 0.667836
15 early 4308 845 3.95427 3.8772 5.6862 3.74933 0.972377 0.716464
15 late  3491 684 3.96935 3.1419 5.707 3.81643 0.97823 0.717262
16 early 4339 848 3.99816 3.9051 5.78402 3.78688 0.983637 0.766433
16 late  3505 679 3.9826 3.1545 5.8029 3.84883 0.981455 0.767225
17 early 4375 870 3.99177 3.9375 5.90887 3.85173 0.994971 0.818637
17 late  3514 676 4.03244 3.1626 5.88779 3.85835 1.01366 0.819431
18 early 4371 857 4.04576 3.9339 5.81008 3.87397 1.01624 0.869471
18 late  3576 714 4.04362 3.2184 5.80456 3.87155 1.02517 0.870301
19 early 4428 852 4.07317 3.9852 5.85189 3.96393 1.0262 0.921506
19 late  3479 665 4.10003 3.1311 5.88248 4.03222 1.04829 0.922389
20 early 4393 914 4.03893 3.9537 5.87369 3.91826 1.02891 0.972961
20 late  3506 721 4.06132 3.1554 5.87296 3.96117 1.04392 0.973627
21 early 4387 881 4.04491 3.9483 5.98664 3.96223 1.01504 1.07404
21 late  3478 676 4.07274 3.1302 5.95652 3.92206 1.01294 1.07471
22 early 4349 871 4.05679 3.9141 5.87768 3.81034 1.00575 1.13179
22 late  3481 690 4.0632 3.1329 5.91607 3.86153 0.989371 1.13248
23 early 4303 822 4.09598 3.8727 5.94716 3.79283 1.00651 1.18315
23 late  3439 660 4.15702 3.0951 5.92995 3.76547 1.02413 1.18383
24 early 4325 886 4.10058 3.8925 5.96957 3.83949 1.01341 1.23751
24 late  3483 715 4.12202 3.1347 5.93177 3.81518 1.02613 1.2383
25 early 4345 862 4.10587 3.9105 5.93834 3.84172 1.02094 1.28893
25 late  3493 713 4.11251 3.1437 5.94471 3.84317 1.02405 1.28961
26 early 4347 854 4.10812 3.9123 5.92466 3.84398 1.02162 1.33999
26 late  3515 700 4.09986 3.1635 5.91635 3.85525 1.01622 1.34068
27 early 4423 908 4.05291 3.9807 6.01861 3.95343 1.00859 1.39203
27 late  3527 716 4.05245 3.1743 6.04649 3.98695 1.01134 1.39276
28 early 4384 857 4.06478 3.9456 6.07299 3.90435 1.00661 1.44384
28 late  3502 685 4.07853 3.1518 6.04076 3.8548 1.00828 1.44455
29 early 4371 869 4.06886 3.9339 6.06661 3.87854 1.00709 1.49553
29 late  3506 681 4.10468 3.1554 6.06036 3.89145 1.02767 1.49621
30 early 4401 895 4.06658 3.9609 6.10192 3.90755 1.01341 1.54895
30 late  3507 720 4.05332 3.1563 6.10348 3.91601 1.02338 1.54967
31 early 4358 851 4.06654 3.9222 6.07792 3.90425 1.02065 1.60117
31 late  3493 676 4.06814 3.1437 6.04415 3.89915 1.02834 1.60191
32 early 4331 838 4.08751 3.8979 5.92601 3.88502 1.04387 1.65191
32 late  3430 672 4.05743 3.087 5.91089 3.89486 1.03265 1.65274
33 early 4284 854 4.04925 3.8556 5.79436 3.86446 1.02428 1.70307
33 late  3438 686 4.08086 3.0942 5.78117 3.87136 1.01978 1.70381
34 early 4326 888 4.03791 3.8934 5.8411 3.8912 1.01017 1.75359
34 late  3469 692 4.12107 3.1221 5.82904 3.90387 1.0147 1.75429
35 early 4336 867 4.09709 3.9024 5.87998 3.9189 1.01361 1.80409
35 late  3498 700 4.15266 3.1482 5.85249 3.93656 1.02973 1.8048
36 early 4276 778 4.21515 3.8484 5.72385 3.84513 1.0435 1.8537
36 late  3499 640 4.18577 3.1491 5.75365 3.87232 1.04001 1.85451
37 early 4355 856 4.16648 3.9195 5.86656 3.9303 1.03927 1.905
37 late  3499 706 4.16805 3.1491 5.83443 3.90352 1.04287 1.90575
38 early 4356 857 4.15129 3.9204 5.79288 3.84133 1.03604 1.95503
38 late  3550 678 4.2062 3.195 5.77747 3.90919 1.05014 1.95584
39 early 4437 887 4.16543 3.9933 5.84076 3.97783 1.03538 2.00635
39 late  3551 712 4.20727 3.1959 5.86364 4.02077 1.05182 2.00721
40 early 4498 947 4.11094 4.0482 5.92269 4.05337 1.02023 2.05985
40 late  3626 759 4.14506 3.2634 5.90431 4.02836 1.02978 2.06058
41 early 4507 881 4.13934 4.0563 5.89782 4.04528 1.02263 2.11628
41 late  3631 687 4.1724 3.2679 5.88906 4.03132 1.03002 2.11708
42 early 4508 877 4.16615 4.0572 5.86905 3.9878 1.02972 2.17251
42 late  3591 714 4.14286 3.2319 5.91616 4.10547 1.02172 2.17325
43 early 4508 917 4.09672 4.0572 5.95598 4.04641 1.03039 2.22618
43 late  3587 708 4.15835 3.2283 5.97701 4.06383 1.04516 2.22761
44 early 4456 869 4.15238 4.0104 5.97312 3.9701 1.04286 2.28166
44 late  3572 680 4.25756 3.2148 6.00777 3.98321 1.06887 2.2824
45 early 4418 846 4.25079 3.9762 5.97404 3.91343 1.06541 2.41402
45 late  3479 650 4.31532 3.1311 5.98266 3.92596 1.06525 2.41489
46 early 4385 906 4.2171 3.9465 5.96378 3.8818 1.03854 2.46603
46 late  3516 745 4.20961 3.1644 5.96694 3.90946 1.03896 2.46688
47 early 4374 858 4.1877 3.9366 5.95293 3.90048 1.03612 2.51921
47 late  3498 690 4.19926 3.1482 5.94478 3.91283 1.03459 2.51998
48 early 4343 845 4.18766 3.9087 5.8578 3.85598 1.04099 2.57076
48 late  3494 683 4.21551 3.1446 5.85881 3.86283 1.03921 2.57152
49 early 4344 850 4.19498 3.9096 5.86076 3.82548 1.0366 2.62194
49 late  3470 680 4.21182 3.123 5.84445 3.80833 1.04236 2.62283
50 early 4340 870 4.16705 3.906 5.89364 3.83363 1.04124 2.67293
50 late  3477 703 4.18234 3.1293 5.88623 3.8204 1.0463 2.67386
51 early 4407 930 4.08872 3.9663 5.93709 3.89507 1.02587 2.726
51 late  3501 745 4.0934 3.1509 5.91926 3.9081 1.04142 2.72729
52 early 4356 855 4.09366 3.9204 5.81424 3.83472 1.03398 2.77715
52 late  3499 669 4.15519 3.1491 5.78836 3.84885 1.05259 2.77827
53 early 4433 934 4.06903 3.9897 5.92973 3.97817 1.03023 2.83006
53 late  3533 723 4.07925 3.1797 5.93811 3.98756 1.02972 2.83125
54 early 4428 895 4.05262 3.9852 5.90781 3.97038 1.01197 2.88295
54 late  3532 693 4.09032 3.1788 5.91111 3.97469 1.02039 2.88417
55 early 4409 877 4.0778 3.9681 5.87606 3.9459 1.02359 2.93652
55 late  3524 684 4.15607 3.1716 5.89044 3.98809 1.04086 2.93764
56 early 4399 875 4.13048 3.9591 5.95036 3.96634 1.03455 2.99002
56 late  3522 704 4.10704 3.1698 5.9241 3.9537 1.03038 2.99126
57 early 4415 893 4.07407 3.9735 5.98278 3.951 1.02627 3.04352
57 late  3517 711 4.07194 3.1653 5.95401 3.91706 1.03185 3.04464
58 early 4309 792 4.13971 3.8781 5.78229 3.82595 1.05036 3.09642
58 late  3460 632 4.13237 3.114 5.8371 3.8802 1.04971 3.09758
59 early 4317 857 4.1135 3.8853 5.97162 3.85289 1.03475 3.14876
59 late  3463 677 4.19838 3.1167 5.91057 3.80015 1.05602 3.14993
60 early 4297 834 4.18943 3.8673 5.8476 3.79764 1.04561 3.20426
60 late  3522 673 4.23481 3.1698 5.8819 3.83091 1.0565 3.20568
61 early 4334 812 4.25404 3.9006 6.02592 3.85396 1.07683 3.26255
61 late  3474 647 4.28325 3.1266 5.98655 3.80983 1.0688 3.26345
62 early 4404 930 4.16757 3.9636 6.079 3.92832 1.03542 3.31827
62 late  3542 741 4.19678 3.1878 6.09047 3.98202 1.03896 3.31948
63 early 4401 859 4.18246 3.9609 6.05683 3.94874 1.04135 3.3737
63 late  3525 672 4.22043 3.1725 6.06523 3.95248 1.05929 3.37453
64 early 4395 870 4.18703 3.9555 6.0337 3.93624 1.05734 3.42934
64 late  3574 696 4.20118 3.2166 6.00329 3.90354 1.06967 3.43051
65 early 4472 898 4.15675 4.0248 6.0419 4.01606 1.06619 3.48599
65 late  3643 722 4.2056 3.2787 6.04513 3.98697 1.07878 3.48693
66 early 4522 879 4.19372 4.0698 6.11646 4.03323 1.05639 3.54531
66 late  3584 678 4.21484 3.2256 6.09987 4.02314 1.07338 3.54633
67 early 4532 948 4.12401 4.0788 6.12347 4.00538 1.03795 3.60171
67 late  3579 744 4.09276 3.2211 6.13199 4.00023 1.01509 3.60261
68 early 4445 866 4.10056 4.0005 6.07083 3.90812 1.00832 3.65741
68 late  3483 671 4.17571 3.1347 6.04128 3.9517 1.02326 3.65826
69 early 4318 835 4.17485 3.8862 5.90614 3.79438 1.02964 3.71004
69 late  3458 681 4.16686 3.1122 5.86816 3.80102 1.02024 3.7109
70 early 4344 886 4.11303 3.9096 5.89352 3.8525 1.00599 3.76174
70 late  3467 700 4.12547 3.1203 5.91663 3.88519 0.998846 3.76256
71 early 4322 855 4.11152 3.8898 5.91295 3.83632 1.00231 3.81418
71 late  3431 666 4.16846 3.0879 5.91292 3.8754 1.01749 3.81521
72 early 4251 820 4.17149 3.8259 5.83059 3.79276 1.01458 3.86584
72 late  3419 665 4.17461 3.0771 5.81351 3.76822 1.00234 3.86665
73 early 4298 879 4.11633 3.8682 5.86558 3.84799 0.996743 3.91811
73 late  3412 693 4.12134 3.0708 5.85265 3.87438 0.982708 3.91903
74 early 4262 850 4.09995 3.8358 5.76649 3.84157 0.983107 4.06418
74 late  3449 669 4.15512 3.1041 5.82388 3.87919 0.991012 4.06519
75 early 4297 848 4.13777 3.8673 5.94531 3.80671 1.00954 4.11859
75 late  3504 690 4.17409 3.1536 5.92542 3.80624 1.01427 4.11954
76 early 4369 865 4.14969 3.9321 6.04673 3.86429 1.01144 4.17263
76 late  3516 683 4.19937 3.1644 6.0517 3.8839 1.03185 4.1735
77 early 4408 892 4.14723 3.9672 6.10881 3.89428 1.01838 4.227
77 late  3480 709 4.18276 3.132 6.06775 3.85946 1.02586 4.22788
78 early 4309 829 4.18566 3.8781 5.92056 3.7779 1.03945 4.28007
78 late  3445 661 4.23338 3.1005 5.98511 3.85306 1.04615 4.28101
79 early 4363 918 4.13225 3.9267 6.06952 3.86624 1.04217 4.33354
79 late  3445 725 4.15965 3.1005 6.06792 3.88376 1.04383 4.33455
80 early 4279 834 4.15401 3.8511 5.99329 3.7891 1.04323 4.38643
80 late  3413 677 4.18928 3.0717 5.97272 3.80565 1.06446 4.38739
81 early 4299 886 4.1198 3.8691 6.06737 3.54779 1.03745 4.43974
81 late  3444 698 4.19338 3.0996 6.03913 3.8246 1.05372 4.4406
82 early 4320 876 4.14028 3.888 6.05659 3.85604 1.03588 4.49256
82 late  3470 710 4.17118 3.123 6.05683 3.86101 1.04986 4.49337
83 early 4340 870 4.13456 3.906 6.0372 3.85147 1.03571 4.54695
83 late  3520 706 4.14091 3.168 6.03991 3.91694 1.03125 4.5478
84 early 4438 918 4.07751 3.9942 6.31532 3.95049 1.01983 4.604
84 late  3509 726 4.11 3.1581 6.28024 3.94875 1.01966 4.60498
85 early 4357 848 4.11545 3.9213 6.22565 3.85378 1.01859 4.65934
85 late  3429 668 4.11374 3.0861 6.18728 3.81597 1.00992 4.66036
86 early 4255 826 4.12103 3.8295 6.06078 3.74999 1.01692 4.71335
86 late  3486 687 4.1222 3.1374 6.02372 3.68408 1.01348 4.71422
87 early 4317 831 4.13621 3.8853 6.12103 3.8415 1.01946 4.7673
87 late  3449 660 4.12583 3.1041 6.10366 3.79826 1.0203 4.76825
88 early 4288 839 4.1229 3.8592 6.01467 3.75966 1.02589 4.82047
88 late  3452 686 4.15788 3.1068 6.02836 3.7872 1.03737 4.82129
89 early 4333 881 4.10916 3.8997 6.15128 3.82851 1.02239 4.87354
89 late  3474 700 4.12378 3.1266 6.1167 3.79942 1.02303 4.87434
90 early 4342 868 4.09949 3.9078 6.11987 3.78632 1.02303 4.92767
90 late  3445 694 4.09318 3.1005 6.0724 3.7918 1.02293 4.92875
91 early 4293 848 4.08712 3.8637 5.91736 3.80361 1.01863 4.97982
91 late  3456 665 4.20284 3.1104 5.87162 3.79166 1.04196 4.98064
92 early 4380 924 4.10525 3.942 5.95823 3.90472 1.00822 5.03266
92 late  3505 764 4.09815 3.1545 5.95055 3.91522 1.00628 5.03355
93 early 4383 878 4.07689 3.9447 5.87571 3.85966 1.00913 5.08586
93 late  3564 711 4.09933 3.2076 5.9221 3.92031 1.02301 5.08676
94 early 4456 892 4.07855 4.0104 6.13033 3.89504 1.0175 5.14173
94 late  3524 702 4.05448 3.1716 6.12166 3.92509 1.01249 5.14259
95 early 4363 839 4.08251 3.9267 6.03072 3.8801 1.0165 5.19453
95 late  3461 637 4.09621 3.1149 6.03258 3.88803 1.01156 5.1954
96 early 4336 875 4.0678 3.9024 5.98602 3.81034 1.00946 5.24885
96 late  3477 688 4.11504 3.1293 6.01938 3.81693 1.03049 5.24972
97 early 4383 906 4.05772 3.9447 6.15078 3.89081 1.01551 5.30366
97 late  3519 725 4.04746 3.1671 6.118 3.85047 1.01222 5.30452
98 early 4343 824 4.0898 3.9087 6.02465 3.8363 1.01566 5.35861
98 late  3494 655 4.06096 3.1446 5.99833 3.82529 1.00601 5.35957
99 early 4338 844 4.0763 3.9042 5.91864 3.83978 1.01291 5.41183
99 late  3489 671 4.0599 3.1401 5.89178 3.84559 1.00057 5.41268
100 early 4380 891 4.03059 3.942 5.93574 3.89424 0.989269 5.46502
100 late  3510 709 4.05442 3.159 5.95017 3.9177 0.992308 5.4661
101 early 4403 893 4.0293 3.9627 6.06199 3.92982 0.995912 5.51858
101 late  3525 713 4.08596 3.1725 6.05502 3.91272 1.02043 5.51918
102 early 4424 899 4.05244 3.9816 6.0514 3.88004 1.00836 5.57254
102 late  3542 711 4.05082 3.1878 6.06619 3.84801 1.01666 5.57319
103 early 4422 880 4.04568 3.9798 6.08525 3.90481 1.01379 5.6259
103 late  3530 696 4.08414 3.177 6.00574 3.82314 1.02465 5.62673
104 early 4390 860 4.08815 3.951 5.8653 3.88038 1.0139 5.6782
104 late  3491 685 4.16156 3.1419 5.88025 3.90324 1.0381 5.67893
105 early 4354 863 4.13849 3.9186 5.84068 3.84584 1.03606 5.72991
105 late  3478 693 4.07131 3.1302 5.84369 3.88073 1.02703 5.73083
106 early 4309 831 4.09329 3.8781 5.83671 3.80978 1.03528 5.78089
106 late  3447 663 4.13577 3.1023 5.85287 3.8339 1.05106 5.78177
107 early 4306 859 4.11124 3.8754 5.86262 3.81249 1.04529 5.83277
107 late  3494 689 4.10189 3.1446 5.82807 3.79382 1.03864 5.83365
108 early 4318 824 4.1283 3.8862 5.76661 3.85463 1.05396 5.88393
108 late  3503 669 4.1493 3.1527 5.76068 3.83142 1.07023 5.88469
109 early 4362 859 4.13526 3.9258 5.87494 3.84104 1.06763 6.05565
109 late  3518 683 4.19812 3.1662 5.84431 3.84216 1.09039 6.05657
110 early 4422 904 4.13546 3.9798 5.94565 3.9159 1.06649 6.10898
110 late  3514 721 4.12408 3.1626 5.96153 3.92054 1.04354 6.10979
111 early 4370 856 4.12037 3.933 5.87775 3.85197 1.03318 6.16123
111 late  3509 672 4.14335 3.1581 5.88657 3.87092 1.04531 6.16207
112 early 4371 862 4.12903 3.9339 5.8703 3.85673 1.03409 6.21258
112 late  3493 677 4.17263 3.1437 5.83797 3.88152 1.04953 6.21339
113 early 4354 861 4.14975 3.9186 5.82805 3.88949 1.03927 6.26466
113 late  3532 705 4.14864 3.1788 5.83234 3.93659 1.03426 6.26547
114 early 4398 866 4.13483 3.9582 5.94025 3.95433 1.02115 6.31715
114 late  3546 681 4.20869 3.1914 5.96322 3.96873 1.03356 6.31796
115 early 4444 898 4.15617 3.9996 6.00831 3.94772 1.01868 6.36971
115 late  3549 723 4.16568 3.1941 6.00561 3.94721 1.02198 6.3708
116 early 4372 823 4.19328 3.9348 5.87127 3.90209 1.03911 6.42197
116 late  3522 648 4.21834 3.1698 5.80376 3.86898 1.03833 6.42298
117 early 4400 878 4.17705 3.96 5.81395 3.90499 1.03523 6.47305
117 late  3552 704 4.17511 3.1968 5.83183 3.95275 1.03801 6.47387
118 early 4397 845 4.18058 3.9573 5.84776 3.88657 1.04071 6.52406
118 late  3521 667 4.20733 3.1689 5.89623 3.97769 1.04686 6.52489
119 early 4393 872 4.17369 3.9537 5.95511 3.88833 1.04188 6.5764
119 late  3490 686 4.19054 3.141 5.97887 3.97785 1.02779 6.57725
120 early 4349 859 4.16533 3.9141 5.97533 3.88117 1.02874 6.62825
120 late  3476 680 4.23993 3.1284 5.96749 3.9148 1.0515 6.62908
121 early 4350 874 4.18713 3.915 6.0236 3.88633 1.03264 6.67903
121 late  3520 692 4.20597 3.168 6.03051 3.8908 1.03636 6.68044
122 early 4381 861 4.18283 3.9429 6.10983 3.8796 1.04177 6.73229
122 late  3544 695 4.19498 3.1896 6.09199 3.84918 1.04148 6.73311
123 early 4439 895 4.14756 3.9951 6.19175 3.88078 1.03312 6.78931
123 late  3537 709 4.15691 3.1833 6.17211 3.88821 1.041 6.7902
124 early 4414 877 4.13231 3.9726 6.13749 3.9103 1.02628 6.84472
124 late  3588 709 4.15914 3.2292 6.13806 3.91724 1.03595 6.84555
125 early 4477 889 4.13469 4.0293 6.28194 3.98486 1.03797 6.89852
125 late  3545 695 4.14302 3.1905 6.25059 3.94542 1.03724 6.8996
126 early 4412 867 4.13237 3.9708 6.11919 3.91011 1.0442 6.95654
126 late  3531 683 4.09459 3.1779 6.10479 3.91898 1.02521 6.95752
127 early 4405 874 4.08377 3.9645 6.08066 3.89779 1.01067 7.01083
127 late  3471 654 4.15702 3.1239 6.05786 3.8965 1.03486 7.01187
128 early 4275 804 4.18713 3.8475 5.8401 3.79719 1.04187 7.06145
128 late  3431 634 4.18158 3.0879 5.88316 3.85199 1.04984 7.06226
129 early 4265 834 4.16835 3.8385 5.9583 3.8195 1.0415 7.11239
129 late  3438 663 4.12682 3.0942 5.93953 3.83504 1.01862 7.11322
130 early 4286 848 4.11246 3.8574 6.0094 3.82738 1.0084 7.16377
130 late  3477 650 4.21311 3.1293 6.02805 3.89331 1.04429 7.16477
131 early 4346 869 4.17073 3.9114 6.11394 3.85833 1.03405 7.21814
131 late  3475 687 4.21842 3.1275 6.09819 3.87704 1.03396 7.21909
132 early 4305 830 4.21231 3.8745 5.96825 3.79996 1.03902 7.27198
132 late  3479 670 4.19 3.1311 5.98761 3.8336 1.03708 7.27281
133 early 4343 864 4.15749 3.9087 6.15652 3.88754 1.03454 7.32506
133 late  3499 713 4.14576 3.1491 6.16043 3.90939 1.02486 7.32609
134 early 4400 901 4.09205 3.96 6.25703 3.91028 1.01795 7.37894
134 late  3528 726 4.13067 3.1752 6.2009 3.88996 1.02353 7.37978
135 early 4335 807 4.17555 3.9015 6.08788 3.85655 1.02053 7.43222
135 late  3470 640 4.22075 3.123 6.06646 3.85293 1.03055 7.43312
136 early 4356 886 4.15886 3.9204 6.10322 3.83022 1.02686 7.48379
136 late  3492 699 4.19072 3.1428 6.1165 3.83349 1.05441 7.48481
137 early 4312 820 4.20362 3.8808 6.06855 3.80087 1.04429 7.53655
137 late  3439 629 4.24019 3.0951 6.06381 3.80244 1.04653 7.5374
138 early 4270 831 4.22037 3.843 5.98675 3.7641 1.05246 7.58722
138 late  3411 666 4.23248 3.0699 5.98534 3.80999 1.06362 7.58817
139 early 4243 832 4.20646 3.8187 6.00354 3.76317 1.06057 7.63726
139 late  3377 666 4.24548 3.0393 5.99604 3.79261 1.06426 7.63823
140 early 4206 829 4.2116 3.7854 5.9868 3.75388 1.04731 7.68668
140 late  3353 651 4.25887 3.0177 6.01633 3.74885 1.05756 7.68766
141 early 4189 836 4.20936 3.7701 6.06725 3.72707 1.03127 7.73676
141 late  3384 669 4.21749 3.0456 6.00952 3.69125 1.03457 7.73755
142 early 4215 831 4.18885 3.7935 6.04891 3.6945 1.03725 7.78684
142 late  3407 676 4.18022 3.0663 6.02646 3.65912 1.03786 7.78783
143 early 4260 853 4.14296 3.834 6.05518 3.71702 1.03404 7.8402
143 late  3422 675 4.19258 3.0798 6.0129 3.68879 1.04383 7.8411
144 early 4270 848 4.16136 3.843 6.01754 3.73234 1.03443 7.89309
144 late  3445 679 4.1582 3.1005 6.0369 3.75471 1.03425 7.89397
145 early 4256 811 4.17528 3.8304 5.96667 3.70257 1.03712 7.94473
145 late  3418 644 4.1928 3.0762 5.92614 3.7022 1.05003 7.94553
146 early 4250 832 4.17624 3.825 5.93103 3.71268 1.04965 7.99487
146 late  3442 642 4.28152 3.0978 5.92213 3.71296 1.08309 7.99584
147 early 4269 827 4.25837 3.8421 5.87168 3.76712 1.06863 8.04572
147 late  3476 664 4.30236 3.1284 5.86128 3.76225 1.08257 8.04652
148 early 4329 853 4.25757 3.8961 5.93749 3.84004 1.06653 8.09954
148 late  3481 685 4.24016 3.1329 5.88281 3.80705 1.06291 8.10039
149 early 4355 874 4.18852 3.9195 5.84921 3.85069 1.05465 8.15102
149 late  3507 704 4.16766 3.1563 5.88041 3.92101 1.05218 8.15207
150 early 4364 857 4.15284 3.9276 5.95748 3.83772 1.0472 8.20556
150 late  3469 657 4.21418 3.1221 5.91448 3.84902 1.06947 8.20647
151 early 4324 855 4.18316 3.8916 5.85053 3.83113 1.06429 8.39306
151 late  3465 685 4.18384 3.1185 5.85037 3.82812 1.06724 8.39388
152 early 4268 803 4.20853 3.8412 5.83561 3.74643 1.06514 8.44302
152 late  3446 645 4.26785 3.1014 5.83403 3.76775 1.07139 8.44383
153 early 4267 821 4.25428 3.8403 5.86383 3.72676 1.06468 8.49489
153 late  3423 658 4.23839 3.0807 5.85852 3.77755 1.06339 8.49572
154 early 4255 832 4.2141 3.8295 5.86922 3.77332 1.0517 8.54786
154 late  3436 685 4.26106 3.0924 5.8389 3.74251 1.07829 8.54868
155 early 4243 807 4.26043 3.8187 5.76139 3.78003 1.07613 8.59989
155 late  3440 641 4.22791 3.096 5.74014 3.74011 1.07122 8.60072
156 early 4275 835 4.20678 3.8475 5.84824 3.79373 1.06363 8.65106
156 late  3475 691 4.21324 3.1275 5.87533 3.81761 1.05755 8.65203
157 early 4306 831 4.20715 3.8754 6.04255 3.81154 1.05156 8.70412
157 late  3457 658 4.25571 3.1113 6.04735 3.7741 1.0619 8.70505
158 early 4332 875 4.19414 3.8988 5.9986 3.83614 1.05494 8.75634
158 late  3505 693 4.23823 3.1545 5.98576 3.85037 1.06163 8.75746
159 early 4317 812 4.25295 3.8853 5.9047 3.7893 1.05629 8.80861
159 late  3472 648 4.29176 3.1248 5.89003 3.7891 1.07431 8.80944
160 early 4295 823 4.27776 3.8655 5.85303 3.75414 1.06496 8.85877
160 late  3480 666 4.3523 3.132 5.85975 3.87819 1.06954 8.85973
161 early 4294 814 4.33768 3.8646 5.85137 3.83365 1.05799 8.91009
161 late  3455 630 4.40724 3.1095 5.83145 3.78956 1.08104 8.91133
162 early 4274 819 4.37108 3.8466 5.80574 3.78522 1.07089 8.96059
162 late  3428 642 4.36348 3.0852 5.80867 3.82961 1.06272 8.96182
163 early 4272 844 4.30384 3.8448 5.85944 3.84298 1.06484 9.01153
163 late  3409 667 4.30507 3.0681 5.90135 3.87823 1.07539 9.01262
164 early 4236 827 4.26936 3.8124 5.93953 3.80139 1.06067 9.06122
164 late  3427 656 4.22702 3.0843 5.91831 3.74817 1.05573 9.06248
165 early 4309 882 4.15711 3.8781 5.99878 3.86343 1.04038 9.11643
165 late  3452 701 4.1825 3.1068 5.95385 3.82344 1.04925 9.11757
166 early 4241 789 4.21834 3.8169 5.7814 3.77314 1.04975 9.16689
166 late  3425 628 4.21781 3.0825 5.78457 3.77311 1.05139 9.16797
167 early 4304 879 4.15218 3.8736 5.91587 3.84105 1.04066 9.21777
167 late  3477 702 4.16825 3.1293 5.93199 3.87424 1.04257 9.21917
168 early 4356 879 4.12534 3.9204 6.05663 3.91965 1.03788 9.27337
168 late  3504 715 4.16895 3.1536 6.04029 3.89011 1.04766 9.27456
169 early 4372 868 4.14273 3.9348 6.0274 3.90639 1.03408 9.32715
169 late  3538 689 4.1693 3.1842 6.03519 3.89451 1.04211 9.3283
170 early 4352 814 4.20244 3.9168 6.01488 3.86237 1.04596 9.38359
170 late  3476 651 4.25892 3.1284 5.97965 3.82397 1.06415 9.38476
171 early 4302 826 4.24919 3.8718 5.93057 3.77947 1.06741 9.43716
171 late  3461 646 4.2323 3.1149 5.89234 3.70725 1.06848 9.43842
172 early 4265 804 4.24596 3.8385 5.91004 3.75955 1.07714 9.49054
172 late  3489 666 4.22729 3.1401 5.90962 3.75338 1.07538 9.49173
173 early 4415 926 4.13092 3.9735 6.08923 3.90399 1.04394 9.54587
173 late  3560 747 4.14438 3.204 6.05652 3.89584 1.03989 9.54721
174 early 4423 863 4.14063 3.9807 6.02451 3.93368 1.04635 9.60191
174 late  3513 675 4.20695 3.1617 6.04134 3.93589 1.06092 9.60313
175 early 4392 879 4.16485 3.9528 6.01777 3.86767 1.04349 9.65567
175 late  3504 685 4.17266 3.1536 6.03192 3.9121 1.04509 9.65681
176 early 4334 830 4.18205 3.9006 6.02324 3.86996 1.04638 9.71026
176 late  3478 679 4.22714 3.1302 6.06788 3.86688 1.04715 9.71152
177 early 4297 819 4.23086 3.8673 6.06883 3.81962 1.04841 9.76349
177 late  3471 667 4.24604 3.1239 6.08489 3.84747 1.04005 9.7647
178 early 4291 820 4.24353 3.8619 6.17405 3.81723 1.0303 9.81714
178 late  3461 656 4.28489 3.1149 6.11692 3.81079 1.02947 9.81826
179 early 4340 879 4.21452 3.906 6.1405 3.83982 1.02949 9.87145
179 late  3512 713 4.28047 3.1608 6.09976 3.82904 1.05296 9.87264
180 early 4339 827 4.27403 3.9051 6.14557 3.82157 1.05739 9.92573
180 late  3488 667 4.29042 3.1392 6.08033 3.81182 1.06221 9.92688
181 early 4324 836 4.26758 3.8916 6.04374 3.83065 1.05735 9.97754
181 late  3463 650 4.27693 3.1167 6.01045 3.83553 1.06786 9.97867
182 early 4267 804 4.28263 3.8403 5.91287 3.74626 1.0696 10.0285
182 late  3456 654 4.28443 3.1104 5.93334 3.80681 1.08767 10.0296
183 early 4296 840 4.25116 3.8664 5.94611 3.78492 1.08357 10.0797
183 late  3483 683 4.29457 3.1347 5.93521 3.75639 1.09015 10.0808
184 early 4360 877 4.22959 3.924 6.05896 3.81987 1.07018 10.1347
184 late  3461 689 4.24762 3.1149 6.01803 3.78032 1.07715 10.1358
185 early 4301 840 4.22274 3.8709 5.91443 3.76675 1.05906 10.1861
185 late  3435 670 4.28326 3.0915 5.90172 3.81477 1.08675 10.1876
186 early 4283 848 4.23722 3.8547 5.85128 3.80917 1.06444 10.2384
186 late  3472 682 4.20997 3.1248 5.8176 3.79287 1.05386 10.2398
187 early 4337 865 4.17086 3.9033 5.84739 3.87929 1.04796 10.2927
187 late  3463 688 4.20907 3.1167 5.87347 3.887 1.06122 10.2943
188 early 4297 834 4.19805 3.8673 5.89845 3.81304 1.06353 10.3459
188 late  3506 679 4.18967 3.1554 5.88833 3.837 1.07473 10.3471
189 early 4353 847 4.17988 3.9177 5.93042 3.84835 1.05927 10.398
189 late  3456 680 4.21007 3.1104 5.90887 3.81869 1.06105 10.3991
190 early 4364 908 4.12603 3.9276 5.93275 3.78517 1.02841 10.4518
190 late  3517 732 4.14871 3.1653 5.91089 3.88497 1.03156 10.4529
191 early 4345 828 4.16755 3.9105 5.90688 3.79513 1.03682 10.5049
191 late  3494 676 4.21551 3.1446 5.88844 3.79913 1.06182 10.5062
192 early 4349 855 4.19016 3.9141 5.94635 3.82046 1.04185 10.5575
192 late  3476 684 4.19965 3.1284 5.9677 3.88367 1.04776 10.5587
193 early 4279 803 4.22388 3.8511 5.91373 3.79902 1.05866 10.6125
193 late  3489 655 4.24104 3.1401 5.86783 3.77796 1.07251 10.6136
194 early 4426 937 4.1315 3.9834 6.06036 3.93058 1.03525 10.6669
194 late  3591 754 4.1281 3.2319 6.06687 3.9327 1.03926 10.668
195 early 4422 831 4.16441 3.9798 6.05026 3.9079 1.04568 10.7208
195 late  3500 648 4.20029 3.15 6.05729 3.88605 1.05343 10.722
196 early 4328 828 4.20541 3.8952 5.92054 3.80799 1.05222 10.7739
196 late  3498 659 4.26615 3.1482 5.91218 3.81231 1.07519 10.7751
197 early 4383 885 4.20283 3.9447 6.01839 3.87855 1.04677 10.8273
197 late  3548 717 4.24211 3.1932 6.01979 3.91383 1.0668 10.8285
198 early 4402 854 4.22512 3.9618 6.04536 3.90398 1.06883 10.881
198 late  3477 665 4.29853 3.1293 6.05552 3.92069 1.08484 10.8821
199 early 4317 840 4.26755 3.8853 5.95079 3.85113 1.07459 10.9346
199 late  3435 665 4.25968 3.0915 5.91821 3.87795 1.08297 10.9358
200 early 4268 833 4.23313 3.8412 5.8323 3.8233 1.07123 10.9877
200 late  3428 659 4.24621 3.0852 5.83088 3.82292 1.05922 10.9892
201 early 4311 883 4.17165 3.8799 5.93675 3.86549 1.03108 11.2158
201 late  3493 720 4.1732 3.1437 5.91663 3.85926 1.03121 11.2167
202 early 4343 850 4.16072 3.9087 5.94815 3.89714 1.02993 11.2793
202 late  3497 673 4.13326 3.1473 5.93969 3.88607 1.02574 11.2805
203 early 4378 881 4.10027 3.9402 6.02367 3.92537 1.02353 11.342
203 late  3565 706 4.08163 3.2085 6.00782 3.92193 1.00785 11.3431
204 early 4468 903 4.05461 4.0212 6.13373 4.02072 1.0009 11.4075
204 late  3561 715 4.08088 3.2049 6.12448 3.97992 1.00112 11.4087
205 early 4464 903 4.05309 4.0176 6.15563 3.97258 0.986335 11.4751
205 late  3538 717 4.026 3.1842 6.16556 4.00373 0.975692 11.4764
206 early 4419 881 4.02399 3.9771 6.17108 3.94812 0.980312 11.542
206 late  3549 692 3.97943 3.1941 6.18024 3.96605 0.961398 11.5433
207 early 4397 848 4.0191 3.9573 6.13201 3.9364 0.973846 11.6096
207 late  3498 662 4.01858 3.1482 6.10927 3.95355 0.987707 11.6111
208 early 4361 863 4.02545 3.9249 5.99708 3.86529 0.992892 11.6763
208 late  3488 685 4.0086 3.1392 6.00728 3.96182 0.985092 11.6776
209 early 4406 918 3.96505 3.9654 6.01187 3.93926 0.971403 11.7459
209 late  3563 730 3.98007 3.2067 5.98621 3.97144 0.975863 11.7475
210 early 4410 847 4.02358 3.969 5.96742 3.94958 1 11.8157
210 late  3479 680 4.01667 3.1311 5.98815 3.97228 0.992814 11.8169
211 early 4331 852 4.02979 3.8979 5.84955 3.89793 0.99746 11.8841
211 late  3512 693 4.07147 3.1608 5.86875 3.89992 0.999146 11.8851
212 early 4410 898 4.03878 3.969 5.9699 3.89881 0.996145 11.9557
212 late  3560 736 4.03174 3.204 5.93277 3.96736 0.989607 11.9573
213 early 4415 855 4.0573 3.9735 5.89514 3.97926 1.00023 12.0311
213 late  3550 677 4.13239 3.195 5.91933 4.01404 1.01972 12.0321
214 early 4421 871 4.12124 3.9789 5.92027 3.97875 1.01764 12.1061
214 late  3510 714 4.08889 3.159 5.96013 4.02693 0.993447 12.107
215 early 4365 855 4.0921 3.9285 6.0235 3.9458 0.992669 12.1812
215 late  3535 680 4.16436 3.1815 6.00061 3.95562 1.00424 12.1826
216 early 4414 879 4.13593 3.9726 6.00714 4.00922 1.00453 12.2585
216 late  3590 704 4.17799 3.231 6.01021 4.04445 1.02033 12.2594
217 early 4461 871 4.167 4.0149 6.07257 4.00542 1.0195 12.3363
217 late  3563 686 4.19927 3.2067 6.05607 3.97828 1.03087 12.3374
218 early 4439 876 4.17324 3.9951 5.99661 3.93597 1.02591 12.4147
218 late  3558 695 4.22681 3.2022 5.94441 3.93013 1.02361 12.4158
219 early 4453 895 4.17629 4.0077 5.98914 3.83087 1.02291 12.4931
219 late  3546 694 4.14326 3.1914 6.00123 4.08886 1.02707 12.4941
220 early 4479 933 4.07189 4.0311 6.09882 4.07207 0.996874 12.573
220 late  3619 753 4.0735 3.2571 6.13198 4.0653 1.00111 12.574
221 early 4539 920 4.04516 4.0851 6.18494 4.08454 1.00485 12.6567
221 late  3580 726 4.04274 3.222 6.13095 4.11818 0.997486 12.6578
222 early 4513 933 4.00022 4.0617 6.01863 4.05649 1.00133 12.7409
222 late  3612 765 3.96346 3.2508 6.01972 4.01343 0.99474 12.742
223 early 4521 909 3.96549 4.0689 6.04261 4.03147 0.988498 12.8258
223 late  3630 724 3.98898 3.267 6.05381 4.03055 0.990634 12.8269
224 early 4488 858 4.0352 4.0392 6.08709 3.97657 1.00602 12.9108
224 late  3574 679 4.07918 3.2166 6.07279 3.96397 1.02098 12.9119
225 early 4436 862 4.0922 3.9924 5.95664 3.95442 1.01398 12.9958
225 late  3578 689 4.13751 3.2202 5.92813 3.96937 1.02236 12.9968
226 early 4419 841 4.15976 3.9771 5.87079 3.92154 1.02399 13.0811
226 late  3576 690 4.1552 3.2184 5.86847 3.93885 1.0137 13.0822
227 early 4488 912 4.10762 4.0392 5.98516 4.00613 1.00668 13.1711
227 late  3568 723 4.12192 3.2112 6.00967 4.04849 1.01065 13.1723
228 early 4414 846 4.14024 3.9726 5.93839 3.97103 1.01359 13.2621
228 late  3501 676 4.11025 3.1509 5.92788 3.96784 1.01057 13.263
229 early 4370 869 4.09405 3.933 5.84536 3.91276 1.01167 13.35
229 late  3523 700 4.11155 3.1707 5.89252 3.94657 1.02384 13.351
230 early 4355 832 4.13502 3.9195 5.88664 3.8867 1.02135 13.4385
230 late  3496 666 4.08867 3.1464 5.90115 3.87709 1.01459 13.4396
231 early 4363 867 4.07747 3.9267 5.97722 3.89248 1.00321 13.5279
231 late  3463 683 4.06237 3.1167 5.96775 3.87934 0.982674 13.5289
232 early 4280 817 4.09603 3.852 5.92392 3.83362 0.999299 13.6181
232 late  3450 655 4.10435 3.105 5.91275 3.8297 0.995362 13.6191
233 early 4276 826 4.11833 3.8484 5.93019 3.79033 1.00514 13.7087
233 late  3421 652 4.13593 3.0789 5.8952 3.72716 1.01169 13.7096
234 early 4282 861 4.10322 3.8538 5.84799 3.78052 1.00794 13.7989
234 late  3443 680 4.1792 3.0987 5.8176 3.76204 1.02817 13.7999
235 early 4316 873 4.1316 3.8844 5.89003 3.8427 1.02155 13.891
235 late  3429 693 4.14961 3.0861 5.87109 3.84367 1.03704 13.8922
236 early 4246 817 4.15874 3.8214 5.78023 3.79477 1.04687 13.9819
236 late  3415 638 4.18126 3.0735 5.74789 3.76099 1.05183 13.9829
237 early 4280 865 4.13411 3.852 5.72776 3.79818 1.03995 14.0744
237 late  3437 700 4.16235 3.0933 5.76211 3.86657 1.07041 14.0754
238 early 4320 883 4.10718 3.888 5.9323 3.84514 1.05532 14.1731
238 late  3484 720 4.18456 3.1356 5.95749 3.88671 1.07893 14.1742
239 early 4359 875 4.14384 3.9231 6.055 3.89439 1.06859 14.2772
239 late  3509 687 4.18951 3.1581 6.01344 3.85352 1.08464 14.2783
240 early 4341 832 4.19489 3.9069 5.93514 3.88579 1.07279 14.3777
240 late  3493 683 4.18093 3.1437 5.98838 3.91357 1.07071 14.3787
241 early 4327 834 4.18234 3.8943 6.05812 3.87001 1.06471 14.4782
241 late  3488 667 4.23251 3.1392 6.00933 3.82561 1.084 14.4793
242 early 4318 830 4.22673 3.8862 6.02523 3.87095 1.088 14.5803
242 late  3467 667 4.19152 3.1203 5.97671 3.86007 1.07182 14.5814
243 early 4322 855 4.16451 3.8898 5.97888 3.86856 1.05345 14.6856
243 late  3454 660 4.20237 3.1086 5.96247 3.8614 1.07325 14.6866
244 early 4302 848 4.17689 3.8718 6.01756 3.85347 1.05858 14.7892
244 late  3438 676 4.22019 3.0942 5.98622 3.82147 1.08755 14.7903
245 early 4319 881 4.15536 3.8871 6.05715 3.89619 1.06275 14.8936
245 late  3423 705 4.17967 3.0807 6.02763 3.87846 1.07011 14.8946
246 early 4264 841 4.15807 3.8376 5.95808 3.8127 1.05675 15.0015
246 late  3427 682 4.17887 3.0843 5.99999 3.87114 1.05369 15.0026
247 early 4307 880 4.12073 3.8763 6.13075 3.79651 1.0404 15.1107
247 late  3430 691 4.17143 3.087 6.1222 3.82012 1.04869 15.1118
248 early 4283 853 4.14149 3.8547 5.94733 3.76418 1.05627 15.2174
248 late  3439 671 4.16982 3.0951 5.9411 3.79289 1.0631 15.2185
249 early 4337 898 4.09938 3.9033 5.94612 3.87797 1.05165 15.3275
249 late  3457 711 4.12439 3.1113 5.90917 3.86038 1.0457 15.3285
250 early 4284 827 4.13515 3.8556 5.78609 3.83027 1.04692 15.4356
250 late  3446 668 4.14074 3.1014 5.74361 3.81738 1.03627 15.4366
251 early 4298 852 4.12168 3.8682 5.73294 3.8662 1.01722 15.5445
251 late  3439 679 4.17243 3.0951 5.72097 3.86613 1.02995 15.5454
252 early 4270 831 4.16581 3.843 5.69173 3.83461 1.02412 15.6535
252 late  3449 669 4.15744 3.1041 5.67792 3.80618 1.02233 15.6545
253 early 4286 837 4.15026 3.8574 5.72246 3.81217 1.03593 15.764
253 late  3440 664 4.21453 3.096 5.71258 3.80359 1.0436 15.765
254 early 4257 817 4.21377 3.8313 5.63855 3.78291 1.03852 15.8746
254 late  3417 677 4.19403 3.0753 5.66283 3.77813 1.02575 15.8757
255 early 4280 863 4.14673 3.852 5.73349 3.78917 1.00584 15.9873
255 late  3434 667 4.25015 3.0906 5.73947 3.79086 1.04164 15.9884
256 early 4265 831 4.2272 3.8385 5.73269 3.78318 1.04314 16.1014
256 late  3443 675 4.20389 3.0987 5.7385 3.76214 1.03514 16.1032
257 early 4322 879 4.14553 3.8898 5.83704 3.82352 1.02013 16.2202
257 late  3478 705 4.17481 3.1302 5.86315 3.88667 1.04054 16.2212
258 early 4348 870 4.13937 3.9132 5.91368 3.65486 1.03312 16.3402
258 late  3441 698 4.14502 3.0969 5.95358 3.92295 1.03371 16.3412
259 early 4247 806 4.16859 3.8223 5.87794 3.78173 1.03414 16.4568
259 late  3410 647 4.18211 3.069 5.89419 3.81998 1.03314 16.4578
260 early 4288 878 4.12104 3.8592 5.93301 3.80732 1.02122 16.5969
260 late  3378 695 4.11545 3.0402 5.87368 3.77535 1.02368 16.5982
261 early 4222 844 4.09285 3.7998 5.80377 3.67936 1.02179 17.1304
261 late  3404 680 4.13132 3.0636 5.81395 3.7467 1.02438 17.1314
262 early 4226 822 4.13322 3.8034 5.80252 3.72779 1.0265 17.2586
262 late  3452 650 4.20771 3.1068 5.80593 3.73805 1.04548 17.2596
263 early 4296 844 4.18459 3.8664 5.95103 3.80588 1.05121 17.392
263 late  3478 676 4.2142 3.1302 5.93486 3.85951 1.05808 17.3929
264 early 4394 916 4.12722 3.9546 6.06073 3.90083 1.02799 17.5283
264 late  3500 736 4.13829 3.15 6.06405 3.89325 1.02971 17.5298
265 early 4413 913 4.07523 3.9717 6.0849 3.90079 1.00861 17.6678
265 late  3538 726 4.06501 3.1842 6.09514 3.91069 0.999152 17.6688
266 early 4425 887 4.04972 3.9825 6.17698 3.88178 0.995932 17.8096
266 late  3535 709 4.08628 3.1815 6.20116 3.91599 0.995474 17.8108
267 early 4403 868 4.08358 3.9627 6.19973 3.87854 1.00045 17.9539
267 late  3504 702 4.06592 3.1536 6.16309 3.82702 0.99258 17.9552
268 early 4395 891 4.03891 3.9555 6.10226 3.86728 0.995222 18.1061
268 late  3540 700 4.08446 3.186 6.10262 3.88947 1.00113 18.1071
269 early 4402 862 4.08882 3.9618 6.08243 3.86188 1.01386 18.2573
269 late  3503 666 4.16985 3.1527 6.05539 3.85902 1.02284 18.2593
270 early 4377 874 4.13754 3.9393 5.99468 3.81806 1.0217 18.4062
270 late  3519 705 4.18244 3.1671 5.95202 3.84189 1.03467 18.4072
271 early 4396 877 4.14854 3.9564 5.91636 3.87646 1.02957 18.5532
271 late  3490 690 4.18109 3.141 5.91434 3.92133 1.03782 18.5542
272 early 4267 777 4.23764 3.8403 5.71203 3.76332 1.04078 18.6955
272 late  3409 618 4.19801 3.0681 5.73733 3.81529 1.02523 18.6967
273 early 4188 779 4.23114 3.7692 5.74882 3.73411 1.05086 18.842
273 late  3412 640 4.18171 3.0708 5.7461 3.73366 1.0551 18.8431
274 early 4282 870 4.12891 3.8538 5.92286 3.8164 1.02756 18.9947
274 late  3437 690 4.16962 3.0933 5.89095 3.80496 1.03666 18.9957
275 early 4327 890 4.10631 3.8943 5.84208 3.87584 1.02542 19.1489
275 late  3481 713 4.09394 3.1329 5.83538 3.93666 1.02384 19.1498
276 early 4358 877 4.06884 3.9222 5.94913 3.92925 1.01492 19.3025
276 late  3461 677 4.07252 3.1149 5.94504 3.90796 1.00405 19.3034
277 early 4342 881 4.0433 3.9078 5.99765 3.88801 1.00415 19.4535
277 late  3466 713 4.07271 3.1194 5.95922 3.8425 1.01356 19.4545
278 early 4287 821 4.10124 3.8583 5.88286 3.79393 1.02519 19.6049
278 late  3447 639 4.11952 3.1023 5.84327 3.76926 1.02031 19.6059
279 early 4277 830 4.12602 3.8493 5.84344 3.76052 1.02081 19.7553
279 late  3480 664 4.17356 3.132 5.78966 3.76636 1.0296 19.7564
280 early 4302 822 4.18503 3.8718 5.86976 3.81447 1.04207 19.9093
280 late  3461 655 4.2349 3.1149 5.88816 3.84211 1.05663 19.9103
281 early 4333 872 4.1814 3.8997 5.95524 3.84227 1.04108 20.066
281 late  3435 690 4.23377 3.0915 5.98832 3.923 1.05648 20.0674
282 early 4270 835 4.2103 3.843 5.92482 3.8668 1.04543 20.2245
282 late  3442 674 4.21121 3.0978 5.87476 3.85442 1.05288 20.2254
283 early 4286 844 4.18502 3.8574 5.87649 3.7943 1.05296 20.3817
283 late  3438 658 4.30163 3.0942 5.86971 3.85353 1.07475 20.383
284 early 4281 843 4.25765 3.8529 5.84578 3.86746 1.06354 20.5377
284 late  3432 680 4.30274 3.0888 5.86221 3.85192 1.07925 20.5386
285 early 4283 851 4.24912 3.8547 5.88219 3.82627 1.07565 20.6938
285 late  3420 682 4.26228 3.078 5.88189 3.81354 1.07807 20.6947
286 early 4285 865 4.2 3.8565 5.90236 3.781 1.05601 20.854
286 late  3389 672 4.23045 3.0501 5.94109 3.85175 1.07082 20.8549
287 early 4271 882 4.15032 3.8439 5.8963 3.78996 1.0583 21.0144
287 late  3437 706 4.12656 3.0933 5.893 3.78514 1.06081 21.0154
288 early 4236 799 4.15958 3.8124 5.80941 3.74464 1.06516 21.1809
288 late  3394 625 4.16824 3.0546 5.79787 3.74107 1.06394 21.1818
289 early 4215 821 4.16157 3.7935 5.81021 3.72281 1.04531 21.3443
289 late  3410 665 4.21466 3.069 5.79448 3.73611 1.07126 21.3452
290 early 4292 882 4.14306 3.8628 5.90159 3.79255 1.05289 21.5092
290 late  3470 708 4.17176 3.123 5.88154 3.77552 1.06398 21.5103
291 early 4312 842 4.16187 3.8808 5.89495 3.80903 1.05102 21.6752
291 late  3415 676 4.17804 3.0735 5.87431 3.81903 1.05681 21.6765
292 early 4232 817 4.1784 3.8088 5.73951 3.69647 1.04939 21.8376
292 late  3424 647 4.23072 3.0816 5.7587 3.71333 1.06367 21.8388
293 early 4240 816 4.22406 3.816 5.7024 3.6774 1.06462 22.0005
293 late  3390 660 4.1472 3.051 5.69541 3.76412 1.03923 22.0014
294 early 4218 828 4.13679 3.7962 5.6883 3.7263 1.04789 22.167
294 late  3430 674 4.16239 3.087 5.69485 3.76828 1.05015 22.1681
295 early 4259 829 4.15755 3.8331 5.78145 3.80137 1.04579 22.337
295 late  3445 659 4.21974 3.1005 5.75836 3.79852 1.06212 22.3379
296 early 4322 877 4.16057 3.8898 5.81056 3.87887 1.03957 22.5098
296 late  3467 713 4.14739 3.1203 5.84544 3.92118 1.02827 22.5111
297 early 4342 875 4.11009 3.9078 5.97714 3.87006 1.01428 22.6868
297 late  3462 714 4.08608 3.1158 5.98182 3.86906 1.01069 22.6883
298 early 4383 921 4.01734 3.9447 6.0337 3.89987 0.999772 22.8666
298 late  3468 726 4.0199 3.1212 6.04067 3.9654 1.00461 22.8676
299 early 4312 844 4.03734 3.8808 5.96989 3.87747 1.01531 23.0458
299 late  3491 676 4.01575 3.1419 5.98762 3.89997 1.0212 23.0468
300 early 4387 896 3.99134 3.9483 6.12379 3.93075 1.00912 23.2323
300 late  3530 699 4.00453 3.177 6.05768 3.8712 1.02153 23.2336
